<?xml version="1.0" encoding="UTF-8"?>
<testsuites name="First Test Suite" time="513.99" tests="36" failures="1" errors="0">
   <testsuite name="First Test Suite" tests="36" failures="1" errors="0" time="513.99" skipped="0" timestamp="2023-09-25 12:43:54" hostname="sachin.gajbhiye - ZIL591.mshome.net" id="Test Suites/First Test Suite">
      <properties>
         <property name="deviceName" value=""/>
         <property name="devicePlatform" value=""/>
         <property name="logFolder" value="C:\\Users\\sachin.gajbhiye\\git\\Katalon-Practice\\Reports\\20230925_124346\\First Test Suite\\20230925_124348"/>
         <property name="logFiles" value="C:\\Users\\sachin.gajbhiye\\git\\Katalon-Practice\\Reports\\20230925_124346\\First Test Suite\\20230925_124348\\execution0.log"/>
         <property name="attachments" value="C:\\Users\\sachin.gajbhiye\\git\\Katalon-Practice\\Reports\\20230925_124346\\First Test Suite\\20230925_124348\\1695626361029.png, C:\\Users\\sachin.gajbhiye\\git\\Katalon-Practice\\Reports\\20230925_124346\\First Test Suite\\20230925_124348\\1695626361284.png"/>
         <property name="hostName" value="sachin.gajbhiye - ZIL591.mshome.net"/>
         <property name="os" value="Windows 10 64bit"/>
         <property name="katalonVersion" value="8.6.8.208"/>
         <property name="browser" value="Chrome 116.0.0.0"/>
         <property name="hostAddress" value="172.19.128.1"/>
         <property name="sessionId" value="daf3b49481259f3ea0b052e30ec5dd2a"/>
         <property name="seleniumVersion" value="3.141.59"/>
         <property name="proxyInformation" value="ProxyInformation { proxyOption=NO_PROXY, proxyServerType=HTTP, username=, password=********, proxyServerAddress=, proxyServerPort=0, executionList=&quot;&quot;, isApplyToDesiredCapabilities=true }"/>
         <property name="platform" value="Windows 10"/>
      </properties>
      <testcase name="Test Cases/Part1/TestCase01" time="18.233" classname="Test Cases/Part1/TestCase01" status="PASSED">
         <system-out><![CDATA[2023-09-25 12:43:55 - [TEST_CASE][PASSED] - Test Cases/Part1/TestCase01: Test Cases/Part1/TestCase01

2023-09-25 12:43:56 - [TEST_STEP][PASSED] - openBrowser(""): Browser is opened with url: ''

2023-09-25 12:43:56 - [MESSAGE][INFO] - Starting 'Chrome' driver

2023-09-25 12:43:56 - [MESSAGE][INFO] - Action delay is set to 0 milliseconds

2023-09-25 12:44:00 - [MESSAGE][PASSED] - Browser is opened with url: ''

2023-09-25 12:44:00 - [TEST_STEP][PASSED] - navigateToUrl("https://www.google.com/"): Navigate to 'https://www.google.com/' successfully

2023-09-25 12:44:09 - [MESSAGE][PASSED] - Navigate to 'https://www.google.com/' successfully

2023-09-25 12:44:09 - [TEST_STEP][PASSED] - rightClick(findTestObject("Object Repository/Page_Google/img_Sign in_lnXdpd")): Object: 'Object Repository/Page_Google/img_Sign in_lnXdpd' is right clicked on

2023-09-25 12:44:09 - [MESSAGE][PASSED] - Object: 'Object Repository/Page_Google/img_Sign in_lnXdpd' is right clicked on

2023-09-25 12:44:09 - [TEST_STEP][PASSED] - click(findTestObject("Object Repository/Page_Google/button_Stay signed out")): Object: 'Object Repository/Page_Google/button_Stay signed out' is clicked on

2023-09-25 12:44:10 - [MESSAGE][PASSED] - Object: 'Object Repository/Page_Google/button_Stay signed out' is clicked on

2023-09-25 12:44:10 - [TEST_STEP][PASSED] - rightClick(findTestObject("Object Repository/Page_Google/input_Delete_btnK")): Object: 'Object Repository/Page_Google/input_Delete_btnK' is right clicked on

2023-09-25 12:44:11 - [MESSAGE][PASSED] - Object: 'Object Repository/Page_Google/input_Delete_btnK' is right clicked on

2023-09-25 12:44:11 - [TEST_STEP][PASSED] - verifyElementText(findTestObject("Object Repository/Page_Google/input_Delete_btnK"), ""): Actual text and expected text of test object 'Object Repository/Page_Google/input_Delete_btnK' are matched.

2023-09-25 12:44:11 - [MESSAGE][PASSED] - Actual text and expected text of test object 'Object Repository/Page_Google/input_Delete_btnK' are matched.

2023-09-25 12:44:11 - [TEST_STEP][PASSED] - setText(findTestObject("Object Repository/Page_Google/textarea__q"), "jnj"): Text 'jnj' is set on object 'Object Repository/Page_Google/textarea__q'

2023-09-25 12:44:12 - [MESSAGE][PASSED] - Text 'jnj' is set on object 'Object Repository/Page_Google/textarea__q'

2023-09-25 12:44:12 - [TEST_STEP][PASSED] - closeBrowser(): Browser is closed

2023-09-25 12:44:13 - [MESSAGE][PASSED] - Browser is closed]]></system-out>
         <system-err><![CDATA[]]></system-err>
      </testcase>
      <testcase name="Test Cases/Part1/TestCase02" time="77.318" classname="Test Cases/Part1/TestCase02" status="PASSED">
         <system-out><![CDATA[2023-09-25 12:44:13 - [TEST_CASE][PASSED] - Test Cases/Part1/TestCase02: Test Cases/Part1/TestCase02

2023-09-25 12:44:13 - [TEST_STEP][PASSED] - openBrowser(""): Browser is opened with url: ''

2023-09-25 12:44:14 - [MESSAGE][INFO] - Starting 'Chrome' driver

2023-09-25 12:44:14 - [MESSAGE][INFO] - Action delay is set to 0 milliseconds

2023-09-25 12:44:15 - [MESSAGE][PASSED] - Browser is opened with url: ''

2023-09-25 12:44:15 - [TEST_STEP][PASSED] - maximizeWindow(): Current window maximized

2023-09-25 12:44:15 - [MESSAGE][PASSED] - Current window maximized

2023-09-25 12:44:15 - [TEST_STEP][PASSED] - navigateToUrl("https://www.google.com/"): Navigate to 'https://www.google.com/' successfully

2023-09-25 12:44:23 - [MESSAGE][PASSED] - Navigate to 'https://www.google.com/' successfully

2023-09-25 12:44:23 - [TEST_STEP][PASSED] - rightClick(findTestObject("Object Repository/Page_Google/textarea__q")): Object: 'Object Repository/Page_Google/textarea__q' is right clicked on

2023-09-25 12:44:24 - [MESSAGE][PASSED] - Object: 'Object Repository/Page_Google/textarea__q' is right clicked on

2023-09-25 12:44:24 - [TEST_STEP][PASSED] - verifyElementPresent(findTestObject("Object Repository/Page_Google/textarea__q"), 0): Object 'Object Repository/Page_Google/textarea__q' is present

2023-09-25 12:44:24 - [MESSAGE][WARNING] - Timeout '0' is invalid. Using default page load timeout: '30'

2023-09-25 12:44:24 - [MESSAGE][PASSED] - Object 'Object Repository/Page_Google/textarea__q' is present

2023-09-25 12:44:24 - [TEST_STEP][PASSED] - setText(findTestObject("Object Repository/Page_Google/textarea__q"), "translator"): Text 'translator' is set on object 'Object Repository/Page_Google/textarea__q'

2023-09-25 12:44:25 - [MESSAGE][PASSED] - Text 'translator' is set on object 'Object Repository/Page_Google/textarea__q'

2023-09-25 12:44:25 - [TEST_STEP][PASSED] - sendKeys(findTestObject("Object Repository/Page_Google/textarea__q"), Keys.chord(ENTER)): Keys 'ENTER + ' sent to object: 'Object Repository/Page_Google/textarea__q'

2023-09-25 12:44:26 - [MESSAGE][PASSED] - Keys 'ENTER + ' sent to object: 'Object Repository/Page_Google/textarea__q'

2023-09-25 12:44:26 - [TEST_STEP][PASSED] - scrollToElement(findTestObject("Object Repository/Page_translator - Google Search/h3_Google Translate"), 0): Scroll to object 'Object Repository/Page_translator - Google Search/h3_Google Translate' successfully

2023-09-25 12:44:26 - [MESSAGE][WARNING] - Timeout '0' is invalid. Using default page load timeout: '30'

2023-09-25 12:44:58 - [MESSAGE][INFO] - Unable to find the element located by 'By.xpath: //div[@id='rso']/div[2]/div/div/div/div/div/div/div/div/div/span/a/h3'. Please recheck the objects properties to make sure the desired element is located. 

2023-09-25 12:44:58 - [MESSAGE][WARNING] - [SELF-HEALING] Failed to find element with id 'Object Repository/Page_translator - Google Search/h3_Google Translate'. Try using Self-healing.

2023-09-25 12:44:58 - [MESSAGE][WARNING] - [SELF-HEALING] The current locator of test object 'Object Repository/Page_translator - Google Search/h3_Google Translate' was broken. Propose an alternative one: '(.//*[normalize-space(text()) and normalize-space(.)='Web result with site links'])[1]/following::h3[1]'.

2023-09-25 12:44:58 - [MESSAGE][PASSED] - Scroll to object 'Object Repository/Page_translator - Google Search/h3_Google Translate' successfully

2023-09-25 12:44:58 - [TEST_STEP][PASSED] - verifyElementVisible(findTestObject("Object Repository/Page_translator - Google Search/h3_Google Translate")): Object 'Object Repository/Page_translator - Google Search/h3_Google Translate' is visible

2023-09-25 12:45:29 - [MESSAGE][INFO] - Unable to find the element located by 'By.xpath: //div[@id='rso']/div[2]/div/div/div/div/div/div/div/div/div/span/a/h3'. Please recheck the objects properties to make sure the desired element is located. 

2023-09-25 12:45:29 - [MESSAGE][WARNING] - [SELF-HEALING] Failed to find element with id 'Object Repository/Page_translator - Google Search/h3_Google Translate'. Try using Self-healing.

2023-09-25 12:45:30 - [MESSAGE][WARNING] - [SELF-HEALING] The current locator of test object 'Object Repository/Page_translator - Google Search/h3_Google Translate' was broken. Propose an alternative one: '(.//*[normalize-space(text()) and normalize-space(.)='Web result with site links'])[1]/following::h3[1]'.

2023-09-25 12:45:30 - [MESSAGE][PASSED] - Object 'Object Repository/Page_translator - Google Search/h3_Google Translate' is visible

2023-09-25 12:45:30 - [TEST_STEP][PASSED] - closeBrowser(): Browser is closed

2023-09-25 12:45:30 - [MESSAGE][PASSED] - Browser is closed]]></system-out>
         <system-err><![CDATA[]]></system-err>
      </testcase>
      <testcase name="Test Cases/Part1/TestCase03" time="21.605" classname="Test Cases/Part1/TestCase03" status="PASSED">
         <system-out><![CDATA[2023-09-25 12:45:30 - [TEST_CASE][PASSED] - Test Cases/Part1/TestCase03: Test Cases/Part1/TestCase03

2023-09-25 12:45:31 - [TEST_STEP][PASSED] - openBrowser(""): Browser is opened with url: ''

2023-09-25 12:45:31 - [MESSAGE][INFO] - Starting 'Chrome' driver

2023-09-25 12:45:31 - [MESSAGE][INFO] - Action delay is set to 0 milliseconds

2023-09-25 12:45:32 - [MESSAGE][PASSED] - Browser is opened with url: ''

2023-09-25 12:45:32 - [TEST_STEP][PASSED] - maximizeWindow(): Current window maximized

2023-09-25 12:45:32 - [MESSAGE][PASSED] - Current window maximized

2023-09-25 12:45:32 - [TEST_STEP][PASSED] - navigateToUrl("https://www.google.com/"): Navigate to 'https://www.google.com/' successfully

2023-09-25 12:45:38 - [MESSAGE][PASSED] - Navigate to 'https://www.google.com/' successfully

2023-09-25 12:45:38 - [TEST_STEP][PASSED] - setText(findTestObject("Object Repository/Page_Google/textarea__q"), "www.gmail.com"): Text 'www.gmail.com' is set on object 'Object Repository/Page_Google/textarea__q'

2023-09-25 12:45:39 - [MESSAGE][PASSED] - Text 'www.gmail.com' is set on object 'Object Repository/Page_Google/textarea__q'

2023-09-25 12:45:39 - [TEST_STEP][PASSED] - sendKeys(findTestObject("Object Repository/Page_Google/textarea__q"), Keys.chord(ENTER)): Keys 'ENTER + ' sent to object: 'Object Repository/Page_Google/textarea__q'

2023-09-25 12:45:40 - [MESSAGE][PASSED] - Keys 'ENTER + ' sent to object: 'Object Repository/Page_Google/textarea__q'

2023-09-25 12:45:40 - [TEST_STEP][PASSED] - click(findTestObject("Object Repository/Page_www.gmail.com - Google Search/h3_Email - Gmail - Google")): Object: 'Object Repository/Page_www.gmail.com - Google Search/h3_Email - Gmail - Google' is clicked on

2023-09-25 12:45:50 - [MESSAGE][PASSED] - Object: 'Object Repository/Page_www.gmail.com - Google Search/h3_Email - Gmail - Google' is clicked on

2023-09-25 12:45:50 - [TEST_STEP][PASSED] - verifyElementVisible(findTestObject("Object Repository/Page_Gmail Private and secure email at no c_d3ebd8/span_Create an account")): Object 'Object Repository/Page_Gmail Private and secure email at no c_d3ebd8/span_Create an account' is visible

2023-09-25 12:45:51 - [MESSAGE][PASSED] - Object 'Object Repository/Page_Gmail Private and secure email at no c_d3ebd8/span_Create an account' is visible

2023-09-25 12:45:51 - [TEST_STEP][PASSED] - closeBrowser(): Browser is closed

2023-09-25 12:45:52 - [MESSAGE][PASSED] - Browser is closed]]></system-out>
         <system-err><![CDATA[]]></system-err>
      </testcase>
      <testcase name="Test Cases/Part1/TestCase04" time="43.166" classname="Test Cases/Part1/TestCase04" status="PASSED">
         <system-out><![CDATA[2023-09-25 12:45:52 - [TEST_CASE][PASSED] - Test Cases/Part1/TestCase04: Test Cases/Part1/TestCase04

2023-09-25 12:45:52 - [TEST_STEP][PASSED] - openBrowser(""): Browser is opened with url: ''

2023-09-25 12:45:52 - [MESSAGE][INFO] - Starting 'Chrome' driver

2023-09-25 12:45:52 - [MESSAGE][INFO] - Action delay is set to 0 milliseconds

2023-09-25 12:45:54 - [MESSAGE][PASSED] - Browser is opened with url: ''

2023-09-25 12:45:54 - [TEST_STEP][PASSED] - navigateToUrl("https://www.google.com/"): Navigate to 'https://www.google.com/' successfully

2023-09-25 12:45:59 - [MESSAGE][PASSED] - Navigate to 'https://www.google.com/' successfully

2023-09-25 12:45:59 - [TEST_STEP][PASSED] - setText(findTestObject("Object Repository/Page_Google/textarea__q"), "facebook.com"): Text 'facebook.com' is set on object 'Object Repository/Page_Google/textarea__q'

2023-09-25 12:46:00 - [MESSAGE][PASSED] - Text 'facebook.com' is set on object 'Object Repository/Page_Google/textarea__q'

2023-09-25 12:46:00 - [TEST_STEP][PASSED] - sendKeys(findTestObject("Page_Google/textarea__q"), Keys.chord(ENTER)): Keys 'ENTER + ' sent to object: 'Object Repository/Page_Google/textarea__q'

2023-09-25 12:46:01 - [MESSAGE][PASSED] - Keys 'ENTER + ' sent to object: 'Object Repository/Page_Google/textarea__q'

2023-09-25 12:46:01 - [TEST_STEP][PASSED] - click(findTestObject("Object Repository/Page_facebook.com - Google Search/h3_Facebook - log in or sign up")): Object: 'Object Repository/Page_facebook.com - Google Search/h3_Facebook - log in or sign up' is clicked on

2023-09-25 12:46:33 - [MESSAGE][INFO] - Unable to find the element located by 'By.xpath: //div[@id='rso']/div/div/div/div/div/div/div/div/div/div/span/a/h3'. Please recheck the objects properties to make sure the desired element is located. 

2023-09-25 12:46:33 - [MESSAGE][WARNING] - [SELF-HEALING] Failed to find element with id 'Object Repository/Page_facebook.com - Google Search/h3_Facebook - log in or sign up'. Try using Self-healing.

2023-09-25 12:46:33 - [MESSAGE][WARNING] - [SELF-HEALING] The current locator of test object 'Object Repository/Page_facebook.com - Google Search/h3_Facebook - log in or sign up' was broken. Propose an alternative one: '(.//*[normalize-space(text()) and normalize-space(.)='Web result with site links'])[1]/following::h3[1]'.

2023-09-25 12:46:34 - [MESSAGE][PASSED] - Object: 'Object Repository/Page_facebook.com - Google Search/h3_Facebook - log in or sign up' is clicked on

2023-09-25 12:46:34 - [TEST_STEP][PASSED] - closeBrowser(): Browser is closed

2023-09-25 12:46:35 - [MESSAGE][PASSED] - Browser is closed]]></system-out>
         <system-err><![CDATA[]]></system-err>
      </testcase>
      <testcase name="Test Cases/Part1/TestCase05" time="28.921" classname="Test Cases/Part1/TestCase05" status="PASSED">
         <system-out><![CDATA[2023-09-25 12:46:35 - [TEST_CASE][PASSED] - Test Cases/Part1/TestCase05: Test Cases/Part1/TestCase05

2023-09-25 12:46:36 - [TEST_STEP][PASSED] - openBrowser(""): Browser is opened with url: ''

2023-09-25 12:46:36 - [MESSAGE][INFO] - Starting 'Chrome' driver

2023-09-25 12:46:36 - [MESSAGE][INFO] - Action delay is set to 0 milliseconds

2023-09-25 12:46:37 - [MESSAGE][PASSED] - Browser is opened with url: ''

2023-09-25 12:46:37 - [TEST_STEP][PASSED] - maximizeWindow(): Current window maximized

2023-09-25 12:46:37 - [MESSAGE][PASSED] - Current window maximized

2023-09-25 12:46:37 - [TEST_STEP][PASSED] - navigateToUrl("https://www.google.com/"): Navigate to 'https://www.google.com/' successfully

2023-09-25 12:46:45 - [MESSAGE][PASSED] - Navigate to 'https://www.google.com/' successfully

2023-09-25 12:46:45 - [TEST_STEP][PASSED] - setText(findTestObject("Object Repository/Page_Google/textarea__q"), "hackerrank"): Text 'hackerrank' is set on object 'Object Repository/Page_Google/textarea__q'

2023-09-25 12:46:46 - [MESSAGE][PASSED] - Text 'hackerrank' is set on object 'Object Repository/Page_Google/textarea__q'

2023-09-25 12:46:46 - [TEST_STEP][PASSED] - sendKeys(findTestObject("Page_Google/textarea__q"), Keys.chord(ENTER)): Keys 'ENTER + ' sent to object: 'Object Repository/Page_Google/textarea__q'

2023-09-25 12:46:47 - [MESSAGE][PASSED] - Keys 'ENTER + ' sent to object: 'Object Repository/Page_Google/textarea__q'

2023-09-25 12:46:47 - [TEST_STEP][PASSED] - click(findTestObject("Object Repository/Page_hackerrank - Google Search/h3_HackerRank - Online Coding Tests and Tec_2dee1e")): Object: 'Object Repository/Page_hackerrank - Google Search/h3_HackerRank - Online Coding Tests and Tec_2dee1e' is clicked on

2023-09-25 12:47:01 - [MESSAGE][PASSED] - Object: 'Object Repository/Page_hackerrank - Google Search/h3_HackerRank - Online Coding Tests and Tec_2dee1e' is clicked on

2023-09-25 12:47:01 - [TEST_STEP][PASSED] - rightClick(findTestObject("Object Repository/Page_HackerRank - Online Coding Tests and T_423249/a_Sign up")): Object: 'Object Repository/Page_HackerRank - Online Coding Tests and T_423249/a_Sign up' is right clicked on

2023-09-25 12:47:03 - [MESSAGE][PASSED] - Object: 'Object Repository/Page_HackerRank - Online Coding Tests and T_423249/a_Sign up' is right clicked on

2023-09-25 12:47:03 - [TEST_STEP][PASSED] - verifyElementVisible(findTestObject("Object Repository/Page_HackerRank - Online Coding Tests and T_423249/a_Sign up")): Object 'Object Repository/Page_HackerRank - Online Coding Tests and T_423249/a_Sign up' is visible

2023-09-25 12:47:03 - [MESSAGE][PASSED] - Object 'Object Repository/Page_HackerRank - Online Coding Tests and T_423249/a_Sign up' is visible

2023-09-25 12:47:03 - [TEST_STEP][PASSED] - closeBrowser(): Browser is closed

2023-09-25 12:47:04 - [MESSAGE][PASSED] - Browser is closed]]></system-out>
         <system-err><![CDATA[]]></system-err>
      </testcase>
      <testcase name="Test Cases/Part1/TestCase06" time="37.549" classname="Test Cases/Part1/TestCase06" status="PASSED">
         <system-out><![CDATA[2023-09-25 12:47:04 - [TEST_CASE][PASSED] - Test Cases/Part1/TestCase06: Test Cases/Part1/TestCase06

2023-09-25 12:47:05 - [TEST_STEP][PASSED] - openBrowser(""): Browser is opened with url: ''

2023-09-25 12:47:05 - [MESSAGE][INFO] - Starting 'Chrome' driver

2023-09-25 12:47:05 - [MESSAGE][INFO] - Action delay is set to 0 milliseconds

2023-09-25 12:47:06 - [MESSAGE][PASSED] - Browser is opened with url: ''

2023-09-25 12:47:06 - [TEST_STEP][PASSED] - maximizeWindow(): Current window maximized

2023-09-25 12:47:06 - [MESSAGE][PASSED] - Current window maximized

2023-09-25 12:47:06 - [TEST_STEP][PASSED] - navigateToUrl("https://www.google.com/"): Navigate to 'https://www.google.com/' successfully

2023-09-25 12:47:14 - [MESSAGE][PASSED] - Navigate to 'https://www.google.com/' successfully

2023-09-25 12:47:14 - [TEST_STEP][PASSED] - setText(findTestObject("Object Repository/Page_Google/textarea__q"), "katalon"): Text 'katalon' is set on object 'Object Repository/Page_Google/textarea__q'

2023-09-25 12:47:15 - [MESSAGE][PASSED] - Text 'katalon' is set on object 'Object Repository/Page_Google/textarea__q'

2023-09-25 12:47:15 - [TEST_STEP][PASSED] - sendKeys(findTestObject("Page_Google/textarea__q"), Keys.chord(ENTER)): Keys 'ENTER + ' sent to object: 'Object Repository/Page_Google/textarea__q'

2023-09-25 12:47:16 - [MESSAGE][PASSED] - Keys 'ENTER + ' sent to object: 'Object Repository/Page_Google/textarea__q'

2023-09-25 12:47:16 - [TEST_STEP][PASSED] - click(findTestObject("Object Repository/Page_katalon - Google Search/span_Katalon Studio - 1 Software Testing Tool")): Object: 'Object Repository/Page_katalon - Google Search/span_Katalon Studio - 1 Software Testing Tool' is clicked on

2023-09-25 12:47:39 - [MESSAGE][PASSED] - Object: 'Object Repository/Page_katalon - Google Search/span_Katalon Studio - 1 Software Testing Tool' is clicked on

2023-09-25 12:47:39 - [TEST_STEP][PASSED] - click(findTestObject("Object Repository/Page_Katalon AI-augmented Software Quality _596167/button_Accept All Cookies")): Object: 'Object Repository/Page_Katalon AI-augmented Software Quality _596167/button_Accept All Cookies' is clicked on

2023-09-25 12:47:40 - [MESSAGE][PASSED] - Object: 'Object Repository/Page_Katalon AI-augmented Software Quality _596167/button_Accept All Cookies' is clicked on

2023-09-25 12:47:40 - [TEST_STEP][PASSED] - verifyElementPresent(findTestObject("Object Repository/Page_Katalon AI-augmented Software Quality _596167/a_Start free trial"), 0): Object 'Object Repository/Page_Katalon AI-augmented Software Quality _596167/a_Start free trial' is present

2023-09-25 12:47:40 - [MESSAGE][WARNING] - Timeout '0' is invalid. Using default page load timeout: '30'

2023-09-25 12:47:41 - [MESSAGE][PASSED] - Object 'Object Repository/Page_Katalon AI-augmented Software Quality _596167/a_Start free trial' is present

2023-09-25 12:47:41 - [TEST_STEP][PASSED] - closeBrowser(): Browser is closed

2023-09-25 12:47:42 - [MESSAGE][PASSED] - Browser is closed]]></system-out>
         <system-err><![CDATA[]]></system-err>
      </testcase>
      <testcase name="Test Cases/Part1/TestCase07" time="12.475" classname="Test Cases/Part1/TestCase07" status="PASSED">
         <system-out><![CDATA[2023-09-25 12:47:42 - [TEST_CASE][PASSED] - Test Cases/Part1/TestCase07: Test Cases/Part1/TestCase07

2023-09-25 12:47:42 - [TEST_STEP][PASSED] - openBrowser(""): Browser is opened with url: ''

2023-09-25 12:47:42 - [MESSAGE][INFO] - Starting 'Chrome' driver

2023-09-25 12:47:42 - [MESSAGE][INFO] - Action delay is set to 0 milliseconds

2023-09-25 12:47:44 - [MESSAGE][PASSED] - Browser is opened with url: ''

2023-09-25 12:47:44 - [TEST_STEP][PASSED] - maximizeWindow(): Current window maximized

2023-09-25 12:47:44 - [MESSAGE][PASSED] - Current window maximized

2023-09-25 12:47:44 - [TEST_STEP][PASSED] - navigateToUrl("https://www.google.com/"): Navigate to 'https://www.google.com/' successfully

2023-09-25 12:47:51 - [MESSAGE][PASSED] - Navigate to 'https://www.google.com/' successfully

2023-09-25 12:47:51 - [TEST_STEP][PASSED] - setText(findTestObject("Object Repository/Page_Google/textarea__q"), "eulers"): Text 'eulers' is set on object 'Object Repository/Page_Google/textarea__q'

2023-09-25 12:47:52 - [MESSAGE][PASSED] - Text 'eulers' is set on object 'Object Repository/Page_Google/textarea__q'

2023-09-25 12:47:52 - [TEST_STEP][PASSED] - sendKeys(findTestObject("Page_Google/textarea__q"), Keys.chord(ENTER)): Keys 'ENTER + ' sent to object: 'Object Repository/Page_Google/textarea__q'

2023-09-25 12:47:53 - [MESSAGE][PASSED] - Keys 'ENTER + ' sent to object: 'Object Repository/Page_Google/textarea__q'

2023-09-25 12:47:53 - [TEST_STEP][PASSED] - closeBrowser(): Browser is closed

2023-09-25 12:47:54 - [MESSAGE][PASSED] - Browser is closed]]></system-out>
         <system-err><![CDATA[]]></system-err>
      </testcase>
      <testcase name="Test Cases/Part1/TestCase08" time="7.566" classname="Test Cases/Part1/TestCase08" status="PASSED">
         <system-out><![CDATA[2023-09-25 12:47:54 - [TEST_CASE][PASSED] - Test Cases/Part1/TestCase08: Test Cases/Part1/TestCase08

2023-09-25 12:47:55 - [TEST_STEP][PASSED] - openBrowser(""): Browser is opened with url: ''

2023-09-25 12:47:55 - [MESSAGE][INFO] - Starting 'Chrome' driver

2023-09-25 12:47:55 - [MESSAGE][INFO] - Action delay is set to 0 milliseconds

2023-09-25 12:47:56 - [MESSAGE][PASSED] - Browser is opened with url: ''

2023-09-25 12:47:56 - [TEST_STEP][PASSED] - maximizeWindow(): Current window maximized

2023-09-25 12:47:56 - [MESSAGE][PASSED] - Current window maximized

2023-09-25 12:47:56 - [TEST_STEP][PASSED] - navigateToUrl("https://projecteuler.net/"): Navigate to 'https://projecteuler.net/' successfully

2023-09-25 12:47:57 - [MESSAGE][PASSED] - Navigate to 'https://projecteuler.net/' successfully

2023-09-25 12:47:57 - [TEST_STEP][PASSED] - click(findTestObject("Object Repository/Page_About - Project Euler/a_Sign In")): Object: 'Object Repository/Page_About - Project Euler/a_Sign In' is clicked on

2023-09-25 12:48:00 - [MESSAGE][PASSED] - Object: 'Object Repository/Page_About - Project Euler/a_Sign In' is clicked on

2023-09-25 12:48:00 - [TEST_STEP][PASSED] - verifyElementVisible(findTestObject("Object Repository/Page_Sign In - Project Euler/input_Remember Me_sign_in")): Object 'Object Repository/Page_Sign In - Project Euler/input_Remember Me_sign_in' is visible

2023-09-25 12:48:01 - [MESSAGE][PASSED] - Object 'Object Repository/Page_Sign In - Project Euler/input_Remember Me_sign_in' is visible

2023-09-25 12:48:01 - [TEST_STEP][PASSED] - closeBrowser(): Browser is closed

2023-09-25 12:48:02 - [MESSAGE][PASSED] - Browser is closed]]></system-out>
         <system-err><![CDATA[]]></system-err>
      </testcase>
      <testcase name="Test Cases/Part1/TestCase09" time="5.843" classname="Test Cases/Part1/TestCase09" status="PASSED">
         <system-out><![CDATA[2023-09-25 12:48:02 - [TEST_CASE][PASSED] - Test Cases/Part1/TestCase09: Test Cases/Part1/TestCase09

2023-09-25 12:48:02 - [TEST_STEP][PASSED] - openBrowser(""): Browser is opened with url: ''

2023-09-25 12:48:02 - [MESSAGE][INFO] - Starting 'Chrome' driver

2023-09-25 12:48:02 - [MESSAGE][INFO] - Action delay is set to 0 milliseconds

2023-09-25 12:48:04 - [MESSAGE][PASSED] - Browser is opened with url: ''

2023-09-25 12:48:04 - [TEST_STEP][PASSED] - maximizeWindow(): Current window maximized

2023-09-25 12:48:04 - [MESSAGE][PASSED] - Current window maximized

2023-09-25 12:48:04 - [TEST_STEP][PASSED] - navigateToUrl("https://www.wikipedia.org/"): Navigate to 'https://www.wikipedia.org/' successfully

2023-09-25 12:48:05 - [MESSAGE][PASSED] - Navigate to 'https://www.wikipedia.org/' successfully

2023-09-25 12:48:05 - [TEST_STEP][PASSED] - rightClick(findTestObject("Object Repository/Page_Wikipedia/input_Search Wikipedia_search")): Object: 'Object Repository/Page_Wikipedia/input_Search Wikipedia_search' is right clicked on

2023-09-25 12:48:06 - [MESSAGE][PASSED] - Object: 'Object Repository/Page_Wikipedia/input_Search Wikipedia_search' is right clicked on

2023-09-25 12:48:06 - [TEST_STEP][PASSED] - verifyElementVisible(findTestObject("Object Repository/Page_Wikipedia/input_Search Wikipedia_search")): Object 'Object Repository/Page_Wikipedia/input_Search Wikipedia_search' is visible

2023-09-25 12:48:07 - [MESSAGE][PASSED] - Object 'Object Repository/Page_Wikipedia/input_Search Wikipedia_search' is visible

2023-09-25 12:48:07 - [TEST_STEP][PASSED] - closeBrowser(): Browser is closed

2023-09-25 12:48:08 - [MESSAGE][PASSED] - Browser is closed]]></system-out>
         <system-err><![CDATA[]]></system-err>
      </testcase>
      <testcase name="Test Cases/Part1/TestCase10" time="9.24" classname="Test Cases/Part1/TestCase10" status="PASSED">
         <system-out><![CDATA[2023-09-25 12:48:08 - [TEST_CASE][PASSED] - Test Cases/Part1/TestCase10: Test Cases/Part1/TestCase10

2023-09-25 12:48:08 - [TEST_STEP][PASSED] - openBrowser(""): Browser is opened with url: ''

2023-09-25 12:48:08 - [MESSAGE][INFO] - Starting 'Chrome' driver

2023-09-25 12:48:08 - [MESSAGE][INFO] - Action delay is set to 0 milliseconds

2023-09-25 12:48:09 - [MESSAGE][PASSED] - Browser is opened with url: ''

2023-09-25 12:48:09 - [TEST_STEP][PASSED] - maximizeWindow(): Current window maximized

2023-09-25 12:48:09 - [MESSAGE][PASSED] - Current window maximized

2023-09-25 12:48:09 - [TEST_STEP][PASSED] - navigateToUrl("https://www.wikipedia.org/"): Navigate to 'https://www.wikipedia.org/' successfully

2023-09-25 12:48:11 - [MESSAGE][PASSED] - Navigate to 'https://www.wikipedia.org/' successfully

2023-09-25 12:48:11 - [TEST_STEP][PASSED] - click(findTestObject("Object Repository/Page_Wikipedia/strong_English")): Object: 'Object Repository/Page_Wikipedia/strong_English' is clicked on

2023-09-25 12:48:15 - [MESSAGE][PASSED] - Object: 'Object Repository/Page_Wikipedia/strong_English' is clicked on

2023-09-25 12:48:15 - [TEST_STEP][PASSED] - scrollToElement(findTestObject("Object Repository/Page_Wikipedia, the free encyclopedia/a_Wikipedia"), 0): Scroll to object 'Object Repository/Page_Wikipedia, the free encyclopedia/a_Wikipedia' successfully

2023-09-25 12:48:15 - [MESSAGE][WARNING] - Timeout '0' is invalid. Using default page load timeout: '30'

2023-09-25 12:48:16 - [MESSAGE][PASSED] - Scroll to object 'Object Repository/Page_Wikipedia, the free encyclopedia/a_Wikipedia' successfully

2023-09-25 12:48:16 - [TEST_STEP][PASSED] - verifyElementPresent(findTestObject("Object Repository/Page_Wikipedia, the free encyclopedia/a_Wikipedia"), 0): Object 'Object Repository/Page_Wikipedia, the free encyclopedia/a_Wikipedia' is present

2023-09-25 12:48:16 - [MESSAGE][WARNING] - Timeout '0' is invalid. Using default page load timeout: '30'

2023-09-25 12:48:16 - [MESSAGE][PASSED] - Object 'Object Repository/Page_Wikipedia, the free encyclopedia/a_Wikipedia' is present

2023-09-25 12:48:16 - [TEST_STEP][PASSED] - closeBrowser(): Browser is closed

2023-09-25 12:48:17 - [MESSAGE][PASSED] - Browser is closed]]></system-out>
         <system-err><![CDATA[]]></system-err>
      </testcase>
      <testcase name="Test Cases/Part2/TestCase11" time="6.729" classname="Test Cases/Part2/TestCase11" status="PASSED">
         <system-out><![CDATA[2023-09-25 12:48:17 - [TEST_CASE][PASSED] - Test Cases/Part2/TestCase11: Test Cases/Part2/TestCase11

2023-09-25 12:48:17 - [TEST_STEP][PASSED] - openBrowser(""): Browser is opened with url: ''

2023-09-25 12:48:17 - [MESSAGE][INFO] - Starting 'Chrome' driver

2023-09-25 12:48:17 - [MESSAGE][INFO] - Action delay is set to 0 milliseconds

2023-09-25 12:48:19 - [MESSAGE][PASSED] - Browser is opened with url: ''

2023-09-25 12:48:19 - [TEST_STEP][PASSED] - maximizeWindow(): Current window maximized

2023-09-25 12:48:19 - [MESSAGE][PASSED] - Current window maximized

2023-09-25 12:48:19 - [TEST_STEP][PASSED] - navigateToUrl("https://github.com/"): Navigate to 'https://github.com/' successfully

2023-09-25 12:48:21 - [MESSAGE][PASSED] - Navigate to 'https://github.com/' successfully

2023-09-25 12:48:21 - [TEST_STEP][PASSED] - verifyElementVisible(findTestObject("Object Repository/Page_GitHub Lets build from here  GitHub/a_Sign in")): Object 'Object Repository/Page_GitHub Lets build from here  GitHub/a_Sign in' is visible

2023-09-25 12:48:23 - [MESSAGE][PASSED] - Object 'Object Repository/Page_GitHub Lets build from here  GitHub/a_Sign in' is visible

2023-09-25 12:48:23 - [TEST_STEP][PASSED] - closeBrowser(): Browser is closed

2023-09-25 12:48:24 - [MESSAGE][PASSED] - Browser is closed]]></system-out>
         <system-err><![CDATA[]]></system-err>
      </testcase>
      <testcase name="Test Cases/Part2/TestCase12" time="6.74" classname="Test Cases/Part2/TestCase12" status="PASSED">
         <system-out><![CDATA[2023-09-25 12:48:24 - [TEST_CASE][PASSED] - Test Cases/Part2/TestCase12: Test Cases/Part2/TestCase12

2023-09-25 12:48:24 - [TEST_STEP][PASSED] - openBrowser(""): Browser is opened with url: ''

2023-09-25 12:48:24 - [MESSAGE][INFO] - Starting 'Chrome' driver

2023-09-25 12:48:24 - [MESSAGE][INFO] - Action delay is set to 0 milliseconds

2023-09-25 12:48:25 - [MESSAGE][PASSED] - Browser is opened with url: ''

2023-09-25 12:48:25 - [TEST_STEP][PASSED] - maximizeWindow(): Current window maximized

2023-09-25 12:48:25 - [MESSAGE][PASSED] - Current window maximized

2023-09-25 12:48:25 - [TEST_STEP][PASSED] - navigateToUrl("https://github.com/"): Navigate to 'https://github.com/' successfully

2023-09-25 12:48:29 - [MESSAGE][PASSED] - Navigate to 'https://github.com/' successfully

2023-09-25 12:48:29 - [TEST_STEP][PASSED] - verifyElementVisible(findTestObject("Object Repository/Page_GitHub Lets build from here  GitHub/a_Sign up")): Object 'Object Repository/Page_GitHub Lets build from here  GitHub/a_Sign up' is visible

2023-09-25 12:48:29 - [MESSAGE][PASSED] - Object 'Object Repository/Page_GitHub Lets build from here  GitHub/a_Sign up' is visible

2023-09-25 12:48:29 - [TEST_STEP][PASSED] - closeBrowser(): Browser is closed

2023-09-25 12:48:30 - [MESSAGE][PASSED] - Browser is closed]]></system-out>
         <system-err><![CDATA[]]></system-err>
      </testcase>
      <testcase name="Test Cases/Part2/TestCase13" time="8.057" classname="Test Cases/Part2/TestCase13" status="PASSED">
         <system-out><![CDATA[2023-09-25 12:48:30 - [TEST_CASE][PASSED] - Test Cases/Part2/TestCase13: Test Cases/Part2/TestCase13

2023-09-25 12:48:31 - [TEST_STEP][PASSED] - openBrowser(""): Browser is opened with url: ''

2023-09-25 12:48:31 - [MESSAGE][INFO] - Starting 'Chrome' driver

2023-09-25 12:48:31 - [MESSAGE][INFO] - Action delay is set to 0 milliseconds

2023-09-25 12:48:32 - [MESSAGE][PASSED] - Browser is opened with url: ''

2023-09-25 12:48:32 - [TEST_STEP][PASSED] - maximizeWindow(): Current window maximized

2023-09-25 12:48:32 - [MESSAGE][PASSED] - Current window maximized

2023-09-25 12:48:32 - [TEST_STEP][PASSED] - navigateToUrl("https://github.com/"): Navigate to 'https://github.com/' successfully

2023-09-25 12:48:35 - [MESSAGE][PASSED] - Navigate to 'https://github.com/' successfully

2023-09-25 12:48:35 - [TEST_STEP][PASSED] - click(findTestObject("Object Repository/Page_GitHub Lets build from here  GitHub/span_Search or jump to")): Object: 'Object Repository/Page_GitHub Lets build from here  GitHub/span_Search or jump to' is clicked on

2023-09-25 12:48:36 - [MESSAGE][PASSED] - Object: 'Object Repository/Page_GitHub Lets build from here  GitHub/span_Search or jump to' is clicked on

2023-09-25 12:48:36 - [TEST_STEP][PASSED] - setText(findTestObject("Object Repository/Page_GitHub Lets build from here  GitHub/input_Search_query-builder-test"), "awesome"): Text 'awesome' is set on object 'Object Repository/Page_GitHub Lets build from here  GitHub/input_Search_query-builder-test'

2023-09-25 12:48:37 - [MESSAGE][PASSED] - Text 'awesome' is set on object 'Object Repository/Page_GitHub Lets build from here  GitHub/input_Search_query-builder-test'

2023-09-25 12:48:37 - [TEST_STEP][PASSED] - closeBrowser(): Browser is closed

2023-09-25 12:48:38 - [MESSAGE][PASSED] - Browser is closed]]></system-out>
         <system-err><![CDATA[]]></system-err>
      </testcase>
      <testcase name="Test Cases/Part2/TestCase14" time="8.353" classname="Test Cases/Part2/TestCase14" status="PASSED">
         <system-out><![CDATA[2023-09-25 12:48:38 - [TEST_CASE][PASSED] - Test Cases/Part2/TestCase14: Test Cases/Part2/TestCase14

2023-09-25 12:48:39 - [TEST_STEP][PASSED] - openBrowser(""): Browser is opened with url: ''

2023-09-25 12:48:39 - [MESSAGE][INFO] - Starting 'Chrome' driver

2023-09-25 12:48:39 - [MESSAGE][INFO] - Action delay is set to 0 milliseconds

2023-09-25 12:48:40 - [MESSAGE][PASSED] - Browser is opened with url: ''

2023-09-25 12:48:40 - [TEST_STEP][PASSED] - maximizeWindow(): Current window maximized

2023-09-25 12:48:40 - [MESSAGE][PASSED] - Current window maximized

2023-09-25 12:48:40 - [TEST_STEP][PASSED] - navigateToUrl("https://github.com/"): Navigate to 'https://github.com/' successfully

2023-09-25 12:48:42 - [MESSAGE][PASSED] - Navigate to 'https://github.com/' successfully

2023-09-25 12:48:42 - [TEST_STEP][PASSED] - click(findTestObject("Object Repository/Page_GitHub Lets build from here  GitHub/a_Sign in")): Object: 'Object Repository/Page_GitHub Lets build from here  GitHub/a_Sign in' is clicked on

2023-09-25 12:48:44 - [MESSAGE][PASSED] - Object: 'Object Repository/Page_GitHub Lets build from here  GitHub/a_Sign in' is clicked on

2023-09-25 12:48:44 - [TEST_STEP][PASSED] - verifyElementText(findTestObject("Object Repository/Page_Sign in to GitHub  GitHub/h1_Sign in to GitHub"), "Sign in to GitHub"): Actual text and expected text of test object 'Object Repository/Page_Sign in to GitHub  GitHub/h1_Sign in to GitHub' are matched.

2023-09-25 12:48:46 - [MESSAGE][PASSED] - Actual text and expected text of test object 'Object Repository/Page_Sign in to GitHub  GitHub/h1_Sign in to GitHub' are matched.

2023-09-25 12:48:46 - [TEST_STEP][PASSED] - closeBrowser(): Browser is closed

2023-09-25 12:48:47 - [MESSAGE][PASSED] - Browser is closed]]></system-out>
         <system-err><![CDATA[]]></system-err>
      </testcase>
      <testcase name="Test Cases/Part2/TestCase15" time="12.638" classname="Test Cases/Part2/TestCase15" status="PASSED">
         <system-out><![CDATA[2023-09-25 12:48:47 - [TEST_CASE][PASSED] - Test Cases/Part2/TestCase15: Test Cases/Part2/TestCase15

2023-09-25 12:48:47 - [TEST_STEP][PASSED] - openBrowser(""): Browser is opened with url: ''

2023-09-25 12:48:47 - [MESSAGE][INFO] - Starting 'Chrome' driver

2023-09-25 12:48:47 - [MESSAGE][INFO] - Action delay is set to 0 milliseconds

2023-09-25 12:48:48 - [MESSAGE][PASSED] - Browser is opened with url: ''

2023-09-25 12:48:48 - [TEST_STEP][PASSED] - maximizeWindow(): Current window maximized

2023-09-25 12:48:49 - [MESSAGE][PASSED] - Current window maximized

2023-09-25 12:48:49 - [TEST_STEP][PASSED] - navigateToUrl("https://github.com/"): Navigate to 'https://github.com/' successfully

2023-09-25 12:48:51 - [MESSAGE][PASSED] - Navigate to 'https://github.com/' successfully

2023-09-25 12:48:51 - [TEST_STEP][PASSED] - click(findTestObject("Object Repository/Page_GitHub Lets build from here  GitHub/a_Sign up")): Object: 'Object Repository/Page_GitHub Lets build from here  GitHub/a_Sign up' is clicked on

2023-09-25 12:48:53 - [MESSAGE][PASSED] - Object: 'Object Repository/Page_GitHub Lets build from here  GitHub/a_Sign up' is clicked on

2023-09-25 12:48:53 - [TEST_STEP][PASSED] - setText(findTestObject("Object Repository/Page_Join GitHub  GitHub/input_Enter your email_useremail"), "Hi"): Text 'Hi' is set on object 'Object Repository/Page_Join GitHub  GitHub/input_Enter your email_useremail'

2023-09-25 12:48:58 - [MESSAGE][PASSED] - Text 'Hi' is set on object 'Object Repository/Page_Join GitHub  GitHub/input_Enter your email_useremail'

2023-09-25 12:48:58 - [TEST_STEP][PASSED] - closeBrowser(): Browser is closed

2023-09-25 12:48:59 - [MESSAGE][PASSED] - Browser is closed]]></system-out>
         <system-err><![CDATA[]]></system-err>
      </testcase>
      <testcase name="Test Cases/Part2/TestCase16" time="7.031" classname="Test Cases/Part2/TestCase16" status="PASSED">
         <system-out><![CDATA[2023-09-25 12:48:59 - [TEST_CASE][PASSED] - Test Cases/Part2/TestCase16: Test Cases/Part2/TestCase16

2023-09-25 12:49:00 - [TEST_STEP][PASSED] - openBrowser(""): Browser is opened with url: ''

2023-09-25 12:49:00 - [MESSAGE][INFO] - Starting 'Chrome' driver

2023-09-25 12:49:00 - [MESSAGE][INFO] - Action delay is set to 0 milliseconds

2023-09-25 12:49:01 - [MESSAGE][PASSED] - Browser is opened with url: ''

2023-09-25 12:49:01 - [TEST_STEP][PASSED] - maximizeWindow(): Current window maximized

2023-09-25 12:49:01 - [MESSAGE][PASSED] - Current window maximized

2023-09-25 12:49:01 - [TEST_STEP][PASSED] - navigateToUrl("https://github.com/"): Navigate to 'https://github.com/' successfully

2023-09-25 12:49:04 - [MESSAGE][PASSED] - Navigate to 'https://github.com/' successfully

2023-09-25 12:49:04 - [TEST_STEP][PASSED] - click(findTestObject("Object Repository/Page_GitHub Lets build from here  GitHub/svg_Product_octicon octicon-chevron-down He_c64722")): Object: 'Object Repository/Page_GitHub Lets build from here  GitHub/svg_Product_octicon octicon-chevron-down He_c64722' is clicked on

2023-09-25 12:49:06 - [MESSAGE][PASSED] - Object: 'Object Repository/Page_GitHub Lets build from here  GitHub/svg_Product_octicon octicon-chevron-down He_c64722' is clicked on

2023-09-25 12:49:06 - [TEST_STEP][PASSED] - closeBrowser(): Browser is closed

2023-09-25 12:49:06 - [MESSAGE][PASSED] - Browser is closed]]></system-out>
         <system-err><![CDATA[]]></system-err>
      </testcase>
      <testcase name="Test Cases/Part2/TestCase17" time="6.789" classname="Test Cases/Part2/TestCase17" status="PASSED">
         <system-out><![CDATA[2023-09-25 12:49:06 - [TEST_CASE][PASSED] - Test Cases/Part2/TestCase17: Test Cases/Part2/TestCase17

2023-09-25 12:49:07 - [TEST_STEP][PASSED] - openBrowser(""): Browser is opened with url: ''

2023-09-25 12:49:07 - [MESSAGE][INFO] - Starting 'Chrome' driver

2023-09-25 12:49:07 - [MESSAGE][INFO] - Action delay is set to 0 milliseconds

2023-09-25 12:49:08 - [MESSAGE][PASSED] - Browser is opened with url: ''

2023-09-25 12:49:08 - [TEST_STEP][PASSED] - maximizeWindow(): Current window maximized

2023-09-25 12:49:08 - [MESSAGE][PASSED] - Current window maximized

2023-09-25 12:49:08 - [TEST_STEP][PASSED] - navigateToUrl("https://github.com/"): Navigate to 'https://github.com/' successfully

2023-09-25 12:49:11 - [MESSAGE][PASSED] - Navigate to 'https://github.com/' successfully

2023-09-25 12:49:11 - [TEST_STEP][PASSED] - click(findTestObject("Object Repository/Page_GitHub Lets build from here  GitHub/svg_Product_octicon octicon-chevron-down He_c64722")): Object: 'Object Repository/Page_GitHub Lets build from here  GitHub/svg_Product_octicon octicon-chevron-down He_c64722' is clicked on

2023-09-25 12:49:12 - [MESSAGE][PASSED] - Object: 'Object Repository/Page_GitHub Lets build from here  GitHub/svg_Product_octicon octicon-chevron-down He_c64722' is clicked on

2023-09-25 12:49:12 - [TEST_STEP][PASSED] - closeBrowser(): Browser is closed

2023-09-25 12:49:13 - [MESSAGE][PASSED] - Browser is closed]]></system-out>
         <system-err><![CDATA[]]></system-err>
      </testcase>
      <testcase name="Test Cases/Part2/TestCase18" time="7.847" classname="Test Cases/Part2/TestCase18" status="FAILED">
         <failure type="FAILED" message="Test Cases/Part2/TestCase18 FAILED.
Reason:
com.kms.katalon.core.exception.StepFailedException: Verify element text of test object 'Object Repository/Page_Pricing  Plans for every developer  GitHub/h1_Get the complete developerplatform' FAILED.
	at com.kms.katalon.core.webui.keyword.internal.WebUIKeywordMain.stepFailed(WebUIKeywordMain.groovy:64)
	at com.kms.katalon.core.webui.keyword.internal.WebUIKeywordMain.runKeyword(WebUIKeywordMain.groovy:26)
	at com.kms.katalon.core.webui.keyword.builtin.VerifyElementTextKeyword.verifyElementText(VerifyElementTextKeyword.groovy:72)
	at com.kms.katalon.core.webui.keyword.builtin.VerifyElementTextKeyword.execute(VerifyElementTextKeyword.groovy:40)
	at com.kms.katalon.core.keyword.internal.KeywordExecutor.executeKeywordForPlatform(KeywordExecutor.groovy:74)
	at com.kms.katalon.core.webui.keyword.WebUiBuiltInKeywords.verifyElementText(WebUiBuiltInKeywords.groovy:4749)
	at com.kms.katalon.core.webui.keyword.WebUiBuiltInKeywords$verifyElementText$3.call(Unknown Source)
	at TestCase18.run(TestCase18:26)
	at com.kms.katalon.core.main.ScriptEngine.run(ScriptEngine.java:194)
	at com.kms.katalon.core.main.ScriptEngine.runScriptAsRawText(ScriptEngine.java:119)
	at com.kms.katalon.core.main.TestCaseExecutor.runScript(TestCaseExecutor.java:448)
	at com.kms.katalon.core.main.TestCaseExecutor.doExecute(TestCaseExecutor.java:439)
	at com.kms.katalon.core.main.TestCaseExecutor.processExecutionPhase(TestCaseExecutor.java:418)
	at com.kms.katalon.core.main.TestCaseExecutor.accessMainPhase(TestCaseExecutor.java:410)
	at com.kms.katalon.core.main.TestCaseExecutor.execute(TestCaseExecutor.java:285)
	at com.kms.katalon.core.common.CommonExecutor.accessTestCaseMainPhase(CommonExecutor.java:65)
	at com.kms.katalon.core.main.TestSuiteExecutor.accessTestSuiteMainPhase(TestSuiteExecutor.java:148)
	at com.kms.katalon.core.main.TestSuiteExecutor.execute(TestSuiteExecutor.java:106)
	at com.kms.katalon.core.main.TestCaseMain.startTestSuite(TestCaseMain.java:187)
	at com.kms.katalon.core.main.TestCaseMain$startTestSuite$0.call(Unknown Source)
	at TempTestSuite1695626028756.run(TempTestSuite1695626028756.groovy:36)
Caused by: com.kms.katalon.core.exception.StepFailedException: Actual text 'Let’s build from here' and expected text 'Get the complete developer platform.' of test object 'Object Repository/Page_Pricing  Plans for every developer  GitHub/h1_Get the complete developerplatform' are NOT matched.
	at com.kms.katalon.core.webui.keyword.internal.WebUIKeywordMain.stepFailed(WebUIKeywordMain.groovy:64)
	at com.kms.katalon.core.webui.keyword.builtin.VerifyElementTextKeyword$_verifyElementText_closure1.doCall(VerifyElementTextKeyword.groovy:57)
	at com.kms.katalon.core.webui.keyword.builtin.VerifyElementTextKeyword$_verifyElementText_closure1.call(VerifyElementTextKeyword.groovy)
	at com.kms.katalon.core.webui.keyword.internal.WebUIKeywordMain.runKeyword(WebUIKeywordMain.groovy:20)
	... 19 more
"/>
         <system-out><![CDATA[2023-09-25 12:49:13 - [TEST_CASE][FAILED] - Test Cases/Part2/TestCase18: Test Cases/Part2/TestCase18 FAILED.
Reason:
com.kms.katalon.core.exception.StepFailedException: Verify element text of test object 'Object Repository/Page_Pricing  Plans for every developer  GitHub/h1_Get the complete developerplatform' FAILED.
	at com.kms.katalon.core.webui.keyword.internal.WebUIKeywordMain.stepFailed(WebUIKeywordMain.groovy:64)
	at com.kms.katalon.core.webui.keyword.internal.WebUIKeywordMain.runKeyword(WebUIKeywordMain.groovy:26)
	at com.kms.katalon.core.webui.keyword.builtin.VerifyElementTextKeyword.verifyElementText(VerifyElementTextKeyword.groovy:72)
	at com.kms.katalon.core.webui.keyword.builtin.VerifyElementTextKeyword.execute(VerifyElementTextKeyword.groovy:40)
	at com.kms.katalon.core.keyword.internal.KeywordExecutor.executeKeywordForPlatform(KeywordExecutor.groovy:74)
	at com.kms.katalon.core.webui.keyword.WebUiBuiltInKeywords.verifyElementText(WebUiBuiltInKeywords.groovy:4749)
	at com.kms.katalon.core.webui.keyword.WebUiBuiltInKeywords$verifyElementText$3.call(Unknown Source)
	at TestCase18.run(TestCase18:26)
	at com.kms.katalon.core.main.ScriptEngine.run(ScriptEngine.java:194)
	at com.kms.katalon.core.main.ScriptEngine.runScriptAsRawText(ScriptEngine.java:119)
	at com.kms.katalon.core.main.TestCaseExecutor.runScript(TestCaseExecutor.java:448)
	at com.kms.katalon.core.main.TestCaseExecutor.doExecute(TestCaseExecutor.java:439)
	at com.kms.katalon.core.main.TestCaseExecutor.processExecutionPhase(TestCaseExecutor.java:418)
	at com.kms.katalon.core.main.TestCaseExecutor.accessMainPhase(TestCaseExecutor.java:410)
	at com.kms.katalon.core.main.TestCaseExecutor.execute(TestCaseExecutor.java:285)
	at com.kms.katalon.core.common.CommonExecutor.accessTestCaseMainPhase(CommonExecutor.java:65)
	at com.kms.katalon.core.main.TestSuiteExecutor.accessTestSuiteMainPhase(TestSuiteExecutor.java:148)
	at com.kms.katalon.core.main.TestSuiteExecutor.execute(TestSuiteExecutor.java:106)
	at com.kms.katalon.core.main.TestCaseMain.startTestSuite(TestCaseMain.java:187)
	at com.kms.katalon.core.main.TestCaseMain$startTestSuite$0.call(Unknown Source)
	at TempTestSuite1695626028756.run(TempTestSuite1695626028756.groovy:36)
Caused by: com.kms.katalon.core.exception.StepFailedException: Actual text 'Let’s build from here' and expected text 'Get the complete developer platform.' of test object 'Object Repository/Page_Pricing  Plans for every developer  GitHub/h1_Get the complete developerplatform' are NOT matched.
	at com.kms.katalon.core.webui.keyword.internal.WebUIKeywordMain.stepFailed(WebUIKeywordMain.groovy:64)
	at com.kms.katalon.core.webui.keyword.builtin.VerifyElementTextKeyword$_verifyElementText_closure1.doCall(VerifyElementTextKeyword.groovy:57)
	at com.kms.katalon.core.webui.keyword.builtin.VerifyElementTextKeyword$_verifyElementText_closure1.call(VerifyElementTextKeyword.groovy)
	at com.kms.katalon.core.webui.keyword.internal.WebUIKeywordMain.runKeyword(WebUIKeywordMain.groovy:20)
	... 19 more


2023-09-25 12:49:14 - [TEST_STEP][PASSED] - openBrowser(""): Browser is opened with url: ''

2023-09-25 12:49:14 - [MESSAGE][INFO] - Starting 'Chrome' driver

2023-09-25 12:49:14 - [MESSAGE][INFO] - Action delay is set to 0 milliseconds

2023-09-25 12:49:15 - [MESSAGE][PASSED] - Browser is opened with url: ''

2023-09-25 12:49:15 - [TEST_STEP][PASSED] - navigateToUrl("https://github.com/"): Navigate to 'https://github.com/' successfully

2023-09-25 12:49:17 - [MESSAGE][PASSED] - Navigate to 'https://github.com/' successfully

2023-09-25 12:49:17 - [TEST_STEP][PASSED] - click(findTestObject("Object Repository/Page_GitHub Lets build from here  GitHub/a_Pricing")): Object: 'Object Repository/Page_GitHub Lets build from here  GitHub/a_Pricing' is clicked on

2023-09-25 12:49:19 - [MESSAGE][PASSED] - Object: 'Object Repository/Page_GitHub Lets build from here  GitHub/a_Pricing' is clicked on

2023-09-25 12:49:19 - [TEST_STEP][FAILED] - verifyElementText(findTestObject("Object Repository/Page_Pricing  Plans for every developer  GitHub/h1_Get the complete developerplatform"), "Get the complete developer platform."): Verify element text of test object 'Object Repository/Page_Pricing  Plans for every developer  GitHub/h1_Get the complete developerplatform' FAILED. (Root cause: com.kms.katalon.core.exception.StepFailedException: Verify element text of test object 'Object Repository/Page_Pricing  Plans for every developer  GitHub/h1_Get the complete developerplatform' FAILED.
	at com.kms.katalon.core.webui.keyword.internal.WebUIKeywordMain.stepFailed(WebUIKeywordMain.groovy:64)
	at com.kms.katalon.core.webui.keyword.internal.WebUIKeywordMain.runKeyword(WebUIKeywordMain.groovy:26)
	at com.kms.katalon.core.webui.keyword.builtin.VerifyElementTextKeyword.verifyElementText(VerifyElementTextKeyword.groovy:72)
	at com.kms.katalon.core.webui.keyword.builtin.VerifyElementTextKeyword.execute(VerifyElementTextKeyword.groovy:40)
	at com.kms.katalon.core.keyword.internal.KeywordExecutor.executeKeywordForPlatform(KeywordExecutor.groovy:74)
	at com.kms.katalon.core.webui.keyword.WebUiBuiltInKeywords.verifyElementText(WebUiBuiltInKeywords.groovy:4749)
	at com.kms.katalon.core.webui.keyword.WebUiBuiltInKeywords$verifyElementText$3.call(Unknown Source)
	at TestCase18.run(TestCase18:26)
	at com.kms.katalon.core.main.ScriptEngine.run(ScriptEngine.java:194)
	at com.kms.katalon.core.main.ScriptEngine.runScriptAsRawText(ScriptEngine.java:119)
	at com.kms.katalon.core.main.TestCaseExecutor.runScript(TestCaseExecutor.java:448)
	at com.kms.katalon.core.main.TestCaseExecutor.doExecute(TestCaseExecutor.java:439)
	at com.kms.katalon.core.main.TestCaseExecutor.processExecutionPhase(TestCaseExecutor.java:418)
	at com.kms.katalon.core.main.TestCaseExecutor.accessMainPhase(TestCaseExecutor.java:410)
	at com.kms.katalon.core.main.TestCaseExecutor.execute(TestCaseExecutor.java:285)
	at com.kms.katalon.core.common.CommonExecutor.accessTestCaseMainPhase(CommonExecutor.java:65)
	at com.kms.katalon.core.main.TestSuiteExecutor.accessTestSuiteMainPhase(TestSuiteExecutor.java:148)
	at com.kms.katalon.core.main.TestSuiteExecutor.execute(TestSuiteExecutor.java:106)
	at com.kms.katalon.core.main.TestCaseMain.startTestSuite(TestCaseMain.java:187)
	at com.kms.katalon.core.main.TestCaseMain$startTestSuite$0.call(Unknown Source)
	at TempTestSuite1695626028756.run(TempTestSuite1695626028756.groovy:36)
Caused by: com.kms.katalon.core.exception.StepFailedException: Actual text 'Let’s build from here' and expected text 'Get the complete developer platform.' of test object 'Object Repository/Page_Pricing  Plans for every developer  GitHub/h1_Get the complete developerplatform' are NOT matched.
	at com.kms.katalon.core.webui.keyword.internal.WebUIKeywordMain.stepFailed(WebUIKeywordMain.groovy:64)
	at com.kms.katalon.core.webui.keyword.builtin.VerifyElementTextKeyword$_verifyElementText_closure1.doCall(VerifyElementTextKeyword.groovy:57)
	at com.kms.katalon.core.webui.keyword.builtin.VerifyElementTextKeyword$_verifyElementText_closure1.call(VerifyElementTextKeyword.groovy)
	at com.kms.katalon.core.webui.keyword.internal.WebUIKeywordMain.runKeyword(WebUIKeywordMain.groovy:20)
	... 19 more
)

2023-09-25 12:49:21 - [MESSAGE][FAILED] - Actual text 'Let’s build from here' and expected text 'Get the complete developer platform.' of test object 'Object Repository/Page_Pricing  Plans for every developer  GitHub/h1_Get the complete developerplatform' are NOT matched. (Root cause: com.kms.katalon.core.exception.StepFailedException: Actual text 'Let’s build from here' and expected text 'Get the complete developer platform.' of test object 'Object Repository/Page_Pricing  Plans for every developer  GitHub/h1_Get the complete developerplatform' are NOT matched.
	at com.kms.katalon.core.webui.keyword.internal.WebUIKeywordMain.stepFailed(WebUIKeywordMain.groovy:64)
	at com.kms.katalon.core.webui.keyword.builtin.VerifyElementTextKeyword$_verifyElementText_closure1.doCall(VerifyElementTextKeyword.groovy:57)
	at com.kms.katalon.core.webui.keyword.builtin.VerifyElementTextKeyword$_verifyElementText_closure1.call(VerifyElementTextKeyword.groovy)
	at com.kms.katalon.core.webui.keyword.internal.WebUIKeywordMain.runKeyword(WebUIKeywordMain.groovy:20)
	at com.kms.katalon.core.webui.keyword.builtin.VerifyElementTextKeyword.verifyElementText(VerifyElementTextKeyword.groovy:72)
	at com.kms.katalon.core.webui.keyword.builtin.VerifyElementTextKeyword.execute(VerifyElementTextKeyword.groovy:40)
	at com.kms.katalon.core.keyword.internal.KeywordExecutor.executeKeywordForPlatform(KeywordExecutor.groovy:74)
	at com.kms.katalon.core.webui.keyword.WebUiBuiltInKeywords.verifyElementText(WebUiBuiltInKeywords.groovy:4749)
	at com.kms.katalon.core.webui.keyword.WebUiBuiltInKeywords$verifyElementText$3.call(Unknown Source)
	at TestCase18.run(TestCase18:26)
	at com.kms.katalon.core.main.ScriptEngine.run(ScriptEngine.java:194)
	at com.kms.katalon.core.main.ScriptEngine.runScriptAsRawText(ScriptEngine.java:119)
	at com.kms.katalon.core.main.TestCaseExecutor.runScript(TestCaseExecutor.java:448)
	at com.kms.katalon.core.main.TestCaseExecutor.doExecute(TestCaseExecutor.java:439)
	at com.kms.katalon.core.main.TestCaseExecutor.processExecutionPhase(TestCaseExecutor.java:418)
	at com.kms.katalon.core.main.TestCaseExecutor.accessMainPhase(TestCaseExecutor.java:410)
	at com.kms.katalon.core.main.TestCaseExecutor.execute(TestCaseExecutor.java:285)
	at com.kms.katalon.core.common.CommonExecutor.accessTestCaseMainPhase(CommonExecutor.java:65)
	at com.kms.katalon.core.main.TestSuiteExecutor.accessTestSuiteMainPhase(TestSuiteExecutor.java:148)
	at com.kms.katalon.core.main.TestSuiteExecutor.execute(TestSuiteExecutor.java:106)
	at com.kms.katalon.core.main.TestCaseMain.startTestSuite(TestCaseMain.java:187)
	at com.kms.katalon.core.main.TestCaseMain$startTestSuite$0.call(Unknown Source)
	at TempTestSuite1695626028756.run(TempTestSuite1695626028756.groovy:36)
)
[[ATTACHMENT|C:\\Users\\sachin.gajbhiye\\git\\Katalon-Practice\\Reports\\20230925_124346\\First Test Suite\\20230925_124348\\1695626361029.png]]

2023-09-25 12:49:21 - [MESSAGE][FAILED] - Verify element text of test object 'Object Repository/Page_Pricing  Plans for every developer  GitHub/h1_Get the complete developerplatform' FAILED. (Root cause: com.kms.katalon.core.exception.StepFailedException: Verify element text of test object 'Object Repository/Page_Pricing  Plans for every developer  GitHub/h1_Get the complete developerplatform' FAILED.
	at com.kms.katalon.core.webui.keyword.internal.WebUIKeywordMain.stepFailed(WebUIKeywordMain.groovy:64)
	at com.kms.katalon.core.webui.keyword.internal.WebUIKeywordMain.runKeyword(WebUIKeywordMain.groovy:26)
	at com.kms.katalon.core.webui.keyword.builtin.VerifyElementTextKeyword.verifyElementText(VerifyElementTextKeyword.groovy:72)
	at com.kms.katalon.core.webui.keyword.builtin.VerifyElementTextKeyword.execute(VerifyElementTextKeyword.groovy:40)
	at com.kms.katalon.core.keyword.internal.KeywordExecutor.executeKeywordForPlatform(KeywordExecutor.groovy:74)
	at com.kms.katalon.core.webui.keyword.WebUiBuiltInKeywords.verifyElementText(WebUiBuiltInKeywords.groovy:4749)
	at com.kms.katalon.core.webui.keyword.WebUiBuiltInKeywords$verifyElementText$3.call(Unknown Source)
	at TestCase18.run(TestCase18:26)
	at com.kms.katalon.core.main.ScriptEngine.run(ScriptEngine.java:194)
	at com.kms.katalon.core.main.ScriptEngine.runScriptAsRawText(ScriptEngine.java:119)
	at com.kms.katalon.core.main.TestCaseExecutor.runScript(TestCaseExecutor.java:448)
	at com.kms.katalon.core.main.TestCaseExecutor.doExecute(TestCaseExecutor.java:439)
	at com.kms.katalon.core.main.TestCaseExecutor.processExecutionPhase(TestCaseExecutor.java:418)
	at com.kms.katalon.core.main.TestCaseExecutor.accessMainPhase(TestCaseExecutor.java:410)
	at com.kms.katalon.core.main.TestCaseExecutor.execute(TestCaseExecutor.java:285)
	at com.kms.katalon.core.common.CommonExecutor.accessTestCaseMainPhase(CommonExecutor.java:65)
	at com.kms.katalon.core.main.TestSuiteExecutor.accessTestSuiteMainPhase(TestSuiteExecutor.java:148)
	at com.kms.katalon.core.main.TestSuiteExecutor.execute(TestSuiteExecutor.java:106)
	at com.kms.katalon.core.main.TestCaseMain.startTestSuite(TestCaseMain.java:187)
	at com.kms.katalon.core.main.TestCaseMain$startTestSuite$0.call(Unknown Source)
	at TempTestSuite1695626028756.run(TempTestSuite1695626028756.groovy:36)
Caused by: com.kms.katalon.core.exception.StepFailedException: Actual text 'Let’s build from here' and expected text 'Get the complete developer platform.' of test object 'Object Repository/Page_Pricing  Plans for every developer  GitHub/h1_Get the complete developerplatform' are NOT matched.
	at com.kms.katalon.core.webui.keyword.internal.WebUIKeywordMain.stepFailed(WebUIKeywordMain.groovy:64)
	at com.kms.katalon.core.webui.keyword.builtin.VerifyElementTextKeyword$_verifyElementText_closure1.doCall(VerifyElementTextKeyword.groovy:57)
	at com.kms.katalon.core.webui.keyword.builtin.VerifyElementTextKeyword$_verifyElementText_closure1.call(VerifyElementTextKeyword.groovy)
	at com.kms.katalon.core.webui.keyword.internal.WebUIKeywordMain.runKeyword(WebUIKeywordMain.groovy:20)
	... 19 more
)
[[ATTACHMENT|C:\\Users\\sachin.gajbhiye\\git\\Katalon-Practice\\Reports\\20230925_124346\\First Test Suite\\20230925_124348\\1695626361284.png]]]]></system-out>
         <system-err><![CDATA[2023-09-25 12:49:13 - [TEST_CASE][FAILED] - Test Cases/Part2/TestCase18: Test Cases/Part2/TestCase18 FAILED.
Reason:
com.kms.katalon.core.exception.StepFailedException: Verify element text of test object 'Object Repository/Page_Pricing  Plans for every developer  GitHub/h1_Get the complete developerplatform' FAILED.
	at com.kms.katalon.core.webui.keyword.internal.WebUIKeywordMain.stepFailed(WebUIKeywordMain.groovy:64)
	at com.kms.katalon.core.webui.keyword.internal.WebUIKeywordMain.runKeyword(WebUIKeywordMain.groovy:26)
	at com.kms.katalon.core.webui.keyword.builtin.VerifyElementTextKeyword.verifyElementText(VerifyElementTextKeyword.groovy:72)
	at com.kms.katalon.core.webui.keyword.builtin.VerifyElementTextKeyword.execute(VerifyElementTextKeyword.groovy:40)
	at com.kms.katalon.core.keyword.internal.KeywordExecutor.executeKeywordForPlatform(KeywordExecutor.groovy:74)
	at com.kms.katalon.core.webui.keyword.WebUiBuiltInKeywords.verifyElementText(WebUiBuiltInKeywords.groovy:4749)
	at com.kms.katalon.core.webui.keyword.WebUiBuiltInKeywords$verifyElementText$3.call(Unknown Source)
	at TestCase18.run(TestCase18:26)
	at com.kms.katalon.core.main.ScriptEngine.run(ScriptEngine.java:194)
	at com.kms.katalon.core.main.ScriptEngine.runScriptAsRawText(ScriptEngine.java:119)
	at com.kms.katalon.core.main.TestCaseExecutor.runScript(TestCaseExecutor.java:448)
	at com.kms.katalon.core.main.TestCaseExecutor.doExecute(TestCaseExecutor.java:439)
	at com.kms.katalon.core.main.TestCaseExecutor.processExecutionPhase(TestCaseExecutor.java:418)
	at com.kms.katalon.core.main.TestCaseExecutor.accessMainPhase(TestCaseExecutor.java:410)
	at com.kms.katalon.core.main.TestCaseExecutor.execute(TestCaseExecutor.java:285)
	at com.kms.katalon.core.common.CommonExecutor.accessTestCaseMainPhase(CommonExecutor.java:65)
	at com.kms.katalon.core.main.TestSuiteExecutor.accessTestSuiteMainPhase(TestSuiteExecutor.java:148)
	at com.kms.katalon.core.main.TestSuiteExecutor.execute(TestSuiteExecutor.java:106)
	at com.kms.katalon.core.main.TestCaseMain.startTestSuite(TestCaseMain.java:187)
	at com.kms.katalon.core.main.TestCaseMain$startTestSuite$0.call(Unknown Source)
	at TempTestSuite1695626028756.run(TempTestSuite1695626028756.groovy:36)
Caused by: com.kms.katalon.core.exception.StepFailedException: Actual text 'Let’s build from here' and expected text 'Get the complete developer platform.' of test object 'Object Repository/Page_Pricing  Plans for every developer  GitHub/h1_Get the complete developerplatform' are NOT matched.
	at com.kms.katalon.core.webui.keyword.internal.WebUIKeywordMain.stepFailed(WebUIKeywordMain.groovy:64)
	at com.kms.katalon.core.webui.keyword.builtin.VerifyElementTextKeyword$_verifyElementText_closure1.doCall(VerifyElementTextKeyword.groovy:57)
	at com.kms.katalon.core.webui.keyword.builtin.VerifyElementTextKeyword$_verifyElementText_closure1.call(VerifyElementTextKeyword.groovy)
	at com.kms.katalon.core.webui.keyword.internal.WebUIKeywordMain.runKeyword(WebUIKeywordMain.groovy:20)
	... 19 more]]></system-err>
      </testcase>
      <testcase name="Test Cases/Part2/TestCase19" time="5.489" classname="Test Cases/Part2/TestCase19" status="PASSED">
         <system-out><![CDATA[2023-09-25 12:49:21 - [TEST_CASE][PASSED] - Test Cases/Part2/TestCase19: Test Cases/Part2/TestCase19

2023-09-25 12:49:21 - [TEST_STEP][PASSED] - openBrowser(""): Browser is opened with url: ''

2023-09-25 12:49:22 - [MESSAGE][WARNING] - A browser is already opened. Closing browser and opening a new one

2023-09-25 12:49:22 - [MESSAGE][INFO] - Starting 'Chrome' driver

2023-09-25 12:49:22 - [MESSAGE][INFO] - Action delay is set to 0 milliseconds

2023-09-25 12:49:24 - [MESSAGE][PASSED] - Browser is opened with url: ''

2023-09-25 12:49:24 - [TEST_STEP][PASSED] - navigateToUrl("https://github.com/"): Navigate to 'https://github.com/' successfully

2023-09-25 12:49:26 - [MESSAGE][PASSED] - Navigate to 'https://github.com/' successfully

2023-09-25 12:49:26 - [TEST_STEP][PASSED] - closeBrowser(): Browser is closed

2023-09-25 12:49:27 - [MESSAGE][PASSED] - Browser is closed]]></system-out>
         <system-err><![CDATA[]]></system-err>
      </testcase>
      <testcase name="Test Cases/Part2/TestCase20" time="10.188" classname="Test Cases/Part2/TestCase20" status="PASSED">
         <system-out><![CDATA[2023-09-25 12:49:27 - [TEST_CASE][PASSED] - Test Cases/Part2/TestCase20: Test Cases/Part2/TestCase20

2023-09-25 12:49:27 - [TEST_STEP][PASSED] - openBrowser(""): Browser is opened with url: ''

2023-09-25 12:49:27 - [MESSAGE][INFO] - Starting 'Chrome' driver

2023-09-25 12:49:27 - [MESSAGE][INFO] - Action delay is set to 0 milliseconds

2023-09-25 12:49:28 - [MESSAGE][PASSED] - Browser is opened with url: ''

2023-09-25 12:49:28 - [TEST_STEP][PASSED] - navigateToUrl("https://github.com/"): Navigate to 'https://github.com/' successfully

2023-09-25 12:49:31 - [MESSAGE][PASSED] - Navigate to 'https://github.com/' successfully

2023-09-25 12:49:31 - [TEST_STEP][PASSED] - click(findTestObject("Object Repository/Page_GitHub Lets build from here  GitHub/svg_Product_octicon octicon-chevron-down He_c64722")): Object: 'Object Repository/Page_GitHub Lets build from here  GitHub/svg_Product_octicon octicon-chevron-down He_c64722' is clicked on

2023-09-25 12:49:32 - [MESSAGE][PASSED] - Object: 'Object Repository/Page_GitHub Lets build from here  GitHub/svg_Product_octicon octicon-chevron-down He_c64722' is clicked on

2023-09-25 12:49:32 - [TEST_STEP][PASSED] - click(findTestObject("Object Repository/Page_GitHub Lets build from here  GitHub/div_GitHub Sponsors        Fund open source_2bceb8")): Object: 'Object Repository/Page_GitHub Lets build from here  GitHub/div_GitHub Sponsors        Fund open source_2bceb8' is clicked on

2023-09-25 12:49:33 - [MESSAGE][PASSED] - Object: 'Object Repository/Page_GitHub Lets build from here  GitHub/div_GitHub Sponsors        Fund open source_2bceb8' is clicked on

2023-09-25 12:49:33 - [TEST_STEP][PASSED] - scrollToElement(findTestObject("Object Repository/Page_GitHub Sponsors  GitHub/h2_You depend on open source every day"), 0): Scroll to object 'Object Repository/Page_GitHub Sponsors  GitHub/h2_You depend on open source every day' successfully

2023-09-25 12:49:33 - [MESSAGE][WARNING] - Timeout '0' is invalid. Using default page load timeout: '30'

2023-09-25 12:49:35 - [MESSAGE][PASSED] - Scroll to object 'Object Repository/Page_GitHub Sponsors  GitHub/h2_You depend on open source every day' successfully

2023-09-25 12:49:35 - [TEST_STEP][PASSED] - verifyElementText(findTestObject("Object Repository/Page_GitHub Sponsors  GitHub/h2_You depend on open source every day"), "You depend on open source every day"): Actual text and expected text of test object 'Object Repository/Page_GitHub Sponsors  GitHub/h2_You depend on open source every day' are matched.

2023-09-25 12:49:36 - [MESSAGE][PASSED] - Actual text and expected text of test object 'Object Repository/Page_GitHub Sponsors  GitHub/h2_You depend on open source every day' are matched.

2023-09-25 12:49:36 - [TEST_STEP][PASSED] - closeBrowser(): Browser is closed

2023-09-25 12:49:37 - [MESSAGE][PASSED] - Browser is closed]]></system-out>
         <system-err><![CDATA[]]></system-err>
      </testcase>
      <testcase name="Test Cases/Part3/TestCase21" time="16.011" classname="Test Cases/Part3/TestCase21" status="PASSED">
         <system-out><![CDATA[2023-09-25 12:49:37 - [TEST_CASE][PASSED] - Test Cases/Part3/TestCase21: Test Cases/Part3/TestCase21

2023-09-25 12:49:37 - [TEST_STEP][PASSED] - openBrowser(""): Browser is opened with url: ''

2023-09-25 12:49:37 - [MESSAGE][INFO] - Starting 'Chrome' driver

2023-09-25 12:49:37 - [MESSAGE][INFO] - Action delay is set to 0 milliseconds

2023-09-25 12:49:39 - [MESSAGE][PASSED] - Browser is opened with url: ''

2023-09-25 12:49:39 - [TEST_STEP][PASSED] - maximizeWindow(): Current window maximized

2023-09-25 12:49:39 - [MESSAGE][PASSED] - Current window maximized

2023-09-25 12:49:39 - [TEST_STEP][PASSED] - navigateToUrl("https://spotify.design/"): Navigate to 'https://spotify.design/' successfully

2023-09-25 12:49:52 - [MESSAGE][PASSED] - Navigate to 'https://spotify.design/' successfully

2023-09-25 12:49:52 - [TEST_STEP][PASSED] - closeBrowser(): Browser is closed

2023-09-25 12:49:53 - [MESSAGE][PASSED] - Browser is closed]]></system-out>
         <system-err><![CDATA[]]></system-err>
      </testcase>
      <testcase name="Test Cases/Part3/TestCase22" time="16.389" classname="Test Cases/Part3/TestCase22" status="PASSED">
         <system-out><![CDATA[2023-09-25 12:49:53 - [TEST_CASE][PASSED] - Test Cases/Part3/TestCase22: Test Cases/Part3/TestCase22

2023-09-25 12:49:53 - [TEST_STEP][PASSED] - openBrowser(""): Browser is opened with url: ''

2023-09-25 12:49:53 - [MESSAGE][INFO] - Starting 'Chrome' driver

2023-09-25 12:49:53 - [MESSAGE][INFO] - Action delay is set to 0 milliseconds

2023-09-25 12:49:55 - [MESSAGE][PASSED] - Browser is opened with url: ''

2023-09-25 12:49:55 - [TEST_STEP][PASSED] - navigateToUrl("https://spotify.design/"): Navigate to 'https://spotify.design/' successfully

2023-09-25 12:50:04 - [MESSAGE][PASSED] - Navigate to 'https://spotify.design/' successfully

2023-09-25 12:50:04 - [TEST_STEP][PASSED] - click(findTestObject("Object Repository/Page_Home  Spotify Design/span_Stories")): Object: 'Object Repository/Page_Home  Spotify Design/span_Stories' is clicked on

2023-09-25 12:50:07 - [MESSAGE][PASSED] - Object: 'Object Repository/Page_Home  Spotify Design/span_Stories' is clicked on

2023-09-25 12:50:07 - [TEST_STEP][PASSED] - verifyElementPresent(findTestObject("Object Repository/Page_Stories  Spotify Design/span_Pick a category"), 0): Object 'Object Repository/Page_Stories  Spotify Design/span_Pick a category' is present

2023-09-25 12:50:07 - [MESSAGE][WARNING] - Timeout '0' is invalid. Using default page load timeout: '30'

2023-09-25 12:50:08 - [MESSAGE][PASSED] - Object 'Object Repository/Page_Stories  Spotify Design/span_Pick a category' is present

2023-09-25 12:50:08 - [TEST_STEP][PASSED] - closeBrowser(): Browser is closed

2023-09-25 12:50:09 - [MESSAGE][PASSED] - Browser is closed]]></system-out>
         <system-err><![CDATA[]]></system-err>
      </testcase>
      <testcase name="Test Cases/Part3/TestCase23" time="19.718" classname="Test Cases/Part3/TestCase23" status="PASSED">
         <system-out><![CDATA[2023-09-25 12:50:09 - [TEST_CASE][PASSED] - Test Cases/Part3/TestCase23: Test Cases/Part3/TestCase23

2023-09-25 12:50:10 - [TEST_STEP][PASSED] - openBrowser(""): Browser is opened with url: ''

2023-09-25 12:50:10 - [MESSAGE][INFO] - Starting 'Chrome' driver

2023-09-25 12:50:10 - [MESSAGE][INFO] - Action delay is set to 0 milliseconds

2023-09-25 12:50:11 - [MESSAGE][PASSED] - Browser is opened with url: ''

2023-09-25 12:50:11 - [TEST_STEP][PASSED] - maximizeWindow(): Current window maximized

2023-09-25 12:50:11 - [MESSAGE][PASSED] - Current window maximized

2023-09-25 12:50:11 - [TEST_STEP][PASSED] - navigateToUrl("https://spotify.design/"): Navigate to 'https://spotify.design/' successfully

2023-09-25 12:50:20 - [MESSAGE][PASSED] - Navigate to 'https://spotify.design/' successfully

2023-09-25 12:50:20 - [TEST_STEP][PASSED] - click(findTestObject("Object Repository/Page_Home  Spotify Design/span_Listen")): Object: 'Object Repository/Page_Home  Spotify Design/span_Listen' is clicked on

2023-09-25 12:50:23 - [MESSAGE][PASSED] - Object: 'Object Repository/Page_Home  Spotify Design/span_Listen' is clicked on

2023-09-25 12:50:23 - [TEST_STEP][PASSED] - scrollToElement(findTestObject("Object Repository/Page_Stories  Spotify Design/p_Playlists, podcasts, and other audio good_0e44eb"), 0): Scroll to object 'Object Repository/Page_Stories  Spotify Design/p_Playlists, podcasts, and other audio good_0e44eb' successfully

2023-09-25 12:50:23 - [MESSAGE][WARNING] - Timeout '0' is invalid. Using default page load timeout: '30'

2023-09-25 12:50:24 - [MESSAGE][PASSED] - Scroll to object 'Object Repository/Page_Stories  Spotify Design/p_Playlists, podcasts, and other audio good_0e44eb' successfully

2023-09-25 12:50:24 - [TEST_STEP][PASSED] - verifyElementText(findTestObject("Object Repository/Page_Stories  Spotify Design/p_Playlists, podcasts, and other audio good_0e44eb"), "Playlists, podcasts, and other audio goodness from our team."): Actual text and expected text of test object 'Object Repository/Page_Stories  Spotify Design/p_Playlists, podcasts, and other audio good_0e44eb' are matched.

2023-09-25 12:50:25 - [MESSAGE][PASSED] - Actual text and expected text of test object 'Object Repository/Page_Stories  Spotify Design/p_Playlists, podcasts, and other audio good_0e44eb' are matched.

2023-09-25 12:50:25 - [TEST_STEP][PASSED] - click(findTestObject("Object Repository/Page_Stories  Spotify Design/span_Folk")): Object: 'Object Repository/Page_Stories  Spotify Design/span_Folk' is clicked on

2023-09-25 12:50:26 - [MESSAGE][PASSED] - Object: 'Object Repository/Page_Stories  Spotify Design/span_Folk' is clicked on

2023-09-25 12:50:26 - [TEST_STEP][PASSED] - scrollToElement(findTestObject("Object Repository/Page_Stories  Spotify Design/a_Zoned 43"), 0): Scroll to object 'Object Repository/Page_Stories  Spotify Design/a_Zoned 43' successfully

2023-09-25 12:50:26 - [MESSAGE][WARNING] - Timeout '0' is invalid. Using default page load timeout: '30'

2023-09-25 12:50:27 - [MESSAGE][PASSED] - Scroll to object 'Object Repository/Page_Stories  Spotify Design/a_Zoned 43' successfully

2023-09-25 12:50:27 - [TEST_STEP][PASSED] - verifyElementPresent(findTestObject("Object Repository/Page_Stories  Spotify Design/a_Zoned 43"), 0): Object 'Object Repository/Page_Stories  Spotify Design/a_Zoned 43' is present

2023-09-25 12:50:27 - [MESSAGE][WARNING] - Timeout '0' is invalid. Using default page load timeout: '30'

2023-09-25 12:50:27 - [MESSAGE][PASSED] - Object 'Object Repository/Page_Stories  Spotify Design/a_Zoned 43' is present

2023-09-25 12:50:27 - [TEST_STEP][PASSED] - click(findTestObject("Object Repository/Page_Stories  Spotify Design/a_Zoned 43")): Object: 'Object Repository/Page_Stories  Spotify Design/a_Zoned 43' is clicked on

2023-09-25 12:50:28 - [MESSAGE][PASSED] - Object: 'Object Repository/Page_Stories  Spotify Design/a_Zoned 43' is clicked on

2023-09-25 12:50:28 - [TEST_STEP][PASSED] - closeBrowser(): Browser is closed

2023-09-25 12:50:29 - [MESSAGE][PASSED] - Browser is closed]]></system-out>
         <system-err><![CDATA[]]></system-err>
      </testcase>
      <testcase name="Test Cases/Part3/TestCase24" time="9.218" classname="Test Cases/Part3/TestCase24" status="PASSED">
         <system-out><![CDATA[2023-09-25 12:50:29 - [TEST_CASE][PASSED] - Test Cases/Part3/TestCase24: Test Cases/Part3/TestCase24

2023-09-25 12:50:29 - [TEST_STEP][PASSED] - openBrowser(""): Browser is opened with url: ''

2023-09-25 12:50:29 - [MESSAGE][INFO] - Starting 'Chrome' driver

2023-09-25 12:50:29 - [MESSAGE][INFO] - Action delay is set to 0 milliseconds

2023-09-25 12:50:31 - [MESSAGE][PASSED] - Browser is opened with url: ''

2023-09-25 12:50:31 - [TEST_STEP][PASSED] - maximizeWindow(): Current window maximized

2023-09-25 12:50:31 - [MESSAGE][PASSED] - Current window maximized

2023-09-25 12:50:31 - [TEST_STEP][PASSED] - navigateToUrl("https://github.com/"): Navigate to 'https://github.com/' successfully

2023-09-25 12:50:34 - [MESSAGE][PASSED] - Navigate to 'https://github.com/' successfully

2023-09-25 12:50:34 - [TEST_STEP][PASSED] - click(findTestObject("Object Repository/Page_GitHub Lets build from here  GitHub/a_Sign in")): Object: 'Object Repository/Page_GitHub Lets build from here  GitHub/a_Sign in' is clicked on

2023-09-25 12:50:35 - [MESSAGE][PASSED] - Object: 'Object Repository/Page_GitHub Lets build from here  GitHub/a_Sign in' is clicked on

2023-09-25 12:50:35 - [TEST_STEP][PASSED] - verifyElementText(findTestObject("Object Repository/Page_Sign in to GitHub  GitHub/h1_Sign in to GitHub"), "Sign in to GitHub"): Actual text and expected text of test object 'Object Repository/Page_Sign in to GitHub  GitHub/h1_Sign in to GitHub' are matched.

2023-09-25 12:50:37 - [MESSAGE][PASSED] - Actual text and expected text of test object 'Object Repository/Page_Sign in to GitHub  GitHub/h1_Sign in to GitHub' are matched.

2023-09-25 12:50:37 - [TEST_STEP][PASSED] - closeBrowser(): Browser is closed

2023-09-25 12:50:38 - [MESSAGE][PASSED] - Browser is closed]]></system-out>
         <system-err><![CDATA[]]></system-err>
      </testcase>
      <testcase name="Test Cases/Part3/TestCase25" time="8.597" classname="Test Cases/Part3/TestCase25" status="PASSED">
         <system-out><![CDATA[2023-09-25 12:50:38 - [TEST_CASE][PASSED] - Test Cases/Part3/TestCase25: Test Cases/Part3/TestCase25

2023-09-25 12:50:38 - [TEST_STEP][PASSED] - openBrowser(""): Browser is opened with url: ''

2023-09-25 12:50:38 - [MESSAGE][INFO] - Starting 'Chrome' driver

2023-09-25 12:50:38 - [MESSAGE][INFO] - Action delay is set to 0 milliseconds

2023-09-25 12:50:40 - [MESSAGE][PASSED] - Browser is opened with url: ''

2023-09-25 12:50:40 - [TEST_STEP][PASSED] - maximizeWindow(): Current window maximized

2023-09-25 12:50:40 - [MESSAGE][PASSED] - Current window maximized

2023-09-25 12:50:40 - [TEST_STEP][PASSED] - navigateToUrl("https://github.com/"): Navigate to 'https://github.com/' successfully

2023-09-25 12:50:42 - [MESSAGE][PASSED] - Navigate to 'https://github.com/' successfully

2023-09-25 12:50:42 - [TEST_STEP][PASSED] - click(findTestObject("Object Repository/Page_GitHub Lets build from here  GitHub/a_Sign in")): Object: 'Object Repository/Page_GitHub Lets build from here  GitHub/a_Sign in' is clicked on

2023-09-25 12:50:44 - [MESSAGE][PASSED] - Object: 'Object Repository/Page_GitHub Lets build from here  GitHub/a_Sign in' is clicked on

2023-09-25 12:50:44 - [TEST_STEP][PASSED] - verifyElementText(findTestObject("Object Repository/Page_Sign in to GitHub  GitHub/h1_Sign in to GitHub"), "Sign in to GitHub"): Actual text and expected text of test object 'Object Repository/Page_Sign in to GitHub  GitHub/h1_Sign in to GitHub' are matched.

2023-09-25 12:50:46 - [MESSAGE][PASSED] - Actual text and expected text of test object 'Object Repository/Page_Sign in to GitHub  GitHub/h1_Sign in to GitHub' are matched.

2023-09-25 12:50:46 - [TEST_STEP][PASSED] - closeBrowser(): Browser is closed

2023-09-25 12:50:47 - [MESSAGE][PASSED] - Browser is closed]]></system-out>
         <system-err><![CDATA[]]></system-err>
      </testcase>
      <testcase name="Test Cases/Part3/TestCase26" time="8.944" classname="Test Cases/Part3/TestCase26" status="PASSED">
         <system-out><![CDATA[2023-09-25 12:50:47 - [TEST_CASE][PASSED] - Test Cases/Part3/TestCase26: Test Cases/Part3/TestCase26

2023-09-25 12:50:47 - [TEST_STEP][PASSED] - openBrowser(""): Browser is opened with url: ''

2023-09-25 12:50:47 - [MESSAGE][INFO] - Starting 'Chrome' driver

2023-09-25 12:50:47 - [MESSAGE][INFO] - Action delay is set to 0 milliseconds

2023-09-25 12:50:49 - [MESSAGE][PASSED] - Browser is opened with url: ''

2023-09-25 12:50:49 - [TEST_STEP][PASSED] - maximizeWindow(): Current window maximized

2023-09-25 12:50:49 - [MESSAGE][PASSED] - Current window maximized

2023-09-25 12:50:49 - [TEST_STEP][PASSED] - navigateToUrl("https://github.com/"): Navigate to 'https://github.com/' successfully

2023-09-25 12:50:52 - [MESSAGE][PASSED] - Navigate to 'https://github.com/' successfully

2023-09-25 12:50:52 - [TEST_STEP][PASSED] - click(findTestObject("Object Repository/Page_GitHub Lets build from here  GitHub/a_Sign in")): Object: 'Object Repository/Page_GitHub Lets build from here  GitHub/a_Sign in' is clicked on

2023-09-25 12:50:53 - [MESSAGE][PASSED] - Object: 'Object Repository/Page_GitHub Lets build from here  GitHub/a_Sign in' is clicked on

2023-09-25 12:50:53 - [TEST_STEP][PASSED] - verifyElementText(findTestObject("Object Repository/Page_Sign in to GitHub  GitHub/h1_Sign in to GitHub"), "Sign in to GitHub"): Actual text and expected text of test object 'Object Repository/Page_Sign in to GitHub  GitHub/h1_Sign in to GitHub' are matched.

2023-09-25 12:50:55 - [MESSAGE][PASSED] - Actual text and expected text of test object 'Object Repository/Page_Sign in to GitHub  GitHub/h1_Sign in to GitHub' are matched.

2023-09-25 12:50:55 - [TEST_STEP][PASSED] - closeBrowser(): Browser is closed

2023-09-25 12:50:56 - [MESSAGE][PASSED] - Browser is closed]]></system-out>
         <system-err><![CDATA[]]></system-err>
      </testcase>
      <testcase name="Test Cases/Part3/TestCase27" time="9.14" classname="Test Cases/Part3/TestCase27" status="PASSED">
         <system-out><![CDATA[2023-09-25 12:50:56 - [TEST_CASE][PASSED] - Test Cases/Part3/TestCase27: Test Cases/Part3/TestCase27

2023-09-25 12:50:56 - [TEST_STEP][PASSED] - openBrowser(""): Browser is opened with url: ''

2023-09-25 12:50:56 - [MESSAGE][INFO] - Starting 'Chrome' driver

2023-09-25 12:50:56 - [MESSAGE][INFO] - Action delay is set to 0 milliseconds

2023-09-25 12:50:58 - [MESSAGE][PASSED] - Browser is opened with url: ''

2023-09-25 12:50:58 - [TEST_STEP][PASSED] - maximizeWindow(): Current window maximized

2023-09-25 12:50:58 - [MESSAGE][PASSED] - Current window maximized

2023-09-25 12:50:58 - [TEST_STEP][PASSED] - navigateToUrl("https://github.com/"): Navigate to 'https://github.com/' successfully

2023-09-25 12:51:01 - [MESSAGE][PASSED] - Navigate to 'https://github.com/' successfully

2023-09-25 12:51:01 - [TEST_STEP][PASSED] - click(findTestObject("Object Repository/Page_GitHub Lets build from here  GitHub/a_Sign in")): Object: 'Object Repository/Page_GitHub Lets build from here  GitHub/a_Sign in' is clicked on

2023-09-25 12:51:02 - [MESSAGE][PASSED] - Object: 'Object Repository/Page_GitHub Lets build from here  GitHub/a_Sign in' is clicked on

2023-09-25 12:51:02 - [TEST_STEP][PASSED] - verifyElementText(findTestObject("Object Repository/Page_Sign in to GitHub  GitHub/h1_Sign in to GitHub"), "Sign in to GitHub"): Actual text and expected text of test object 'Object Repository/Page_Sign in to GitHub  GitHub/h1_Sign in to GitHub' are matched.

2023-09-25 12:51:04 - [MESSAGE][PASSED] - Actual text and expected text of test object 'Object Repository/Page_Sign in to GitHub  GitHub/h1_Sign in to GitHub' are matched.

2023-09-25 12:51:04 - [TEST_STEP][PASSED] - closeBrowser(): Browser is closed

2023-09-25 12:51:05 - [MESSAGE][PASSED] - Browser is closed]]></system-out>
         <system-err><![CDATA[]]></system-err>
      </testcase>
      <testcase name="Test Cases/Part3/TestCase28" time="9.476" classname="Test Cases/Part3/TestCase28" status="PASSED">
         <system-out><![CDATA[2023-09-25 12:51:05 - [TEST_CASE][PASSED] - Test Cases/Part3/TestCase28: Test Cases/Part3/TestCase28

2023-09-25 12:51:05 - [TEST_STEP][PASSED] - openBrowser(""): Browser is opened with url: ''

2023-09-25 12:51:05 - [MESSAGE][INFO] - Starting 'Chrome' driver

2023-09-25 12:51:05 - [MESSAGE][INFO] - Action delay is set to 0 milliseconds

2023-09-25 12:51:07 - [MESSAGE][PASSED] - Browser is opened with url: ''

2023-09-25 12:51:07 - [TEST_STEP][PASSED] - maximizeWindow(): Current window maximized

2023-09-25 12:51:07 - [MESSAGE][PASSED] - Current window maximized

2023-09-25 12:51:07 - [TEST_STEP][PASSED] - navigateToUrl("https://github.com/"): Navigate to 'https://github.com/' successfully

2023-09-25 12:51:10 - [MESSAGE][PASSED] - Navigate to 'https://github.com/' successfully

2023-09-25 12:51:10 - [TEST_STEP][PASSED] - click(findTestObject("Object Repository/Page_GitHub Lets build from here  GitHub/a_Sign in")): Object: 'Object Repository/Page_GitHub Lets build from here  GitHub/a_Sign in' is clicked on

2023-09-25 12:51:11 - [MESSAGE][PASSED] - Object: 'Object Repository/Page_GitHub Lets build from here  GitHub/a_Sign in' is clicked on

2023-09-25 12:51:11 - [TEST_STEP][PASSED] - verifyElementText(findTestObject("Object Repository/Page_Sign in to GitHub  GitHub/h1_Sign in to GitHub"), "Sign in to GitHub"): Actual text and expected text of test object 'Object Repository/Page_Sign in to GitHub  GitHub/h1_Sign in to GitHub' are matched.

2023-09-25 12:51:13 - [MESSAGE][PASSED] - Actual text and expected text of test object 'Object Repository/Page_Sign in to GitHub  GitHub/h1_Sign in to GitHub' are matched.

2023-09-25 12:51:13 - [TEST_STEP][PASSED] - closeBrowser(): Browser is closed

2023-09-25 12:51:14 - [MESSAGE][PASSED] - Browser is closed]]></system-out>
         <system-err><![CDATA[]]></system-err>
      </testcase>
      <testcase name="Test Cases/Part3/TestCase29" time="10.507" classname="Test Cases/Part3/TestCase29" status="PASSED">
         <system-out><![CDATA[2023-09-25 12:51:14 - [TEST_CASE][PASSED] - Test Cases/Part3/TestCase29: Test Cases/Part3/TestCase29

2023-09-25 12:51:15 - [TEST_STEP][PASSED] - openBrowser(""): Browser is opened with url: ''

2023-09-25 12:51:15 - [MESSAGE][INFO] - Starting 'Chrome' driver

2023-09-25 12:51:15 - [MESSAGE][INFO] - Action delay is set to 0 milliseconds

2023-09-25 12:51:16 - [MESSAGE][PASSED] - Browser is opened with url: ''

2023-09-25 12:51:16 - [TEST_STEP][PASSED] - maximizeWindow(): Current window maximized

2023-09-25 12:51:16 - [MESSAGE][PASSED] - Current window maximized

2023-09-25 12:51:16 - [TEST_STEP][PASSED] - navigateToUrl("https://github.com/"): Navigate to 'https://github.com/' successfully

2023-09-25 12:51:20 - [MESSAGE][PASSED] - Navigate to 'https://github.com/' successfully

2023-09-25 12:51:20 - [TEST_STEP][PASSED] - click(findTestObject("Object Repository/Page_GitHub Lets build from here  GitHub/a_Sign in")): Object: 'Object Repository/Page_GitHub Lets build from here  GitHub/a_Sign in' is clicked on

2023-09-25 12:51:21 - [MESSAGE][PASSED] - Object: 'Object Repository/Page_GitHub Lets build from here  GitHub/a_Sign in' is clicked on

2023-09-25 12:51:21 - [TEST_STEP][PASSED] - verifyElementText(findTestObject("Object Repository/Page_Sign in to GitHub  GitHub/h1_Sign in to GitHub"), "Sign in to GitHub"): Actual text and expected text of test object 'Object Repository/Page_Sign in to GitHub  GitHub/h1_Sign in to GitHub' are matched.

2023-09-25 12:51:24 - [MESSAGE][PASSED] - Actual text and expected text of test object 'Object Repository/Page_Sign in to GitHub  GitHub/h1_Sign in to GitHub' are matched.

2023-09-25 12:51:24 - [TEST_STEP][PASSED] - closeBrowser(): Browser is closed

2023-09-25 12:51:25 - [MESSAGE][PASSED] - Browser is closed]]></system-out>
         <system-err><![CDATA[]]></system-err>
      </testcase>
      <testcase name="Test Cases/Part3/TestCase30" time="9.589" classname="Test Cases/Part3/TestCase30" status="PASSED">
         <system-out><![CDATA[2023-09-25 12:51:25 - [TEST_CASE][PASSED] - Test Cases/Part3/TestCase30: Test Cases/Part3/TestCase30

2023-09-25 12:51:25 - [TEST_STEP][PASSED] - openBrowser(""): Browser is opened with url: ''

2023-09-25 12:51:25 - [MESSAGE][INFO] - Starting 'Chrome' driver

2023-09-25 12:51:25 - [MESSAGE][INFO] - Action delay is set to 0 milliseconds

2023-09-25 12:51:27 - [MESSAGE][PASSED] - Browser is opened with url: ''

2023-09-25 12:51:27 - [TEST_STEP][PASSED] - maximizeWindow(): Current window maximized

2023-09-25 12:51:27 - [MESSAGE][PASSED] - Current window maximized

2023-09-25 12:51:27 - [TEST_STEP][PASSED] - navigateToUrl("https://github.com/"): Navigate to 'https://github.com/' successfully

2023-09-25 12:51:30 - [MESSAGE][PASSED] - Navigate to 'https://github.com/' successfully

2023-09-25 12:51:30 - [TEST_STEP][PASSED] - click(findTestObject("Object Repository/Page_GitHub Lets build from here  GitHub/a_Sign in")): Object: 'Object Repository/Page_GitHub Lets build from here  GitHub/a_Sign in' is clicked on

2023-09-25 12:51:31 - [MESSAGE][PASSED] - Object: 'Object Repository/Page_GitHub Lets build from here  GitHub/a_Sign in' is clicked on

2023-09-25 12:51:31 - [TEST_STEP][PASSED] - verifyElementText(findTestObject("Object Repository/Page_Sign in to GitHub  GitHub/h1_Sign in to GitHub"), "Sign in to GitHub"): Actual text and expected text of test object 'Object Repository/Page_Sign in to GitHub  GitHub/h1_Sign in to GitHub' are matched.

2023-09-25 12:51:34 - [MESSAGE][PASSED] - Actual text and expected text of test object 'Object Repository/Page_Sign in to GitHub  GitHub/h1_Sign in to GitHub' are matched.

2023-09-25 12:51:34 - [TEST_STEP][PASSED] - closeBrowser(): Browser is closed

2023-09-25 12:51:34 - [MESSAGE][PASSED] - Browser is closed]]></system-out>
         <system-err><![CDATA[]]></system-err>
      </testcase>
      <testcase name="Test Cases/Part3/TestCase31" time="8.592" classname="Test Cases/Part3/TestCase31" status="PASSED">
         <system-out><![CDATA[2023-09-25 12:51:34 - [TEST_CASE][PASSED] - Test Cases/Part3/TestCase31: Test Cases/Part3/TestCase31

2023-09-25 12:51:35 - [TEST_STEP][PASSED] - openBrowser(""): Browser is opened with url: ''

2023-09-25 12:51:35 - [MESSAGE][INFO] - Starting 'Chrome' driver

2023-09-25 12:51:35 - [MESSAGE][INFO] - Action delay is set to 0 milliseconds

2023-09-25 12:51:36 - [MESSAGE][PASSED] - Browser is opened with url: ''

2023-09-25 12:51:36 - [TEST_STEP][PASSED] - maximizeWindow(): Current window maximized

2023-09-25 12:51:37 - [MESSAGE][PASSED] - Current window maximized

2023-09-25 12:51:37 - [TEST_STEP][PASSED] - navigateToUrl("https://www.google.com/"): Navigate to 'https://www.google.com/' successfully

2023-09-25 12:51:41 - [MESSAGE][PASSED] - Navigate to 'https://www.google.com/' successfully

2023-09-25 12:51:41 - [TEST_STEP][PASSED] - rightClick(findTestObject("Object Repository/Page_Google/input_Delete_btnK")): Object: 'Object Repository/Page_Google/input_Delete_btnK' is right clicked on

2023-09-25 12:51:42 - [MESSAGE][PASSED] - Object: 'Object Repository/Page_Google/input_Delete_btnK' is right clicked on

2023-09-25 12:51:42 - [TEST_STEP][PASSED] - verifyElementText(findTestObject("Object Repository/Page_Google/input_Delete_btnK"), ""): Actual text and expected text of test object 'Object Repository/Page_Google/input_Delete_btnK' are matched.

2023-09-25 12:51:42 - [MESSAGE][PASSED] - Actual text and expected text of test object 'Object Repository/Page_Google/input_Delete_btnK' are matched.

2023-09-25 12:51:42 - [TEST_STEP][PASSED] - closeBrowser(): Browser is closed

2023-09-25 12:51:43 - [MESSAGE][PASSED] - Browser is closed]]></system-out>
         <system-err><![CDATA[]]></system-err>
      </testcase>
      <testcase name="Test Cases/Part3/TestCase32" time="7.766" classname="Test Cases/Part3/TestCase32" status="PASSED">
         <system-out><![CDATA[2023-09-25 12:51:43 - [TEST_CASE][PASSED] - Test Cases/Part3/TestCase32: Test Cases/Part3/TestCase32

2023-09-25 12:51:43 - [TEST_STEP][PASSED] - openBrowser(""): Browser is opened with url: ''

2023-09-25 12:51:43 - [MESSAGE][INFO] - Starting 'Chrome' driver

2023-09-25 12:51:43 - [MESSAGE][INFO] - Action delay is set to 0 milliseconds

2023-09-25 12:51:45 - [MESSAGE][PASSED] - Browser is opened with url: ''

2023-09-25 12:51:45 - [TEST_STEP][PASSED] - maximizeWindow(): Current window maximized

2023-09-25 12:51:45 - [MESSAGE][PASSED] - Current window maximized

2023-09-25 12:51:45 - [TEST_STEP][PASSED] - navigateToUrl("https://www.google.com/"): Navigate to 'https://www.google.com/' successfully

2023-09-25 12:51:50 - [MESSAGE][PASSED] - Navigate to 'https://www.google.com/' successfully

2023-09-25 12:51:50 - [TEST_STEP][PASSED] - verifyElementPresent(findTestObject("Object Repository/Page_Google/input_Delete_btnK"), 0): Object 'Object Repository/Page_Google/input_Delete_btnK' is present

2023-09-25 12:51:50 - [MESSAGE][WARNING] - Timeout '0' is invalid. Using default page load timeout: '30'

2023-09-25 12:51:50 - [MESSAGE][PASSED] - Object 'Object Repository/Page_Google/input_Delete_btnK' is present

2023-09-25 12:51:50 - [TEST_STEP][PASSED] - closeBrowser(): Browser is closed

2023-09-25 12:51:51 - [MESSAGE][PASSED] - Browser is closed]]></system-out>
         <system-err><![CDATA[]]></system-err>
      </testcase>
      <testcase name="Test Cases/Part3/TestCase33" time="7.732" classname="Test Cases/Part3/TestCase33" status="PASSED">
         <system-out><![CDATA[2023-09-25 12:51:51 - [TEST_CASE][PASSED] - Test Cases/Part3/TestCase33: Test Cases/Part3/TestCase33

2023-09-25 12:51:51 - [TEST_STEP][PASSED] - openBrowser(""): Browser is opened with url: ''

2023-09-25 12:51:51 - [MESSAGE][INFO] - Starting 'Chrome' driver

2023-09-25 12:51:51 - [MESSAGE][INFO] - Action delay is set to 0 milliseconds

2023-09-25 12:51:52 - [MESSAGE][PASSED] - Browser is opened with url: ''

2023-09-25 12:51:52 - [TEST_STEP][PASSED] - maximizeWindow(): Current window maximized

2023-09-25 12:51:53 - [MESSAGE][PASSED] - Current window maximized

2023-09-25 12:51:53 - [TEST_STEP][PASSED] - navigateToUrl("https://www.google.com/"): Navigate to 'https://www.google.com/' successfully

2023-09-25 12:51:57 - [MESSAGE][PASSED] - Navigate to 'https://www.google.com/' successfully

2023-09-25 12:51:57 - [TEST_STEP][PASSED] - click(findTestObject("Object Repository/Page_Google/div_LS8OJdisplayflexflex-directioncolumnali_68ed27")): Object: 'Object Repository/Page_Google/div_LS8OJdisplayflexflex-directioncolumnali_68ed27' is clicked on

2023-09-25 12:51:57 - [MESSAGE][PASSED] - Object: 'Object Repository/Page_Google/div_LS8OJdisplayflexflex-directioncolumnali_68ed27' is clicked on

2023-09-25 12:51:57 - [TEST_STEP][PASSED] - verifyElementPresent(findTestObject("Object Repository/Page_Google/img_Sign in_lnXdpd"), 0): Object 'Object Repository/Page_Google/img_Sign in_lnXdpd' is present

2023-09-25 12:51:57 - [MESSAGE][WARNING] - Timeout '0' is invalid. Using default page load timeout: '30'

2023-09-25 12:51:58 - [MESSAGE][PASSED] - Object 'Object Repository/Page_Google/img_Sign in_lnXdpd' is present

2023-09-25 12:51:58 - [TEST_STEP][PASSED] - closeBrowser(): Browser is closed

2023-09-25 12:51:59 - [MESSAGE][PASSED] - Browser is closed]]></system-out>
         <system-err><![CDATA[]]></system-err>
      </testcase>
      <testcase name="Test Cases/Part3/TestCase34" time="11.481" classname="Test Cases/Part3/TestCase34" status="PASSED">
         <system-out><![CDATA[2023-09-25 12:51:59 - [TEST_CASE][PASSED] - Test Cases/Part3/TestCase34: Test Cases/Part3/TestCase34

2023-09-25 12:51:59 - [TEST_STEP][PASSED] - openBrowser(""): Browser is opened with url: ''

2023-09-25 12:51:59 - [MESSAGE][INFO] - Starting 'Chrome' driver

2023-09-25 12:51:59 - [MESSAGE][INFO] - Action delay is set to 0 milliseconds

2023-09-25 12:52:00 - [MESSAGE][PASSED] - Browser is opened with url: ''

2023-09-25 12:52:00 - [TEST_STEP][PASSED] - navigateToUrl("https://www.google.com/"): Navigate to 'https://www.google.com/' successfully

2023-09-25 12:52:05 - [MESSAGE][PASSED] - Navigate to 'https://www.google.com/' successfully

2023-09-25 12:52:05 - [TEST_STEP][PASSED] - setText(findTestObject("Object Repository/Page_Google/textarea__q"), "google"): Text 'google' is set on object 'Object Repository/Page_Google/textarea__q'

2023-09-25 12:52:06 - [MESSAGE][PASSED] - Text 'google' is set on object 'Object Repository/Page_Google/textarea__q'

2023-09-25 12:52:06 - [TEST_STEP][PASSED] - sendKeys(findTestObject("Page_Google/textarea__q"), Keys.chord(ENTER)): Keys 'ENTER + ' sent to object: 'Object Repository/Page_Google/textarea__q'

2023-09-25 12:52:07 - [MESSAGE][PASSED] - Keys 'ENTER + ' sent to object: 'Object Repository/Page_Google/textarea__q'

2023-09-25 12:52:07 - [TEST_STEP][PASSED] - verifyElementPresent(findTestObject("Object Repository/Page_google - Google Search/h3_Google"), 0): Object 'Object Repository/Page_google - Google Search/h3_Google' is present

2023-09-25 12:52:07 - [MESSAGE][WARNING] - Timeout '0' is invalid. Using default page load timeout: '30'

2023-09-25 12:52:09 - [MESSAGE][PASSED] - Object 'Object Repository/Page_google - Google Search/h3_Google' is present

2023-09-25 12:52:09 - [TEST_STEP][PASSED] - closeBrowser(): Browser is closed

2023-09-25 12:52:10 - [MESSAGE][PASSED] - Browser is closed]]></system-out>
         <system-err><![CDATA[]]></system-err>
      </testcase>
      <testcase name="Test Cases/Part3/TestCase35" time="9.317" classname="Test Cases/Part3/TestCase35" status="PASSED">
         <system-out><![CDATA[2023-09-25 12:52:10 - [TEST_CASE][PASSED] - Test Cases/Part3/TestCase35: Test Cases/Part3/TestCase35

2023-09-25 12:52:10 - [TEST_STEP][PASSED] - openBrowser(""): Browser is opened with url: ''

2023-09-25 12:52:10 - [MESSAGE][INFO] - Starting 'Chrome' driver

2023-09-25 12:52:10 - [MESSAGE][INFO] - Action delay is set to 0 milliseconds

2023-09-25 12:52:12 - [MESSAGE][PASSED] - Browser is opened with url: ''

2023-09-25 12:52:12 - [TEST_STEP][PASSED] - navigateToUrl("https://www.google.com/"): Navigate to 'https://www.google.com/' successfully

2023-09-25 12:52:17 - [MESSAGE][PASSED] - Navigate to 'https://www.google.com/' successfully

2023-09-25 12:52:17 - [TEST_STEP][PASSED] - setText(findTestObject("Object Repository/Page_Google/textarea__q"), "microsoft"): Text 'microsoft' is set on object 'Object Repository/Page_Google/textarea__q'

2023-09-25 12:52:18 - [MESSAGE][PASSED] - Text 'microsoft' is set on object 'Object Repository/Page_Google/textarea__q'

2023-09-25 12:52:18 - [TEST_STEP][PASSED] - sendKeys(findTestObject("Page_Google/textarea__q"), Keys.chord(ENTER)): Keys 'ENTER + ' sent to object: 'Object Repository/Page_Google/textarea__q'

2023-09-25 12:52:19 - [MESSAGE][PASSED] - Keys 'ENTER + ' sent to object: 'Object Repository/Page_Google/textarea__q'

2023-09-25 12:52:19 - [TEST_STEP][PASSED] - closeBrowser(): Browser is closed

2023-09-25 12:52:19 - [MESSAGE][PASSED] - Browser is closed]]></system-out>
         <system-err><![CDATA[]]></system-err>
      </testcase>
      <testcase name="Test Cases/Part3/TestCase36" time="8.872" classname="Test Cases/Part3/TestCase36" status="PASSED">
         <system-out><![CDATA[2023-09-25 12:52:19 - [TEST_CASE][PASSED] - Test Cases/Part3/TestCase36: Test Cases/Part3/TestCase36

2023-09-25 12:52:20 - [TEST_STEP][PASSED] - openBrowser(""): Browser is opened with url: ''

2023-09-25 12:52:20 - [MESSAGE][INFO] - Starting 'Chrome' driver

2023-09-25 12:52:20 - [MESSAGE][INFO] - Action delay is set to 0 milliseconds

2023-09-25 12:52:21 - [MESSAGE][PASSED] - Browser is opened with url: ''

2023-09-25 12:52:21 - [TEST_STEP][PASSED] - navigateToUrl("https://www.google.com/"): Navigate to 'https://www.google.com/' successfully

2023-09-25 12:52:25 - [MESSAGE][PASSED] - Navigate to 'https://www.google.com/' successfully

2023-09-25 12:52:25 - [TEST_STEP][PASSED] - setText(findTestObject("Object Repository/Page_Google/textarea__q"), "amazon"): Text 'amazon' is set on object 'Object Repository/Page_Google/textarea__q'

2023-09-25 12:52:26 - [MESSAGE][PASSED] - Text 'amazon' is set on object 'Object Repository/Page_Google/textarea__q'

2023-09-25 12:52:26 - [TEST_STEP][PASSED] - sendKeys(findTestObject("Page_Google/textarea__q"), Keys.chord(ENTER)): Keys 'ENTER + ' sent to object: 'Object Repository/Page_Google/textarea__q'

2023-09-25 12:52:27 - [MESSAGE][PASSED] - Keys 'ENTER + ' sent to object: 'Object Repository/Page_Google/textarea__q'

2023-09-25 12:52:27 - [TEST_STEP][PASSED] - closeBrowser(): Browser is closed

2023-09-25 12:52:28 - [MESSAGE][PASSED] - Browser is closed]]></system-out>
         <system-err><![CDATA[]]></system-err>
      </testcase>
      <system-out><![CDATA[2023-09-25 12:43:54 - [TEST_SUITE][FAILED] - First Test Suite: Test Cases/Part2/TestCase18 FAILED.
Reason:
com.kms.katalon.core.exception.StepFailedException: Verify element text of test object 'Object Repository/Page_Pricing  Plans for every developer  GitHub/h1_Get the complete developerplatform' FAILED.
	at com.kms.katalon.core.webui.keyword.internal.WebUIKeywordMain.stepFailed(WebUIKeywordMain.groovy:64)
	at com.kms.katalon.core.webui.keyword.internal.WebUIKeywordMain.runKeyword(WebUIKeywordMain.groovy:26)
	at com.kms.katalon.core.webui.keyword.builtin.VerifyElementTextKeyword.verifyElementText(VerifyElementTextKeyword.groovy:72)
	at com.kms.katalon.core.webui.keyword.builtin.VerifyElementTextKeyword.execute(VerifyElementTextKeyword.groovy:40)
	at com.kms.katalon.core.keyword.internal.KeywordExecutor.executeKeywordForPlatform(KeywordExecutor.groovy:74)
	at com.kms.katalon.core.webui.keyword.WebUiBuiltInKeywords.verifyElementText(WebUiBuiltInKeywords.groovy:4749)
	at com.kms.katalon.core.webui.keyword.WebUiBuiltInKeywords$verifyElementText$3.call(Unknown Source)
	at TestCase18.run(TestCase18:26)
	at com.kms.katalon.core.main.ScriptEngine.run(ScriptEngine.java:194)
	at com.kms.katalon.core.main.ScriptEngine.runScriptAsRawText(ScriptEngine.java:119)
	at com.kms.katalon.core.main.TestCaseExecutor.runScript(TestCaseExecutor.java:448)
	at com.kms.katalon.core.main.TestCaseExecutor.doExecute(TestCaseExecutor.java:439)
	at com.kms.katalon.core.main.TestCaseExecutor.processExecutionPhase(TestCaseExecutor.java:418)
	at com.kms.katalon.core.main.TestCaseExecutor.accessMainPhase(TestCaseExecutor.java:410)
	at com.kms.katalon.core.main.TestCaseExecutor.execute(TestCaseExecutor.java:285)
	at com.kms.katalon.core.common.CommonExecutor.accessTestCaseMainPhase(CommonExecutor.java:65)
	at com.kms.katalon.core.main.TestSuiteExecutor.accessTestSuiteMainPhase(TestSuiteExecutor.java:148)
	at com.kms.katalon.core.main.TestSuiteExecutor.execute(TestSuiteExecutor.java:106)
	at com.kms.katalon.core.main.TestCaseMain.startTestSuite(TestCaseMain.java:187)
	at com.kms.katalon.core.main.TestCaseMain$startTestSuite$0.call(Unknown Source)
	at TempTestSuite1695626028756.run(TempTestSuite1695626028756.groovy:36)
Caused by: com.kms.katalon.core.exception.StepFailedException: Actual text 'Let’s build from here' and expected text 'Get the complete developer platform.' of test object 'Object Repository/Page_Pricing  Plans for every developer  GitHub/h1_Get the complete developerplatform' are NOT matched.
	at com.kms.katalon.core.webui.keyword.internal.WebUIKeywordMain.stepFailed(WebUIKeywordMain.groovy:64)
	at com.kms.katalon.core.webui.keyword.builtin.VerifyElementTextKeyword$_verifyElementText_closure1.doCall(VerifyElementTextKeyword.groovy:57)
	at com.kms.katalon.core.webui.keyword.builtin.VerifyElementTextKeyword$_verifyElementText_closure1.call(VerifyElementTextKeyword.groovy)
	at com.kms.katalon.core.webui.keyword.internal.WebUIKeywordMain.runKeyword(WebUIKeywordMain.groovy:20)
	... 19 more]]></system-out>
      <system-err><![CDATA[2023-09-25 12:43:54 - [TEST_SUITE][FAILED] - First Test Suite: Test Cases/Part2/TestCase18 FAILED.
Reason:
com.kms.katalon.core.exception.StepFailedException: Verify element text of test object 'Object Repository/Page_Pricing  Plans for every developer  GitHub/h1_Get the complete developerplatform' FAILED.
	at com.kms.katalon.core.webui.keyword.internal.WebUIKeywordMain.stepFailed(WebUIKeywordMain.groovy:64)
	at com.kms.katalon.core.webui.keyword.internal.WebUIKeywordMain.runKeyword(WebUIKeywordMain.groovy:26)
	at com.kms.katalon.core.webui.keyword.builtin.VerifyElementTextKeyword.verifyElementText(VerifyElementTextKeyword.groovy:72)
	at com.kms.katalon.core.webui.keyword.builtin.VerifyElementTextKeyword.execute(VerifyElementTextKeyword.groovy:40)
	at com.kms.katalon.core.keyword.internal.KeywordExecutor.executeKeywordForPlatform(KeywordExecutor.groovy:74)
	at com.kms.katalon.core.webui.keyword.WebUiBuiltInKeywords.verifyElementText(WebUiBuiltInKeywords.groovy:4749)
	at com.kms.katalon.core.webui.keyword.WebUiBuiltInKeywords$verifyElementText$3.call(Unknown Source)
	at TestCase18.run(TestCase18:26)
	at com.kms.katalon.core.main.ScriptEngine.run(ScriptEngine.java:194)
	at com.kms.katalon.core.main.ScriptEngine.runScriptAsRawText(ScriptEngine.java:119)
	at com.kms.katalon.core.main.TestCaseExecutor.runScript(TestCaseExecutor.java:448)
	at com.kms.katalon.core.main.TestCaseExecutor.doExecute(TestCaseExecutor.java:439)
	at com.kms.katalon.core.main.TestCaseExecutor.processExecutionPhase(TestCaseExecutor.java:418)
	at com.kms.katalon.core.main.TestCaseExecutor.accessMainPhase(TestCaseExecutor.java:410)
	at com.kms.katalon.core.main.TestCaseExecutor.execute(TestCaseExecutor.java:285)
	at com.kms.katalon.core.common.CommonExecutor.accessTestCaseMainPhase(CommonExecutor.java:65)
	at com.kms.katalon.core.main.TestSuiteExecutor.accessTestSuiteMainPhase(TestSuiteExecutor.java:148)
	at com.kms.katalon.core.main.TestSuiteExecutor.execute(TestSuiteExecutor.java:106)
	at com.kms.katalon.core.main.TestCaseMain.startTestSuite(TestCaseMain.java:187)
	at com.kms.katalon.core.main.TestCaseMain$startTestSuite$0.call(Unknown Source)
	at TempTestSuite1695626028756.run(TempTestSuite1695626028756.groovy:36)
Caused by: com.kms.katalon.core.exception.StepFailedException: Actual text 'Let’s build from here' and expected text 'Get the complete developer platform.' of test object 'Object Repository/Page_Pricing  Plans for every developer  GitHub/h1_Get the complete developerplatform' are NOT matched.
	at com.kms.katalon.core.webui.keyword.internal.WebUIKeywordMain.stepFailed(WebUIKeywordMain.groovy:64)
	at com.kms.katalon.core.webui.keyword.builtin.VerifyElementTextKeyword$_verifyElementText_closure1.doCall(VerifyElementTextKeyword.groovy:57)
	at com.kms.katalon.core.webui.keyword.builtin.VerifyElementTextKeyword$_verifyElementText_closure1.call(VerifyElementTextKeyword.groovy)
	at com.kms.katalon.core.webui.keyword.internal.WebUIKeywordMain.runKeyword(WebUIKeywordMain.groovy:20)
	... 19 more]]></system-err>
   </testsuite>
</testsuites>
