<?xml version="1.0" encoding="UTF-8"?>
<testsuites name="First Test Suite" time="512.228" tests="30" failures="2" errors="0">
   <testsuite name="First Test Suite" tests="30" failures="2" errors="0" time="512.228" skipped="0" timestamp="2023-09-18 15:27:48" hostname="sachin.gajbhiye - ZIL591.mshome.net" id="Test Suites/First Test Suite">
      <properties>
         <property name="deviceName" value=""/>
         <property name="devicePlatform" value=""/>
         <property name="logFolder" value="C:\\Users\\sachin.gajbhiye\\git\\Katalon-Practice\\Reports\\20230918_152745\\First Test Suite\\20230918_152745"/>
         <property name="logFiles" value="C:\\Users\\sachin.gajbhiye\\git\\Katalon-Practice\\Reports\\20230918_152745\\First Test Suite\\20230918_152745\\execution0.log"/>
         <property name="attachments" value="C:\\Users\\sachin.gajbhiye\\git\\Katalon-Practice\\Reports\\20230918_152745\\First Test Suite\\20230918_152745\\1695031368427.png, C:\\Users\\sachin.gajbhiye\\git\\Katalon-Practice\\Reports\\20230918_152745\\First Test Suite\\20230918_152745\\1695031375832.png, C:\\Users\\sachin.gajbhiye\\git\\Katalon-Practice\\Reports\\20230918_152745\\First Test Suite\\20230918_152745\\1695031382477.png, C:\\Users\\sachin.gajbhiye\\git\\Katalon-Practice\\Reports\\20230918_152745\\First Test Suite\\20230918_152745\\1695031391286.png, C:\\Users\\sachin.gajbhiye\\git\\Katalon-Practice\\Reports\\20230918_152745\\First Test Suite\\20230918_152745\\1695031398756.png, C:\\Users\\sachin.gajbhiye\\git\\Katalon-Practice\\Reports\\20230918_152745\\First Test Suite\\20230918_152745\\1695031399956.png, C:\\Users\\sachin.gajbhiye\\git\\Katalon-Practice\\Reports\\20230918_152745\\First Test Suite\\20230918_152745\\1695031415560.png, C:\\Users\\sachin.gajbhiye\\git\\Katalon-Practice\\Reports\\20230918_152745\\First Test Suite\\20230918_152745\\1695031422485.png, C:\\Users\\sachin.gajbhiye\\git\\Katalon-Practice\\Reports\\20230918_152745\\First Test Suite\\20230918_152745\\1695031429435.png, C:\\Users\\sachin.gajbhiye\\git\\Katalon-Practice\\Reports\\20230918_152745\\First Test Suite\\20230918_152745\\1695031436528.png, C:\\Users\\sachin.gajbhiye\\git\\Katalon-Practice\\Reports\\20230918_152745\\First Test Suite\\20230918_152745\\1695031498192.png"/>
         <property name="hostName" value="sachin.gajbhiye - ZIL591.mshome.net"/>
         <property name="os" value="Windows 10 64bit"/>
         <property name="katalonVersion" value="8.6.8.208"/>
         <property name="browser" value="Chrome 116.0.0.0"/>
         <property name="hostAddress" value="172.19.128.1"/>
         <property name="sessionId" value="68828f1916bed7969c6a2f2798537d8e"/>
         <property name="seleniumVersion" value="3.141.59"/>
         <property name="proxyInformation" value="ProxyInformation { proxyOption=NO_PROXY, proxyServerType=HTTP, username=, password=********, proxyServerAddress=, proxyServerPort=0, executionList=&quot;&quot;, isApplyToDesiredCapabilities=true }"/>
         <property name="platform" value="Windows 10"/>
      </properties>
      <testcase name="Test Cases/Part1/TestCase01" time="16.203" classname="Test Cases/Part1/TestCase01" status="PASSED">
         <system-out><![CDATA[2023-09-18 15:27:49 - [TEST_CASE][PASSED] - Test Cases/Part1/TestCase01: Test Cases/Part1/TestCase01

2023-09-18 15:27:49 - [TEST_STEP][PASSED] - openBrowser(""): Browser is opened with url: ''

2023-09-18 15:27:50 - [MESSAGE][INFO] - Starting 'Chrome' driver

2023-09-18 15:27:50 - [MESSAGE][INFO] - Action delay is set to 0 milliseconds

2023-09-18 15:27:52 - [MESSAGE][PASSED] - Browser is opened with url: ''

2023-09-18 15:27:52 - [TEST_STEP][PASSED] - navigateToUrl("https://www.google.com/"): Navigate to 'https://www.google.com/' successfully

2023-09-18 15:27:59 - [MESSAGE][PASSED] - Navigate to 'https://www.google.com/' successfully

2023-09-18 15:27:59 - [TEST_STEP][PASSED] - rightClick(findTestObject("Object Repository/Page_Google/img_Sign in_lnXdpd")): Object: 'Object Repository/Page_Google/img_Sign in_lnXdpd' is right clicked on

2023-09-18 15:27:59 - [MESSAGE][PASSED] - Object: 'Object Repository/Page_Google/img_Sign in_lnXdpd' is right clicked on

2023-09-18 15:27:59 - [TEST_STEP][PASSED] - click(findTestObject("Object Repository/Page_Google/button_Stay signed out")): Object: 'Object Repository/Page_Google/button_Stay signed out' is clicked on

2023-09-18 15:28:00 - [MESSAGE][PASSED] - Object: 'Object Repository/Page_Google/button_Stay signed out' is clicked on

2023-09-18 15:28:00 - [TEST_STEP][PASSED] - rightClick(findTestObject("Object Repository/Page_Google/input_Delete_btnK")): Object: 'Object Repository/Page_Google/input_Delete_btnK' is right clicked on

2023-09-18 15:28:01 - [MESSAGE][PASSED] - Object: 'Object Repository/Page_Google/input_Delete_btnK' is right clicked on

2023-09-18 15:28:01 - [TEST_STEP][PASSED] - verifyElementText(findTestObject("Object Repository/Page_Google/input_Delete_btnK"), ""): Actual text and expected text of test object 'Object Repository/Page_Google/input_Delete_btnK' are matched.

2023-09-18 15:28:03 - [MESSAGE][PASSED] - Actual text and expected text of test object 'Object Repository/Page_Google/input_Delete_btnK' are matched.

2023-09-18 15:28:03 - [TEST_STEP][PASSED] - setText(findTestObject("Object Repository/Page_Google/textarea__q"), "jnj"): Text 'jnj' is set on object 'Object Repository/Page_Google/textarea__q'

2023-09-18 15:28:04 - [MESSAGE][PASSED] - Text 'jnj' is set on object 'Object Repository/Page_Google/textarea__q'

2023-09-18 15:28:04 - [TEST_STEP][PASSED] - closeBrowser(): Browser is closed

2023-09-18 15:28:05 - [MESSAGE][PASSED] - Browser is closed]]></system-out>
         <system-err><![CDATA[]]></system-err>
      </testcase>
      <testcase name="Test Cases/Part1/TestCase02" time="73.818" classname="Test Cases/Part1/TestCase02" status="PASSED">
         <system-out><![CDATA[2023-09-18 15:28:05 - [TEST_CASE][PASSED] - Test Cases/Part1/TestCase02: Test Cases/Part1/TestCase02

2023-09-18 15:28:05 - [TEST_STEP][PASSED] - openBrowser(""): Browser is opened with url: ''

2023-09-18 15:28:05 - [MESSAGE][INFO] - Starting 'Chrome' driver

2023-09-18 15:28:05 - [MESSAGE][INFO] - Action delay is set to 0 milliseconds

2023-09-18 15:28:07 - [MESSAGE][PASSED] - Browser is opened with url: ''

2023-09-18 15:28:07 - [TEST_STEP][PASSED] - maximizeWindow(): Current window maximized

2023-09-18 15:28:07 - [MESSAGE][PASSED] - Current window maximized

2023-09-18 15:28:07 - [TEST_STEP][PASSED] - navigateToUrl("https://www.google.com/"): Navigate to 'https://www.google.com/' successfully

2023-09-18 15:28:12 - [MESSAGE][PASSED] - Navigate to 'https://www.google.com/' successfully

2023-09-18 15:28:12 - [TEST_STEP][PASSED] - rightClick(findTestObject("Object Repository/Page_Google/textarea__q")): Object: 'Object Repository/Page_Google/textarea__q' is right clicked on

2023-09-18 15:28:12 - [MESSAGE][PASSED] - Object: 'Object Repository/Page_Google/textarea__q' is right clicked on

2023-09-18 15:28:12 - [TEST_STEP][PASSED] - verifyElementPresent(findTestObject("Object Repository/Page_Google/textarea__q"), 0): Object 'Object Repository/Page_Google/textarea__q' is present

2023-09-18 15:28:12 - [MESSAGE][WARNING] - Timeout '0' is invalid. Using default page load timeout: '30'

2023-09-18 15:28:13 - [MESSAGE][PASSED] - Object 'Object Repository/Page_Google/textarea__q' is present

2023-09-18 15:28:13 - [TEST_STEP][PASSED] - setText(findTestObject("Object Repository/Page_Google/textarea__q"), "translator"): Text 'translator' is set on object 'Object Repository/Page_Google/textarea__q'

2023-09-18 15:28:13 - [MESSAGE][PASSED] - Text 'translator' is set on object 'Object Repository/Page_Google/textarea__q'

2023-09-18 15:28:13 - [TEST_STEP][PASSED] - sendKeys(findTestObject("Object Repository/Page_Google/textarea__q"), Keys.chord(ENTER)): Keys 'ENTER + ' sent to object: 'Object Repository/Page_Google/textarea__q'

2023-09-18 15:28:14 - [MESSAGE][PASSED] - Keys 'ENTER + ' sent to object: 'Object Repository/Page_Google/textarea__q'

2023-09-18 15:28:14 - [TEST_STEP][PASSED] - scrollToElement(findTestObject("Object Repository/Page_translator - Google Search/h3_Google Translate"), 0): Scroll to object 'Object Repository/Page_translator - Google Search/h3_Google Translate' successfully

2023-09-18 15:28:15 - [MESSAGE][WARNING] - Timeout '0' is invalid. Using default page load timeout: '30'

2023-09-18 15:28:46 - [MESSAGE][INFO] - Unable to find the element located by 'By.xpath: //div[@id='rso']/div[2]/div/div/div/div/div/div/div/div/div/span/a/h3'. Please recheck the objects properties to make sure the desired element is located. 

2023-09-18 15:28:46 - [MESSAGE][WARNING] - [SELF-HEALING] Failed to find element with id 'Object Repository/Page_translator - Google Search/h3_Google Translate'. Try using Self-healing.

2023-09-18 15:28:46 - [MESSAGE][WARNING] - [SELF-HEALING] The current locator of test object 'Object Repository/Page_translator - Google Search/h3_Google Translate' was broken. Propose an alternative one: '(.//*[normalize-space(text()) and normalize-space(.)='Web result with site links'])[1]/following::h3[1]'.

2023-09-18 15:28:46 - [MESSAGE][PASSED] - Scroll to object 'Object Repository/Page_translator - Google Search/h3_Google Translate' successfully

2023-09-18 15:28:46 - [TEST_STEP][PASSED] - verifyElementVisible(findTestObject("Object Repository/Page_translator - Google Search/h3_Google Translate")): Object 'Object Repository/Page_translator - Google Search/h3_Google Translate' is visible

2023-09-18 15:29:18 - [MESSAGE][INFO] - Unable to find the element located by 'By.xpath: //div[@id='rso']/div[2]/div/div/div/div/div/div/div/div/div/span/a/h3'. Please recheck the objects properties to make sure the desired element is located. 

2023-09-18 15:29:18 - [MESSAGE][WARNING] - [SELF-HEALING] Failed to find element with id 'Object Repository/Page_translator - Google Search/h3_Google Translate'. Try using Self-healing.

2023-09-18 15:29:18 - [MESSAGE][WARNING] - [SELF-HEALING] The current locator of test object 'Object Repository/Page_translator - Google Search/h3_Google Translate' was broken. Propose an alternative one: '(.//*[normalize-space(text()) and normalize-space(.)='Web result with site links'])[1]/following::h3[1]'.

2023-09-18 15:29:18 - [MESSAGE][PASSED] - Object 'Object Repository/Page_translator - Google Search/h3_Google Translate' is visible

2023-09-18 15:29:18 - [TEST_STEP][PASSED] - closeBrowser(): Browser is closed

2023-09-18 15:29:19 - [MESSAGE][PASSED] - Browser is closed]]></system-out>
         <system-err><![CDATA[]]></system-err>
      </testcase>
      <testcase name="Test Cases/Part1/TestCase03" time="19.477" classname="Test Cases/Part1/TestCase03" status="PASSED">
         <system-out><![CDATA[2023-09-18 15:29:19 - [TEST_CASE][PASSED] - Test Cases/Part1/TestCase03: Test Cases/Part1/TestCase03

2023-09-18 15:29:19 - [TEST_STEP][PASSED] - openBrowser(""): Browser is opened with url: ''

2023-09-18 15:29:19 - [MESSAGE][INFO] - Starting 'Chrome' driver

2023-09-18 15:29:19 - [MESSAGE][INFO] - Action delay is set to 0 milliseconds

2023-09-18 15:29:21 - [MESSAGE][PASSED] - Browser is opened with url: ''

2023-09-18 15:29:21 - [TEST_STEP][PASSED] - maximizeWindow(): Current window maximized

2023-09-18 15:29:21 - [MESSAGE][PASSED] - Current window maximized

2023-09-18 15:29:21 - [TEST_STEP][PASSED] - navigateToUrl("https://www.google.com/"): Navigate to 'https://www.google.com/' successfully

2023-09-18 15:29:26 - [MESSAGE][PASSED] - Navigate to 'https://www.google.com/' successfully

2023-09-18 15:29:26 - [TEST_STEP][PASSED] - setText(findTestObject("Object Repository/Page_Google/textarea__q"), "www.gmail.com"): Text 'www.gmail.com' is set on object 'Object Repository/Page_Google/textarea__q'

2023-09-18 15:29:27 - [MESSAGE][PASSED] - Text 'www.gmail.com' is set on object 'Object Repository/Page_Google/textarea__q'

2023-09-18 15:29:27 - [TEST_STEP][PASSED] - sendKeys(findTestObject("Object Repository/Page_Google/textarea__q"), Keys.chord(ENTER)): Keys 'ENTER + ' sent to object: 'Object Repository/Page_Google/textarea__q'

2023-09-18 15:29:28 - [MESSAGE][PASSED] - Keys 'ENTER + ' sent to object: 'Object Repository/Page_Google/textarea__q'

2023-09-18 15:29:28 - [TEST_STEP][PASSED] - click(findTestObject("Object Repository/Page_www.gmail.com - Google Search/h3_Email - Gmail - Google")): Object: 'Object Repository/Page_www.gmail.com - Google Search/h3_Email - Gmail - Google' is clicked on

2023-09-18 15:29:37 - [MESSAGE][PASSED] - Object: 'Object Repository/Page_www.gmail.com - Google Search/h3_Email - Gmail - Google' is clicked on

2023-09-18 15:29:37 - [TEST_STEP][PASSED] - verifyElementVisible(findTestObject("Object Repository/Page_Gmail Private and secure email at no c_d3ebd8/span_Create an account")): Object 'Object Repository/Page_Gmail Private and secure email at no c_d3ebd8/span_Create an account' is visible

2023-09-18 15:29:37 - [MESSAGE][PASSED] - Object 'Object Repository/Page_Gmail Private and secure email at no c_d3ebd8/span_Create an account' is visible

2023-09-18 15:29:37 - [TEST_STEP][PASSED] - closeBrowser(): Browser is closed

2023-09-18 15:29:38 - [MESSAGE][PASSED] - Browser is closed]]></system-out>
         <system-err><![CDATA[]]></system-err>
      </testcase>
      <testcase name="Test Cases/Part1/TestCase04" time="42.116" classname="Test Cases/Part1/TestCase04" status="PASSED">
         <system-out><![CDATA[2023-09-18 15:29:38 - [TEST_CASE][PASSED] - Test Cases/Part1/TestCase04: Test Cases/Part1/TestCase04

2023-09-18 15:29:39 - [TEST_STEP][PASSED] - openBrowser(""): Browser is opened with url: ''

2023-09-18 15:29:39 - [MESSAGE][INFO] - Starting 'Chrome' driver

2023-09-18 15:29:39 - [MESSAGE][INFO] - Action delay is set to 0 milliseconds

2023-09-18 15:29:40 - [MESSAGE][PASSED] - Browser is opened with url: ''

2023-09-18 15:29:40 - [TEST_STEP][PASSED] - navigateToUrl("https://www.google.com/"): Navigate to 'https://www.google.com/' successfully

2023-09-18 15:29:44 - [MESSAGE][PASSED] - Navigate to 'https://www.google.com/' successfully

2023-09-18 15:29:44 - [TEST_STEP][PASSED] - setText(findTestObject("Object Repository/Page_Google/textarea__q"), "facebook.com"): Text 'facebook.com' is set on object 'Object Repository/Page_Google/textarea__q'

2023-09-18 15:29:45 - [MESSAGE][PASSED] - Text 'facebook.com' is set on object 'Object Repository/Page_Google/textarea__q'

2023-09-18 15:29:45 - [TEST_STEP][PASSED] - sendKeys(findTestObject("Page_Google/textarea__q"), Keys.chord(ENTER)): Keys 'ENTER + ' sent to object: 'Object Repository/Page_Google/textarea__q'

2023-09-18 15:29:46 - [MESSAGE][PASSED] - Keys 'ENTER + ' sent to object: 'Object Repository/Page_Google/textarea__q'

2023-09-18 15:29:46 - [TEST_STEP][PASSED] - click(findTestObject("Object Repository/Page_facebook.com - Google Search/h3_Facebook - log in or sign up")): Object: 'Object Repository/Page_facebook.com - Google Search/h3_Facebook - log in or sign up' is clicked on

2023-09-18 15:30:18 - [MESSAGE][INFO] - Unable to find the element located by 'By.xpath: //div[@id='rso']/div/div/div/div/div/div/div/div/div/div/span/a/h3'. Please recheck the objects properties to make sure the desired element is located. 

2023-09-18 15:30:18 - [MESSAGE][WARNING] - [SELF-HEALING] Failed to find element with id 'Object Repository/Page_facebook.com - Google Search/h3_Facebook - log in or sign up'. Try using Self-healing.

2023-09-18 15:30:18 - [MESSAGE][WARNING] - [SELF-HEALING] The current locator of test object 'Object Repository/Page_facebook.com - Google Search/h3_Facebook - log in or sign up' was broken. Propose an alternative one: '(.//*[normalize-space(text()) and normalize-space(.)='Web result with site links'])[1]/following::h3[1]'.

2023-09-18 15:30:20 - [MESSAGE][PASSED] - Object: 'Object Repository/Page_facebook.com - Google Search/h3_Facebook - log in or sign up' is clicked on

2023-09-18 15:30:20 - [TEST_STEP][PASSED] - closeBrowser(): Browser is closed

2023-09-18 15:30:20 - [MESSAGE][PASSED] - Browser is closed]]></system-out>
         <system-err><![CDATA[]]></system-err>
      </testcase>
      <testcase name="Test Cases/Part1/TestCase05" time="21.741" classname="Test Cases/Part1/TestCase05" status="PASSED">
         <system-out><![CDATA[2023-09-18 15:30:20 - [TEST_CASE][PASSED] - Test Cases/Part1/TestCase05: Test Cases/Part1/TestCase05

2023-09-18 15:30:21 - [TEST_STEP][PASSED] - openBrowser(""): Browser is opened with url: ''

2023-09-18 15:30:21 - [MESSAGE][INFO] - Starting 'Chrome' driver

2023-09-18 15:30:21 - [MESSAGE][INFO] - Action delay is set to 0 milliseconds

2023-09-18 15:30:22 - [MESSAGE][PASSED] - Browser is opened with url: ''

2023-09-18 15:30:22 - [TEST_STEP][PASSED] - maximizeWindow(): Current window maximized

2023-09-18 15:30:23 - [MESSAGE][PASSED] - Current window maximized

2023-09-18 15:30:23 - [TEST_STEP][PASSED] - navigateToUrl("https://www.google.com/"): Navigate to 'https://www.google.com/' successfully

2023-09-18 15:30:27 - [MESSAGE][PASSED] - Navigate to 'https://www.google.com/' successfully

2023-09-18 15:30:27 - [TEST_STEP][PASSED] - setText(findTestObject("Object Repository/Page_Google/textarea__q"), "hackerrank"): Text 'hackerrank' is set on object 'Object Repository/Page_Google/textarea__q'

2023-09-18 15:30:28 - [MESSAGE][PASSED] - Text 'hackerrank' is set on object 'Object Repository/Page_Google/textarea__q'

2023-09-18 15:30:28 - [TEST_STEP][PASSED] - sendKeys(findTestObject("Page_Google/textarea__q"), Keys.chord(ENTER)): Keys 'ENTER + ' sent to object: 'Object Repository/Page_Google/textarea__q'

2023-09-18 15:30:29 - [MESSAGE][PASSED] - Keys 'ENTER + ' sent to object: 'Object Repository/Page_Google/textarea__q'

2023-09-18 15:30:29 - [TEST_STEP][PASSED] - click(findTestObject("Object Repository/Page_hackerrank - Google Search/h3_HackerRank - Online Coding Tests and Tec_2dee1e")): Object: 'Object Repository/Page_hackerrank - Google Search/h3_HackerRank - Online Coding Tests and Tec_2dee1e' is clicked on

2023-09-18 15:30:40 - [MESSAGE][PASSED] - Object: 'Object Repository/Page_hackerrank - Google Search/h3_HackerRank - Online Coding Tests and Tec_2dee1e' is clicked on

2023-09-18 15:30:40 - [TEST_STEP][PASSED] - rightClick(findTestObject("Object Repository/Page_HackerRank - Online Coding Tests and T_423249/a_Sign up")): Object: 'Object Repository/Page_HackerRank - Online Coding Tests and T_423249/a_Sign up' is right clicked on

2023-09-18 15:30:41 - [MESSAGE][PASSED] - Object: 'Object Repository/Page_HackerRank - Online Coding Tests and T_423249/a_Sign up' is right clicked on

2023-09-18 15:30:41 - [TEST_STEP][PASSED] - verifyElementVisible(findTestObject("Object Repository/Page_HackerRank - Online Coding Tests and T_423249/a_Sign up")): Object 'Object Repository/Page_HackerRank - Online Coding Tests and T_423249/a_Sign up' is visible

2023-09-18 15:30:41 - [MESSAGE][PASSED] - Object 'Object Repository/Page_HackerRank - Online Coding Tests and T_423249/a_Sign up' is visible

2023-09-18 15:30:41 - [TEST_STEP][PASSED] - closeBrowser(): Browser is closed

2023-09-18 15:30:42 - [MESSAGE][PASSED] - Browser is closed]]></system-out>
         <system-err><![CDATA[]]></system-err>
      </testcase>
      <testcase name="Test Cases/Part1/TestCase06" time="35.72" classname="Test Cases/Part1/TestCase06" status="PASSED">
         <system-out><![CDATA[2023-09-18 15:30:42 - [TEST_CASE][PASSED] - Test Cases/Part1/TestCase06: Test Cases/Part1/TestCase06

2023-09-18 15:30:43 - [TEST_STEP][PASSED] - openBrowser(""): Browser is opened with url: ''

2023-09-18 15:30:43 - [MESSAGE][INFO] - Starting 'Chrome' driver

2023-09-18 15:30:43 - [MESSAGE][INFO] - Action delay is set to 0 milliseconds

2023-09-18 15:30:44 - [MESSAGE][PASSED] - Browser is opened with url: ''

2023-09-18 15:30:44 - [TEST_STEP][PASSED] - maximizeWindow(): Current window maximized

2023-09-18 15:30:44 - [MESSAGE][PASSED] - Current window maximized

2023-09-18 15:30:44 - [TEST_STEP][PASSED] - navigateToUrl("https://www.google.com/"): Navigate to 'https://www.google.com/' successfully

2023-09-18 15:30:48 - [MESSAGE][PASSED] - Navigate to 'https://www.google.com/' successfully

2023-09-18 15:30:48 - [TEST_STEP][PASSED] - setText(findTestObject("Object Repository/Page_Google/textarea__q"), "katalon"): Text 'katalon' is set on object 'Object Repository/Page_Google/textarea__q'

2023-09-18 15:30:49 - [MESSAGE][PASSED] - Text 'katalon' is set on object 'Object Repository/Page_Google/textarea__q'

2023-09-18 15:30:49 - [TEST_STEP][PASSED] - sendKeys(findTestObject("Page_Google/textarea__q"), Keys.chord(ENTER)): Keys 'ENTER + ' sent to object: 'Object Repository/Page_Google/textarea__q'

2023-09-18 15:30:50 - [MESSAGE][PASSED] - Keys 'ENTER + ' sent to object: 'Object Repository/Page_Google/textarea__q'

2023-09-18 15:30:50 - [TEST_STEP][PASSED] - click(findTestObject("Object Repository/Page_katalon - Google Search/span_Katalon Studio - 1 Software Testing Tool")): Object: 'Object Repository/Page_katalon - Google Search/span_Katalon Studio - 1 Software Testing Tool' is clicked on

2023-09-18 15:31:12 - [MESSAGE][PASSED] - Object: 'Object Repository/Page_katalon - Google Search/span_Katalon Studio - 1 Software Testing Tool' is clicked on

2023-09-18 15:31:12 - [TEST_STEP][PASSED] - click(findTestObject("Object Repository/Page_Katalon AI-augmented Software Quality _596167/button_Accept All Cookies")): Object: 'Object Repository/Page_Katalon AI-augmented Software Quality _596167/button_Accept All Cookies' is clicked on

2023-09-18 15:31:13 - [MESSAGE][PASSED] - Object: 'Object Repository/Page_Katalon AI-augmented Software Quality _596167/button_Accept All Cookies' is clicked on

2023-09-18 15:31:13 - [TEST_STEP][PASSED] - verifyElementPresent(findTestObject("Object Repository/Page_Katalon AI-augmented Software Quality _596167/a_Start free trial"), 0): Object 'Object Repository/Page_Katalon AI-augmented Software Quality _596167/a_Start free trial' is present

2023-09-18 15:31:13 - [MESSAGE][WARNING] - Timeout '0' is invalid. Using default page load timeout: '30'

2023-09-18 15:31:17 - [MESSAGE][PASSED] - Object 'Object Repository/Page_Katalon AI-augmented Software Quality _596167/a_Start free trial' is present

2023-09-18 15:31:17 - [TEST_STEP][PASSED] - closeBrowser(): Browser is closed

2023-09-18 15:31:18 - [MESSAGE][PASSED] - Browser is closed]]></system-out>
         <system-err><![CDATA[]]></system-err>
      </testcase>
      <testcase name="Test Cases/Part1/TestCase07" time="9.459" classname="Test Cases/Part1/TestCase07" status="PASSED">
         <system-out><![CDATA[2023-09-18 15:31:18 - [TEST_CASE][PASSED] - Test Cases/Part1/TestCase07: Test Cases/Part1/TestCase07

2023-09-18 15:31:18 - [TEST_STEP][PASSED] - openBrowser(""): Browser is opened with url: ''

2023-09-18 15:31:18 - [MESSAGE][INFO] - Starting 'Chrome' driver

2023-09-18 15:31:18 - [MESSAGE][INFO] - Action delay is set to 0 milliseconds

2023-09-18 15:31:20 - [MESSAGE][PASSED] - Browser is opened with url: ''

2023-09-18 15:31:20 - [TEST_STEP][PASSED] - maximizeWindow(): Current window maximized

2023-09-18 15:31:20 - [MESSAGE][PASSED] - Current window maximized

2023-09-18 15:31:20 - [TEST_STEP][PASSED] - navigateToUrl("https://www.google.com/"): Navigate to 'https://www.google.com/' successfully

2023-09-18 15:31:24 - [MESSAGE][PASSED] - Navigate to 'https://www.google.com/' successfully

2023-09-18 15:31:24 - [TEST_STEP][PASSED] - setText(findTestObject("Object Repository/Page_Google/textarea__q"), "eulers"): Text 'eulers' is set on object 'Object Repository/Page_Google/textarea__q'

2023-09-18 15:31:25 - [MESSAGE][PASSED] - Text 'eulers' is set on object 'Object Repository/Page_Google/textarea__q'

2023-09-18 15:31:25 - [TEST_STEP][PASSED] - sendKeys(findTestObject("Page_Google/textarea__q"), Keys.chord(ENTER)): Keys 'ENTER + ' sent to object: 'Object Repository/Page_Google/textarea__q'

2023-09-18 15:31:27 - [MESSAGE][PASSED] - Keys 'ENTER + ' sent to object: 'Object Repository/Page_Google/textarea__q'

2023-09-18 15:31:27 - [TEST_STEP][PASSED] - closeBrowser(): Browser is closed

2023-09-18 15:31:27 - [MESSAGE][PASSED] - Browser is closed]]></system-out>
         <system-err><![CDATA[]]></system-err>
      </testcase>
      <testcase name="Test Cases/Part1/TestCase08" time="7.395" classname="Test Cases/Part1/TestCase08" status="PASSED">
         <system-out><![CDATA[2023-09-18 15:31:27 - [TEST_CASE][PASSED] - Test Cases/Part1/TestCase08: Test Cases/Part1/TestCase08

2023-09-18 15:31:28 - [TEST_STEP][PASSED] - openBrowser(""): Browser is opened with url: ''

2023-09-18 15:31:28 - [MESSAGE][INFO] - Starting 'Chrome' driver

2023-09-18 15:31:28 - [MESSAGE][INFO] - Action delay is set to 0 milliseconds

2023-09-18 15:31:29 - [MESSAGE][PASSED] - Browser is opened with url: ''

2023-09-18 15:31:29 - [TEST_STEP][PASSED] - maximizeWindow(): Current window maximized

2023-09-18 15:31:29 - [MESSAGE][PASSED] - Current window maximized

2023-09-18 15:31:29 - [TEST_STEP][PASSED] - navigateToUrl("https://projecteuler.net/"): Navigate to 'https://projecteuler.net/' successfully

2023-09-18 15:31:31 - [MESSAGE][PASSED] - Navigate to 'https://projecteuler.net/' successfully

2023-09-18 15:31:31 - [TEST_STEP][PASSED] - click(findTestObject("Object Repository/Page_About - Project Euler/a_Sign In")): Object: 'Object Repository/Page_About - Project Euler/a_Sign In' is clicked on

2023-09-18 15:31:34 - [MESSAGE][PASSED] - Object: 'Object Repository/Page_About - Project Euler/a_Sign In' is clicked on

2023-09-18 15:31:34 - [TEST_STEP][PASSED] - verifyElementVisible(findTestObject("Object Repository/Page_Sign In - Project Euler/input_Remember Me_sign_in")): Object 'Object Repository/Page_Sign In - Project Euler/input_Remember Me_sign_in' is visible

2023-09-18 15:31:34 - [MESSAGE][PASSED] - Object 'Object Repository/Page_Sign In - Project Euler/input_Remember Me_sign_in' is visible

2023-09-18 15:31:34 - [TEST_STEP][PASSED] - closeBrowser(): Browser is closed

2023-09-18 15:31:35 - [MESSAGE][PASSED] - Browser is closed]]></system-out>
         <system-err><![CDATA[]]></system-err>
      </testcase>
      <testcase name="Test Cases/Part1/TestCase09" time="5.905" classname="Test Cases/Part1/TestCase09" status="PASSED">
         <system-out><![CDATA[2023-09-18 15:31:35 - [TEST_CASE][PASSED] - Test Cases/Part1/TestCase09: Test Cases/Part1/TestCase09

2023-09-18 15:31:35 - [TEST_STEP][PASSED] - openBrowser(""): Browser is opened with url: ''

2023-09-18 15:31:35 - [MESSAGE][INFO] - Starting 'Chrome' driver

2023-09-18 15:31:35 - [MESSAGE][INFO] - Action delay is set to 0 milliseconds

2023-09-18 15:31:36 - [MESSAGE][PASSED] - Browser is opened with url: ''

2023-09-18 15:31:36 - [TEST_STEP][PASSED] - maximizeWindow(): Current window maximized

2023-09-18 15:31:37 - [MESSAGE][PASSED] - Current window maximized

2023-09-18 15:31:37 - [TEST_STEP][PASSED] - navigateToUrl("https://www.wikipedia.org/"): Navigate to 'https://www.wikipedia.org/' successfully

2023-09-18 15:31:39 - [MESSAGE][PASSED] - Navigate to 'https://www.wikipedia.org/' successfully

2023-09-18 15:31:39 - [TEST_STEP][PASSED] - rightClick(findTestObject("Object Repository/Page_Wikipedia/input_Search Wikipedia_search")): Object: 'Object Repository/Page_Wikipedia/input_Search Wikipedia_search' is right clicked on

2023-09-18 15:31:39 - [MESSAGE][PASSED] - Object: 'Object Repository/Page_Wikipedia/input_Search Wikipedia_search' is right clicked on

2023-09-18 15:31:39 - [TEST_STEP][PASSED] - verifyElementVisible(findTestObject("Object Repository/Page_Wikipedia/input_Search Wikipedia_search")): Object 'Object Repository/Page_Wikipedia/input_Search Wikipedia_search' is visible

2023-09-18 15:31:40 - [MESSAGE][PASSED] - Object 'Object Repository/Page_Wikipedia/input_Search Wikipedia_search' is visible

2023-09-18 15:31:40 - [TEST_STEP][PASSED] - closeBrowser(): Browser is closed

2023-09-18 15:31:41 - [MESSAGE][PASSED] - Browser is closed]]></system-out>
         <system-err><![CDATA[]]></system-err>
      </testcase>
      <testcase name="Test Cases/Part1/TestCase10" time="9.811" classname="Test Cases/Part1/TestCase10" status="PASSED">
         <system-out><![CDATA[2023-09-18 15:31:41 - [TEST_CASE][PASSED] - Test Cases/Part1/TestCase10: Test Cases/Part1/TestCase10

2023-09-18 15:31:41 - [TEST_STEP][PASSED] - openBrowser(""): Browser is opened with url: ''

2023-09-18 15:31:41 - [MESSAGE][INFO] - Starting 'Chrome' driver

2023-09-18 15:31:41 - [MESSAGE][INFO] - Action delay is set to 0 milliseconds

2023-09-18 15:31:42 - [MESSAGE][PASSED] - Browser is opened with url: ''

2023-09-18 15:31:42 - [TEST_STEP][PASSED] - maximizeWindow(): Current window maximized

2023-09-18 15:31:43 - [MESSAGE][PASSED] - Current window maximized

2023-09-18 15:31:43 - [TEST_STEP][PASSED] - navigateToUrl("https://www.wikipedia.org/"): Navigate to 'https://www.wikipedia.org/' successfully

2023-09-18 15:31:44 - [MESSAGE][PASSED] - Navigate to 'https://www.wikipedia.org/' successfully

2023-09-18 15:31:44 - [TEST_STEP][PASSED] - click(findTestObject("Object Repository/Page_Wikipedia/strong_English")): Object: 'Object Repository/Page_Wikipedia/strong_English' is clicked on

2023-09-18 15:31:48 - [MESSAGE][PASSED] - Object: 'Object Repository/Page_Wikipedia/strong_English' is clicked on

2023-09-18 15:31:48 - [TEST_STEP][PASSED] - scrollToElement(findTestObject("Object Repository/Page_Wikipedia, the free encyclopedia/a_Wikipedia"), 0): Scroll to object 'Object Repository/Page_Wikipedia, the free encyclopedia/a_Wikipedia' successfully

2023-09-18 15:31:48 - [MESSAGE][WARNING] - Timeout '0' is invalid. Using default page load timeout: '30'

2023-09-18 15:31:49 - [MESSAGE][PASSED] - Scroll to object 'Object Repository/Page_Wikipedia, the free encyclopedia/a_Wikipedia' successfully

2023-09-18 15:31:49 - [TEST_STEP][PASSED] - verifyElementPresent(findTestObject("Object Repository/Page_Wikipedia, the free encyclopedia/a_Wikipedia"), 0): Object 'Object Repository/Page_Wikipedia, the free encyclopedia/a_Wikipedia' is present

2023-09-18 15:31:49 - [MESSAGE][WARNING] - Timeout '0' is invalid. Using default page load timeout: '30'

2023-09-18 15:31:50 - [MESSAGE][PASSED] - Object 'Object Repository/Page_Wikipedia, the free encyclopedia/a_Wikipedia' is present

2023-09-18 15:31:50 - [TEST_STEP][PASSED] - closeBrowser(): Browser is closed

2023-09-18 15:31:50 - [MESSAGE][PASSED] - Browser is closed]]></system-out>
         <system-err><![CDATA[]]></system-err>
      </testcase>
      <testcase name="Test Cases/Part2/TestCase11" time="6.089" classname="Test Cases/Part2/TestCase11" status="PASSED">
         <system-out><![CDATA[2023-09-18 15:31:51 - [TEST_CASE][PASSED] - Test Cases/Part2/TestCase11: Test Cases/Part2/TestCase11

2023-09-18 15:31:51 - [TEST_STEP][PASSED] - openBrowser(""): Browser is opened with url: ''

2023-09-18 15:31:51 - [MESSAGE][INFO] - Starting 'Chrome' driver

2023-09-18 15:31:51 - [MESSAGE][INFO] - Action delay is set to 0 milliseconds

2023-09-18 15:31:52 - [MESSAGE][PASSED] - Browser is opened with url: ''

2023-09-18 15:31:52 - [TEST_STEP][PASSED] - maximizeWindow(): Current window maximized

2023-09-18 15:31:52 - [MESSAGE][PASSED] - Current window maximized

2023-09-18 15:31:52 - [TEST_STEP][PASSED] - navigateToUrl("https://github.com/"): Navigate to 'https://github.com/' successfully

2023-09-18 15:31:55 - [MESSAGE][PASSED] - Navigate to 'https://github.com/' successfully

2023-09-18 15:31:55 - [TEST_STEP][PASSED] - verifyElementVisible(findTestObject("Object Repository/Page_GitHub Lets build from here  GitHub/a_Sign in")): Object 'Object Repository/Page_GitHub Lets build from here  GitHub/a_Sign in' is visible

2023-09-18 15:31:56 - [MESSAGE][PASSED] - Object 'Object Repository/Page_GitHub Lets build from here  GitHub/a_Sign in' is visible

2023-09-18 15:31:56 - [TEST_STEP][PASSED] - closeBrowser(): Browser is closed

2023-09-18 15:31:57 - [MESSAGE][PASSED] - Browser is closed]]></system-out>
         <system-err><![CDATA[]]></system-err>
      </testcase>
      <testcase name="Test Cases/Part2/TestCase12" time="6.934" classname="Test Cases/Part2/TestCase12" status="PASSED">
         <system-out><![CDATA[2023-09-18 15:31:57 - [TEST_CASE][PASSED] - Test Cases/Part2/TestCase12: Test Cases/Part2/TestCase12

2023-09-18 15:31:57 - [TEST_STEP][PASSED] - openBrowser(""): Browser is opened with url: ''

2023-09-18 15:31:57 - [MESSAGE][INFO] - Starting 'Chrome' driver

2023-09-18 15:31:57 - [MESSAGE][INFO] - Action delay is set to 0 milliseconds

2023-09-18 15:31:58 - [MESSAGE][PASSED] - Browser is opened with url: ''

2023-09-18 15:31:58 - [TEST_STEP][PASSED] - maximizeWindow(): Current window maximized

2023-09-18 15:31:58 - [MESSAGE][PASSED] - Current window maximized

2023-09-18 15:31:58 - [TEST_STEP][PASSED] - navigateToUrl("https://github.com/"): Navigate to 'https://github.com/' successfully

2023-09-18 15:32:01 - [MESSAGE][PASSED] - Navigate to 'https://github.com/' successfully

2023-09-18 15:32:01 - [TEST_STEP][PASSED] - verifyElementVisible(findTestObject("Object Repository/Page_GitHub Lets build from here  GitHub/a_Sign up")): Object 'Object Repository/Page_GitHub Lets build from here  GitHub/a_Sign up' is visible

2023-09-18 15:32:03 - [MESSAGE][PASSED] - Object 'Object Repository/Page_GitHub Lets build from here  GitHub/a_Sign up' is visible

2023-09-18 15:32:03 - [TEST_STEP][PASSED] - closeBrowser(): Browser is closed

2023-09-18 15:32:04 - [MESSAGE][PASSED] - Browser is closed]]></system-out>
         <system-err><![CDATA[]]></system-err>
      </testcase>
      <testcase name="Test Cases/Part2/TestCase13" time="7.594" classname="Test Cases/Part2/TestCase13" status="PASSED">
         <system-out><![CDATA[2023-09-18 15:32:04 - [TEST_CASE][PASSED] - Test Cases/Part2/TestCase13: Test Cases/Part2/TestCase13

2023-09-18 15:32:04 - [TEST_STEP][PASSED] - openBrowser(""): Browser is opened with url: ''

2023-09-18 15:32:04 - [MESSAGE][INFO] - Starting 'Chrome' driver

2023-09-18 15:32:04 - [MESSAGE][INFO] - Action delay is set to 0 milliseconds

2023-09-18 15:32:05 - [MESSAGE][PASSED] - Browser is opened with url: ''

2023-09-18 15:32:05 - [TEST_STEP][PASSED] - maximizeWindow(): Current window maximized

2023-09-18 15:32:05 - [MESSAGE][PASSED] - Current window maximized

2023-09-18 15:32:05 - [TEST_STEP][PASSED] - navigateToUrl("https://github.com/"): Navigate to 'https://github.com/' successfully

2023-09-18 15:32:08 - [MESSAGE][PASSED] - Navigate to 'https://github.com/' successfully

2023-09-18 15:32:08 - [TEST_STEP][PASSED] - click(findTestObject("Object Repository/Page_GitHub Lets build from here  GitHub/span_Search or jump to")): Object: 'Object Repository/Page_GitHub Lets build from here  GitHub/span_Search or jump to' is clicked on

2023-09-18 15:32:09 - [MESSAGE][PASSED] - Object: 'Object Repository/Page_GitHub Lets build from here  GitHub/span_Search or jump to' is clicked on

2023-09-18 15:32:09 - [TEST_STEP][PASSED] - setText(findTestObject("Object Repository/Page_GitHub Lets build from here  GitHub/input_Search_query-builder-test"), "awesome"): Text 'awesome' is set on object 'Object Repository/Page_GitHub Lets build from here  GitHub/input_Search_query-builder-test'

2023-09-18 15:32:10 - [MESSAGE][PASSED] - Text 'awesome' is set on object 'Object Repository/Page_GitHub Lets build from here  GitHub/input_Search_query-builder-test'

2023-09-18 15:32:10 - [TEST_STEP][PASSED] - closeBrowser(): Browser is closed

2023-09-18 15:32:11 - [MESSAGE][PASSED] - Browser is closed]]></system-out>
         <system-err><![CDATA[]]></system-err>
      </testcase>
      <testcase name="Test Cases/Part2/TestCase14" time="8.645" classname="Test Cases/Part2/TestCase14" status="PASSED">
         <system-out><![CDATA[2023-09-18 15:32:11 - [TEST_CASE][PASSED] - Test Cases/Part2/TestCase14: Test Cases/Part2/TestCase14

2023-09-18 15:32:12 - [TEST_STEP][PASSED] - openBrowser(""): Browser is opened with url: ''

2023-09-18 15:32:12 - [MESSAGE][INFO] - Starting 'Chrome' driver

2023-09-18 15:32:12 - [MESSAGE][INFO] - Action delay is set to 0 milliseconds

2023-09-18 15:32:13 - [MESSAGE][PASSED] - Browser is opened with url: ''

2023-09-18 15:32:13 - [TEST_STEP][PASSED] - maximizeWindow(): Current window maximized

2023-09-18 15:32:13 - [MESSAGE][PASSED] - Current window maximized

2023-09-18 15:32:13 - [TEST_STEP][PASSED] - navigateToUrl("https://github.com/"): Navigate to 'https://github.com/' successfully

2023-09-18 15:32:16 - [MESSAGE][PASSED] - Navigate to 'https://github.com/' successfully

2023-09-18 15:32:16 - [TEST_STEP][PASSED] - click(findTestObject("Object Repository/Page_GitHub Lets build from here  GitHub/a_Sign in")): Object: 'Object Repository/Page_GitHub Lets build from here  GitHub/a_Sign in' is clicked on

2023-09-18 15:32:17 - [MESSAGE][PASSED] - Object: 'Object Repository/Page_GitHub Lets build from here  GitHub/a_Sign in' is clicked on

2023-09-18 15:32:17 - [TEST_STEP][PASSED] - verifyElementText(findTestObject("Object Repository/Page_Sign in to GitHub  GitHub/h1_Sign in to GitHub"), "Sign in to GitHub"): Actual text and expected text of test object 'Object Repository/Page_Sign in to GitHub  GitHub/h1_Sign in to GitHub' are matched.

2023-09-18 15:32:19 - [MESSAGE][PASSED] - Actual text and expected text of test object 'Object Repository/Page_Sign in to GitHub  GitHub/h1_Sign in to GitHub' are matched.

2023-09-18 15:32:19 - [TEST_STEP][PASSED] - closeBrowser(): Browser is closed

2023-09-18 15:32:20 - [MESSAGE][PASSED] - Browser is closed]]></system-out>
         <system-err><![CDATA[]]></system-err>
      </testcase>
      <testcase name="Test Cases/Part2/TestCase15" time="13.682" classname="Test Cases/Part2/TestCase15" status="PASSED">
         <system-out><![CDATA[2023-09-18 15:32:20 - [TEST_CASE][PASSED] - Test Cases/Part2/TestCase15: Test Cases/Part2/TestCase15

2023-09-18 15:32:20 - [TEST_STEP][PASSED] - openBrowser(""): Browser is opened with url: ''

2023-09-18 15:32:20 - [MESSAGE][INFO] - Starting 'Chrome' driver

2023-09-18 15:32:20 - [MESSAGE][INFO] - Action delay is set to 0 milliseconds

2023-09-18 15:32:22 - [MESSAGE][PASSED] - Browser is opened with url: ''

2023-09-18 15:32:22 - [TEST_STEP][PASSED] - maximizeWindow(): Current window maximized

2023-09-18 15:32:22 - [MESSAGE][PASSED] - Current window maximized

2023-09-18 15:32:22 - [TEST_STEP][PASSED] - navigateToUrl("https://github.com/"): Navigate to 'https://github.com/' successfully

2023-09-18 15:32:24 - [MESSAGE][PASSED] - Navigate to 'https://github.com/' successfully

2023-09-18 15:32:24 - [TEST_STEP][PASSED] - click(findTestObject("Object Repository/Page_GitHub Lets build from here  GitHub/a_Sign up")): Object: 'Object Repository/Page_GitHub Lets build from here  GitHub/a_Sign up' is clicked on

2023-09-18 15:32:26 - [MESSAGE][PASSED] - Object: 'Object Repository/Page_GitHub Lets build from here  GitHub/a_Sign up' is clicked on

2023-09-18 15:32:26 - [TEST_STEP][PASSED] - setText(findTestObject("Object Repository/Page_Join GitHub  GitHub/input_Enter your email_useremail"), "Hi"): Text 'Hi' is set on object 'Object Repository/Page_Join GitHub  GitHub/input_Enter your email_useremail'

2023-09-18 15:32:33 - [MESSAGE][PASSED] - Text 'Hi' is set on object 'Object Repository/Page_Join GitHub  GitHub/input_Enter your email_useremail'

2023-09-18 15:32:33 - [TEST_STEP][PASSED] - closeBrowser(): Browser is closed

2023-09-18 15:32:33 - [MESSAGE][PASSED] - Browser is closed]]></system-out>
         <system-err><![CDATA[]]></system-err>
      </testcase>
      <testcase name="Test Cases/Part2/TestCase16" time="6.35" classname="Test Cases/Part2/TestCase16" status="PASSED">
         <system-out><![CDATA[2023-09-18 15:32:34 - [TEST_CASE][PASSED] - Test Cases/Part2/TestCase16: Test Cases/Part2/TestCase16

2023-09-18 15:32:34 - [TEST_STEP][PASSED] - openBrowser(""): Browser is opened with url: ''

2023-09-18 15:32:34 - [MESSAGE][INFO] - Starting 'Chrome' driver

2023-09-18 15:32:34 - [MESSAGE][INFO] - Action delay is set to 0 milliseconds

2023-09-18 15:32:35 - [MESSAGE][PASSED] - Browser is opened with url: ''

2023-09-18 15:32:35 - [TEST_STEP][PASSED] - maximizeWindow(): Current window maximized

2023-09-18 15:32:35 - [MESSAGE][PASSED] - Current window maximized

2023-09-18 15:32:35 - [TEST_STEP][PASSED] - navigateToUrl("https://github.com/"): Navigate to 'https://github.com/' successfully

2023-09-18 15:32:38 - [MESSAGE][PASSED] - Navigate to 'https://github.com/' successfully

2023-09-18 15:32:38 - [TEST_STEP][PASSED] - click(findTestObject("Object Repository/Page_GitHub Lets build from here  GitHub/svg_Product_octicon octicon-chevron-down He_c64722")): Object: 'Object Repository/Page_GitHub Lets build from here  GitHub/svg_Product_octicon octicon-chevron-down He_c64722' is clicked on

2023-09-18 15:32:39 - [MESSAGE][PASSED] - Object: 'Object Repository/Page_GitHub Lets build from here  GitHub/svg_Product_octicon octicon-chevron-down He_c64722' is clicked on

2023-09-18 15:32:39 - [TEST_STEP][PASSED] - closeBrowser(): Browser is closed

2023-09-18 15:32:40 - [MESSAGE][PASSED] - Browser is closed]]></system-out>
         <system-err><![CDATA[]]></system-err>
      </testcase>
      <testcase name="Test Cases/Part2/TestCase17" time="8.724" classname="Test Cases/Part2/TestCase17" status="FAILED">
         <failure type="FAILED" message="Test Cases/Part2/TestCase17 FAILED.
Reason:
com.kms.katalon.core.exception.StepFailedException: Unable to click on object 'Object Repository/Page_GitHub Lets build from here  GitHub/div_Actions'
	at com.kms.katalon.core.webui.keyword.internal.WebUIKeywordMain.stepFailed(WebUIKeywordMain.groovy:64)
	at com.kms.katalon.core.webui.keyword.internal.WebUIKeywordMain.runKeyword(WebUIKeywordMain.groovy:26)
	at com.kms.katalon.core.webui.keyword.builtin.ClickKeyword.click(ClickKeyword.groovy:74)
	at com.kms.katalon.core.webui.keyword.builtin.ClickKeyword.execute(ClickKeyword.groovy:40)
	at com.kms.katalon.core.keyword.internal.KeywordExecutor.executeKeywordForPlatform(KeywordExecutor.groovy:74)
	at com.kms.katalon.core.webui.keyword.WebUiBuiltInKeywords.click(WebUiBuiltInKeywords.groovy:620)
	at com.kms.katalon.core.webui.keyword.WebUiBuiltInKeywords$click$2.call(Unknown Source)
	at TestCase17.run(TestCase17:28)
	at com.kms.katalon.core.main.ScriptEngine.run(ScriptEngine.java:194)
	at com.kms.katalon.core.main.ScriptEngine.runScriptAsRawText(ScriptEngine.java:119)
	at com.kms.katalon.core.main.TestCaseExecutor.runScript(TestCaseExecutor.java:448)
	at com.kms.katalon.core.main.TestCaseExecutor.doExecute(TestCaseExecutor.java:439)
	at com.kms.katalon.core.main.TestCaseExecutor.processExecutionPhase(TestCaseExecutor.java:418)
	at com.kms.katalon.core.main.TestCaseExecutor.accessMainPhase(TestCaseExecutor.java:410)
	at com.kms.katalon.core.main.TestCaseExecutor.execute(TestCaseExecutor.java:285)
	at com.kms.katalon.core.main.TestCaseExecutor.execute(TestCaseExecutor.java:369)
	at com.kms.katalon.core.main.TestCaseExecutor.execute(TestCaseExecutor.java:369)
	at com.kms.katalon.core.main.TestCaseExecutor.execute(TestCaseExecutor.java:369)
	at com.kms.katalon.core.common.CommonExecutor.accessTestCaseMainPhase(CommonExecutor.java:65)
	at com.kms.katalon.core.main.TestSuiteExecutor.accessTestSuiteMainPhase(TestSuiteExecutor.java:148)
	at com.kms.katalon.core.main.TestSuiteExecutor.execute(TestSuiteExecutor.java:106)
	at com.kms.katalon.core.main.TestCaseMain.startTestSuite(TestCaseMain.java:187)
	at com.kms.katalon.core.main.TestCaseMain$startTestSuite$0.call(Unknown Source)
	at TempTestSuite1695031065631.run(TempTestSuite1695031065631.groovy:36)
Caused by: org.openqa.selenium.ElementNotInteractableException: element not interactable
  (Session info: chrome=116.0.5845.188)
Build info: version: '3.141.59', revision: 'e82be7d358', time: '2018-11-14T08:25:53'
System info: host: 'ZIL591', ip: '172.19.128.1', os.name: 'Windows 10', os.arch: 'amd64', os.version: '10.0', java.version: '1.8.0_362'
Driver info: com.kms.katalon.selenium.driver.CChromeDriver
Capabilities {acceptInsecureCerts: false, browserName: chrome, browserVersion: 116.0.5845.188, chrome: {chromedriverVersion: 116.0.5845.96 (1a3918166880..., userDataDir: C:\Users\SACHIN~1.GAJ\AppDa...}, fedcm:accounts: true, goog:chromeOptions: {debuggerAddress: localhost:60474}, javascriptEnabled: true, networkConnectionEnabled: false, pageLoadStrategy: normal, platform: WINDOWS, platformName: WINDOWS, proxy: Proxy(), setWindowRect: true, strictFileInteractability: false, timeouts: {implicit: 0, pageLoad: 300000, script: 30000}, unhandledPromptBehavior: dismiss and notify, webauthn:extension:credBlob: true, webauthn:extension:largeBlob: true, webauthn:extension:minPinLength: true, webauthn:extension:prf: true, webauthn:virtualAuthenticators: true}
Session ID: 1dca5896a5bc631a009d817778f77c7c
	at org.openqa.selenium.remote.http.W3CHttpResponseCodec.createException(W3CHttpResponseCodec.java:187)
	at org.openqa.selenium.remote.http.W3CHttpResponseCodec.decode(W3CHttpResponseCodec.java:122)
	at org.openqa.selenium.remote.http.W3CHttpResponseCodec.decode(W3CHttpResponseCodec.java:49)
	at org.openqa.selenium.remote.HttpCommandExecutor.execute(HttpCommandExecutor.java:158)
	at org.openqa.selenium.remote.service.DriverCommandExecutor.execute(DriverCommandExecutor.java:83)
	at org.openqa.selenium.remote.RemoteWebDriver.execute(RemoteWebDriver.java:552)
	at com.kms.katalon.selenium.driver.CChromeDriver.execute(CChromeDriver.java:19)
	at org.openqa.selenium.remote.RemoteWebElement.execute(RemoteWebElement.java:285)
	at org.openqa.selenium.remote.RemoteWebElement.click(RemoteWebElement.java:84)
	at org.openqa.selenium.support.events.EventFiringWebDriver$EventFiringWebElement.lambda$new$0(EventFiringWebDriver.java:404)
	at com.sun.proxy.$Proxy11.click(Unknown Source)
	at org.openqa.selenium.support.events.EventFiringWebDriver$EventFiringWebElement.click(EventFiringWebDriver.java:417)
	at org.openqa.selenium.WebElement$click.call(Unknown Source)
	at com.kms.katalon.core.webui.keyword.builtin.ClickKeyword.clickUntilSuccessWithTimeout(ClickKeyword.groovy:81)
	at com.kms.katalon.core.webui.keyword.builtin.ClickKeyword.clickUntilSuccessWithTimeout(ClickKeyword.groovy)
	at com.kms.katalon.core.webui.keyword.builtin.ClickKeyword$_click_closure1.doCall(ClickKeyword.groovy:67)
	at com.kms.katalon.core.webui.keyword.builtin.ClickKeyword$_click_closure1.call(ClickKeyword.groovy)
	at com.kms.katalon.core.webui.keyword.internal.WebUIKeywordMain.runKeyword(WebUIKeywordMain.groovy:20)
	... 22 more
"/>
         <system-out><![CDATA[2023-09-18 15:33:03 - [TEST_CASE][FAILED] - Test Cases/Part2/TestCase17: Test Cases/Part2/TestCase17 FAILED.
Reason:
com.kms.katalon.core.exception.StepFailedException: Unable to click on object 'Object Repository/Page_GitHub Lets build from here  GitHub/div_Actions'
	at com.kms.katalon.core.webui.keyword.internal.WebUIKeywordMain.stepFailed(WebUIKeywordMain.groovy:64)
	at com.kms.katalon.core.webui.keyword.internal.WebUIKeywordMain.runKeyword(WebUIKeywordMain.groovy:26)
	at com.kms.katalon.core.webui.keyword.builtin.ClickKeyword.click(ClickKeyword.groovy:74)
	at com.kms.katalon.core.webui.keyword.builtin.ClickKeyword.execute(ClickKeyword.groovy:40)
	at com.kms.katalon.core.keyword.internal.KeywordExecutor.executeKeywordForPlatform(KeywordExecutor.groovy:74)
	at com.kms.katalon.core.webui.keyword.WebUiBuiltInKeywords.click(WebUiBuiltInKeywords.groovy:620)
	at com.kms.katalon.core.webui.keyword.WebUiBuiltInKeywords$click$2.call(Unknown Source)
	at TestCase17.run(TestCase17:28)
	at com.kms.katalon.core.main.ScriptEngine.run(ScriptEngine.java:194)
	at com.kms.katalon.core.main.ScriptEngine.runScriptAsRawText(ScriptEngine.java:119)
	at com.kms.katalon.core.main.TestCaseExecutor.runScript(TestCaseExecutor.java:448)
	at com.kms.katalon.core.main.TestCaseExecutor.doExecute(TestCaseExecutor.java:439)
	at com.kms.katalon.core.main.TestCaseExecutor.processExecutionPhase(TestCaseExecutor.java:418)
	at com.kms.katalon.core.main.TestCaseExecutor.accessMainPhase(TestCaseExecutor.java:410)
	at com.kms.katalon.core.main.TestCaseExecutor.execute(TestCaseExecutor.java:285)
	at com.kms.katalon.core.main.TestCaseExecutor.execute(TestCaseExecutor.java:369)
	at com.kms.katalon.core.main.TestCaseExecutor.execute(TestCaseExecutor.java:369)
	at com.kms.katalon.core.main.TestCaseExecutor.execute(TestCaseExecutor.java:369)
	at com.kms.katalon.core.common.CommonExecutor.accessTestCaseMainPhase(CommonExecutor.java:65)
	at com.kms.katalon.core.main.TestSuiteExecutor.accessTestSuiteMainPhase(TestSuiteExecutor.java:148)
	at com.kms.katalon.core.main.TestSuiteExecutor.execute(TestSuiteExecutor.java:106)
	at com.kms.katalon.core.main.TestCaseMain.startTestSuite(TestCaseMain.java:187)
	at com.kms.katalon.core.main.TestCaseMain$startTestSuite$0.call(Unknown Source)
	at TempTestSuite1695031065631.run(TempTestSuite1695031065631.groovy:36)
Caused by: org.openqa.selenium.ElementNotInteractableException: element not interactable
  (Session info: chrome=116.0.5845.188)
Build info: version: '3.141.59', revision: 'e82be7d358', time: '2018-11-14T08:25:53'
System info: host: 'ZIL591', ip: '172.19.128.1', os.name: 'Windows 10', os.arch: 'amd64', os.version: '10.0', java.version: '1.8.0_362'
Driver info: com.kms.katalon.selenium.driver.CChromeDriver
Capabilities {acceptInsecureCerts: false, browserName: chrome, browserVersion: 116.0.5845.188, chrome: {chromedriverVersion: 116.0.5845.96 (1a3918166880..., userDataDir: C:\Users\SACHIN~1.GAJ\AppDa...}, fedcm:accounts: true, goog:chromeOptions: {debuggerAddress: localhost:60474}, javascriptEnabled: true, networkConnectionEnabled: false, pageLoadStrategy: normal, platform: WINDOWS, platformName: WINDOWS, proxy: Proxy(), setWindowRect: true, strictFileInteractability: false, timeouts: {implicit: 0, pageLoad: 300000, script: 30000}, unhandledPromptBehavior: dismiss and notify, webauthn:extension:credBlob: true, webauthn:extension:largeBlob: true, webauthn:extension:minPinLength: true, webauthn:extension:prf: true, webauthn:virtualAuthenticators: true}
Session ID: 1dca5896a5bc631a009d817778f77c7c
	at org.openqa.selenium.remote.http.W3CHttpResponseCodec.createException(W3CHttpResponseCodec.java:187)
	at org.openqa.selenium.remote.http.W3CHttpResponseCodec.decode(W3CHttpResponseCodec.java:122)
	at org.openqa.selenium.remote.http.W3CHttpResponseCodec.decode(W3CHttpResponseCodec.java:49)
	at org.openqa.selenium.remote.HttpCommandExecutor.execute(HttpCommandExecutor.java:158)
	at org.openqa.selenium.remote.service.DriverCommandExecutor.execute(DriverCommandExecutor.java:83)
	at org.openqa.selenium.remote.RemoteWebDriver.execute(RemoteWebDriver.java:552)
	at com.kms.katalon.selenium.driver.CChromeDriver.execute(CChromeDriver.java:19)
	at org.openqa.selenium.remote.RemoteWebElement.execute(RemoteWebElement.java:285)
	at org.openqa.selenium.remote.RemoteWebElement.click(RemoteWebElement.java:84)
	at org.openqa.selenium.support.events.EventFiringWebDriver$EventFiringWebElement.lambda$new$0(EventFiringWebDriver.java:404)
	at com.sun.proxy.$Proxy11.click(Unknown Source)
	at org.openqa.selenium.support.events.EventFiringWebDriver$EventFiringWebElement.click(EventFiringWebDriver.java:417)
	at org.openqa.selenium.WebElement$click.call(Unknown Source)
	at com.kms.katalon.core.webui.keyword.builtin.ClickKeyword.clickUntilSuccessWithTimeout(ClickKeyword.groovy:81)
	at com.kms.katalon.core.webui.keyword.builtin.ClickKeyword.clickUntilSuccessWithTimeout(ClickKeyword.groovy)
	at com.kms.katalon.core.webui.keyword.builtin.ClickKeyword$_click_closure1.doCall(ClickKeyword.groovy:67)
	at com.kms.katalon.core.webui.keyword.builtin.ClickKeyword$_click_closure1.call(ClickKeyword.groovy)
	at com.kms.katalon.core.webui.keyword.internal.WebUIKeywordMain.runKeyword(WebUIKeywordMain.groovy:20)
	... 22 more


2023-09-18 15:33:03 - [TEST_STEP][PASSED] - openBrowser(""): Browser is opened with url: ''

2023-09-18 15:33:03 - [MESSAGE][WARNING] - A browser is already opened. Closing browser and opening a new one

2023-09-18 15:33:03 - [MESSAGE][INFO] - Starting 'Chrome' driver

2023-09-18 15:33:03 - [MESSAGE][INFO] - Action delay is set to 0 milliseconds

2023-09-18 15:33:05 - [MESSAGE][PASSED] - Browser is opened with url: ''

2023-09-18 15:33:05 - [TEST_STEP][PASSED] - maximizeWindow(): Current window maximized

2023-09-18 15:33:05 - [MESSAGE][PASSED] - Current window maximized

2023-09-18 15:33:05 - [TEST_STEP][PASSED] - navigateToUrl("https://github.com/"): Navigate to 'https://github.com/' successfully

2023-09-18 15:33:09 - [MESSAGE][PASSED] - Navigate to 'https://github.com/' successfully

2023-09-18 15:33:09 - [TEST_STEP][PASSED] - click(findTestObject("Object Repository/Page_GitHub Lets build from here  GitHub/svg_Product_octicon octicon-chevron-down He_c64722")): Object: 'Object Repository/Page_GitHub Lets build from here  GitHub/svg_Product_octicon octicon-chevron-down He_c64722' is clicked on

2023-09-18 15:33:10 - [MESSAGE][PASSED] - Object: 'Object Repository/Page_GitHub Lets build from here  GitHub/svg_Product_octicon octicon-chevron-down He_c64722' is clicked on

2023-09-18 15:33:10 - [TEST_STEP][FAILED] - click(findTestObject("Object Repository/Page_GitHub Lets build from here  GitHub/div_Actions")): Unable to click on object 'Object Repository/Page_GitHub Lets build from here  GitHub/div_Actions' (Root cause: com.kms.katalon.core.exception.StepFailedException: Unable to click on object 'Object Repository/Page_GitHub Lets build from here  GitHub/div_Actions'
	at com.kms.katalon.core.webui.keyword.internal.WebUIKeywordMain.stepFailed(WebUIKeywordMain.groovy:64)
	at com.kms.katalon.core.webui.keyword.internal.WebUIKeywordMain.runKeyword(WebUIKeywordMain.groovy:26)
	at com.kms.katalon.core.webui.keyword.builtin.ClickKeyword.click(ClickKeyword.groovy:74)
	at com.kms.katalon.core.webui.keyword.builtin.ClickKeyword.execute(ClickKeyword.groovy:40)
	at com.kms.katalon.core.keyword.internal.KeywordExecutor.executeKeywordForPlatform(KeywordExecutor.groovy:74)
	at com.kms.katalon.core.webui.keyword.WebUiBuiltInKeywords.click(WebUiBuiltInKeywords.groovy:620)
	at com.kms.katalon.core.webui.keyword.WebUiBuiltInKeywords$click$2.call(Unknown Source)
	at TestCase17.run(TestCase17:28)
	at com.kms.katalon.core.main.ScriptEngine.run(ScriptEngine.java:194)
	at com.kms.katalon.core.main.ScriptEngine.runScriptAsRawText(ScriptEngine.java:119)
	at com.kms.katalon.core.main.TestCaseExecutor.runScript(TestCaseExecutor.java:448)
	at com.kms.katalon.core.main.TestCaseExecutor.doExecute(TestCaseExecutor.java:439)
	at com.kms.katalon.core.main.TestCaseExecutor.processExecutionPhase(TestCaseExecutor.java:418)
	at com.kms.katalon.core.main.TestCaseExecutor.accessMainPhase(TestCaseExecutor.java:410)
	at com.kms.katalon.core.main.TestCaseExecutor.execute(TestCaseExecutor.java:285)
	at com.kms.katalon.core.main.TestCaseExecutor.execute(TestCaseExecutor.java:369)
	at com.kms.katalon.core.main.TestCaseExecutor.execute(TestCaseExecutor.java:369)
	at com.kms.katalon.core.main.TestCaseExecutor.execute(TestCaseExecutor.java:369)
	at com.kms.katalon.core.common.CommonExecutor.accessTestCaseMainPhase(CommonExecutor.java:65)
	at com.kms.katalon.core.main.TestSuiteExecutor.accessTestSuiteMainPhase(TestSuiteExecutor.java:148)
	at com.kms.katalon.core.main.TestSuiteExecutor.execute(TestSuiteExecutor.java:106)
	at com.kms.katalon.core.main.TestCaseMain.startTestSuite(TestCaseMain.java:187)
	at com.kms.katalon.core.main.TestCaseMain$startTestSuite$0.call(Unknown Source)
	at TempTestSuite1695031065631.run(TempTestSuite1695031065631.groovy:36)
Caused by: org.openqa.selenium.ElementNotInteractableException: element not interactable
  (Session info: chrome=116.0.5845.188)
Build info: version: '3.141.59', revision: 'e82be7d358', time: '2018-11-14T08:25:53'
System info: host: 'ZIL591', ip: '172.19.128.1', os.name: 'Windows 10', os.arch: 'amd64', os.version: '10.0', java.version: '1.8.0_362'
Driver info: com.kms.katalon.selenium.driver.CChromeDriver
Capabilities {acceptInsecureCerts: false, browserName: chrome, browserVersion: 116.0.5845.188, chrome: {chromedriverVersion: 116.0.5845.96 (1a3918166880..., userDataDir: C:\Users\SACHIN~1.GAJ\AppDa...}, fedcm:accounts: true, goog:chromeOptions: {debuggerAddress: localhost:60474}, javascriptEnabled: true, networkConnectionEnabled: false, pageLoadStrategy: normal, platform: WINDOWS, platformName: WINDOWS, proxy: Proxy(), setWindowRect: true, strictFileInteractability: false, timeouts: {implicit: 0, pageLoad: 300000, script: 30000}, unhandledPromptBehavior: dismiss and notify, webauthn:extension:credBlob: true, webauthn:extension:largeBlob: true, webauthn:extension:minPinLength: true, webauthn:extension:prf: true, webauthn:virtualAuthenticators: true}
Session ID: 1dca5896a5bc631a009d817778f77c7c
	at org.openqa.selenium.remote.http.W3CHttpResponseCodec.createException(W3CHttpResponseCodec.java:187)
	at org.openqa.selenium.remote.http.W3CHttpResponseCodec.decode(W3CHttpResponseCodec.java:122)
	at org.openqa.selenium.remote.http.W3CHttpResponseCodec.decode(W3CHttpResponseCodec.java:49)
	at org.openqa.selenium.remote.HttpCommandExecutor.execute(HttpCommandExecutor.java:158)
	at org.openqa.selenium.remote.service.DriverCommandExecutor.execute(DriverCommandExecutor.java:83)
	at org.openqa.selenium.remote.RemoteWebDriver.execute(RemoteWebDriver.java:552)
	at com.kms.katalon.selenium.driver.CChromeDriver.execute(CChromeDriver.java:19)
	at org.openqa.selenium.remote.RemoteWebElement.execute(RemoteWebElement.java:285)
	at org.openqa.selenium.remote.RemoteWebElement.click(RemoteWebElement.java:84)
	at org.openqa.selenium.support.events.EventFiringWebDriver$EventFiringWebElement.lambda$new$0(EventFiringWebDriver.java:404)
	at com.sun.proxy.$Proxy11.click(Unknown Source)
	at org.openqa.selenium.support.events.EventFiringWebDriver$EventFiringWebElement.click(EventFiringWebDriver.java:417)
	at org.openqa.selenium.WebElement$click.call(Unknown Source)
	at com.kms.katalon.core.webui.keyword.builtin.ClickKeyword.clickUntilSuccessWithTimeout(ClickKeyword.groovy:81)
	at com.kms.katalon.core.webui.keyword.builtin.ClickKeyword.clickUntilSuccessWithTimeout(ClickKeyword.groovy)
	at com.kms.katalon.core.webui.keyword.builtin.ClickKeyword$_click_closure1.doCall(ClickKeyword.groovy:67)
	at com.kms.katalon.core.webui.keyword.builtin.ClickKeyword$_click_closure1.call(ClickKeyword.groovy)
	at com.kms.katalon.core.webui.keyword.internal.WebUIKeywordMain.runKeyword(WebUIKeywordMain.groovy:20)
	at com.kms.katalon.core.webui.keyword.builtin.ClickKeyword.click(ClickKeyword.groovy:74)
	at com.kms.katalon.core.webui.keyword.builtin.ClickKeyword.execute(ClickKeyword.groovy:40)
	at com.kms.katalon.core.keyword.internal.KeywordExecutor.executeKeywordForPlatform(KeywordExecutor.groovy:74)
	at com.kms.katalon.core.webui.keyword.WebUiBuiltInKeywords.click(WebUiBuiltInKeywords.groovy:620)
	at com.kms.katalon.core.webui.keyword.WebUiBuiltInKeywords$click$2.call(Unknown Source)
	at Script1695022906853.run(Script1695022906853.groovy:28)
	... 16 more
)

2023-09-18 15:33:11 - [MESSAGE][FAILED] - Unable to click on object 'Object Repository/Page_GitHub Lets build from here  GitHub/div_Actions' (Root cause: com.kms.katalon.core.exception.StepFailedException: Unable to click on object 'Object Repository/Page_GitHub Lets build from here  GitHub/div_Actions'
	at com.kms.katalon.core.webui.keyword.internal.WebUIKeywordMain.stepFailed(WebUIKeywordMain.groovy:64)
	at com.kms.katalon.core.webui.keyword.internal.WebUIKeywordMain.runKeyword(WebUIKeywordMain.groovy:26)
	at com.kms.katalon.core.webui.keyword.builtin.ClickKeyword.click(ClickKeyword.groovy:74)
	at com.kms.katalon.core.webui.keyword.builtin.ClickKeyword.execute(ClickKeyword.groovy:40)
	at com.kms.katalon.core.keyword.internal.KeywordExecutor.executeKeywordForPlatform(KeywordExecutor.groovy:74)
	at com.kms.katalon.core.webui.keyword.WebUiBuiltInKeywords.click(WebUiBuiltInKeywords.groovy:620)
	at com.kms.katalon.core.webui.keyword.WebUiBuiltInKeywords$click$2.call(Unknown Source)
	at TestCase17.run(TestCase17:28)
	at com.kms.katalon.core.main.ScriptEngine.run(ScriptEngine.java:194)
	at com.kms.katalon.core.main.ScriptEngine.runScriptAsRawText(ScriptEngine.java:119)
	at com.kms.katalon.core.main.TestCaseExecutor.runScript(TestCaseExecutor.java:448)
	at com.kms.katalon.core.main.TestCaseExecutor.doExecute(TestCaseExecutor.java:439)
	at com.kms.katalon.core.main.TestCaseExecutor.processExecutionPhase(TestCaseExecutor.java:418)
	at com.kms.katalon.core.main.TestCaseExecutor.accessMainPhase(TestCaseExecutor.java:410)
	at com.kms.katalon.core.main.TestCaseExecutor.execute(TestCaseExecutor.java:285)
	at com.kms.katalon.core.main.TestCaseExecutor.execute(TestCaseExecutor.java:369)
	at com.kms.katalon.core.main.TestCaseExecutor.execute(TestCaseExecutor.java:369)
	at com.kms.katalon.core.main.TestCaseExecutor.execute(TestCaseExecutor.java:369)
	at com.kms.katalon.core.common.CommonExecutor.accessTestCaseMainPhase(CommonExecutor.java:65)
	at com.kms.katalon.core.main.TestSuiteExecutor.accessTestSuiteMainPhase(TestSuiteExecutor.java:148)
	at com.kms.katalon.core.main.TestSuiteExecutor.execute(TestSuiteExecutor.java:106)
	at com.kms.katalon.core.main.TestCaseMain.startTestSuite(TestCaseMain.java:187)
	at com.kms.katalon.core.main.TestCaseMain$startTestSuite$0.call(Unknown Source)
	at TempTestSuite1695031065631.run(TempTestSuite1695031065631.groovy:36)
Caused by: org.openqa.selenium.ElementNotInteractableException: element not interactable
  (Session info: chrome=116.0.5845.188)
Build info: version: '3.141.59', revision: 'e82be7d358', time: '2018-11-14T08:25:53'
System info: host: 'ZIL591', ip: '172.19.128.1', os.name: 'Windows 10', os.arch: 'amd64', os.version: '10.0', java.version: '1.8.0_362'
Driver info: com.kms.katalon.selenium.driver.CChromeDriver
Capabilities {acceptInsecureCerts: false, browserName: chrome, browserVersion: 116.0.5845.188, chrome: {chromedriverVersion: 116.0.5845.96 (1a3918166880..., userDataDir: C:\Users\SACHIN~1.GAJ\AppDa...}, fedcm:accounts: true, goog:chromeOptions: {debuggerAddress: localhost:60474}, javascriptEnabled: true, networkConnectionEnabled: false, pageLoadStrategy: normal, platform: WINDOWS, platformName: WINDOWS, proxy: Proxy(), setWindowRect: true, strictFileInteractability: false, timeouts: {implicit: 0, pageLoad: 300000, script: 30000}, unhandledPromptBehavior: dismiss and notify, webauthn:extension:credBlob: true, webauthn:extension:largeBlob: true, webauthn:extension:minPinLength: true, webauthn:extension:prf: true, webauthn:virtualAuthenticators: true}
Session ID: 1dca5896a5bc631a009d817778f77c7c
	at org.openqa.selenium.remote.http.W3CHttpResponseCodec.createException(W3CHttpResponseCodec.java:187)
	at org.openqa.selenium.remote.http.W3CHttpResponseCodec.decode(W3CHttpResponseCodec.java:122)
	at org.openqa.selenium.remote.http.W3CHttpResponseCodec.decode(W3CHttpResponseCodec.java:49)
	at org.openqa.selenium.remote.HttpCommandExecutor.execute(HttpCommandExecutor.java:158)
	at org.openqa.selenium.remote.service.DriverCommandExecutor.execute(DriverCommandExecutor.java:83)
	at org.openqa.selenium.remote.RemoteWebDriver.execute(RemoteWebDriver.java:552)
	at com.kms.katalon.selenium.driver.CChromeDriver.execute(CChromeDriver.java:19)
	at org.openqa.selenium.remote.RemoteWebElement.execute(RemoteWebElement.java:285)
	at org.openqa.selenium.remote.RemoteWebElement.click(RemoteWebElement.java:84)
	at org.openqa.selenium.support.events.EventFiringWebDriver$EventFiringWebElement.lambda$new$0(EventFiringWebDriver.java:404)
	at com.sun.proxy.$Proxy11.click(Unknown Source)
	at org.openqa.selenium.support.events.EventFiringWebDriver$EventFiringWebElement.click(EventFiringWebDriver.java:417)
	at org.openqa.selenium.WebElement$click.call(Unknown Source)
	at com.kms.katalon.core.webui.keyword.builtin.ClickKeyword.clickUntilSuccessWithTimeout(ClickKeyword.groovy:81)
	at com.kms.katalon.core.webui.keyword.builtin.ClickKeyword.clickUntilSuccessWithTimeout(ClickKeyword.groovy)
	at com.kms.katalon.core.webui.keyword.builtin.ClickKeyword$_click_closure1.doCall(ClickKeyword.groovy:67)
	at com.kms.katalon.core.webui.keyword.builtin.ClickKeyword$_click_closure1.call(ClickKeyword.groovy)
	at com.kms.katalon.core.webui.keyword.internal.WebUIKeywordMain.runKeyword(WebUIKeywordMain.groovy:20)
	at com.kms.katalon.core.webui.keyword.builtin.ClickKeyword.click(ClickKeyword.groovy:74)
	at com.kms.katalon.core.webui.keyword.builtin.ClickKeyword.execute(ClickKeyword.groovy:40)
	at com.kms.katalon.core.keyword.internal.KeywordExecutor.executeKeywordForPlatform(KeywordExecutor.groovy:74)
	at com.kms.katalon.core.webui.keyword.WebUiBuiltInKeywords.click(WebUiBuiltInKeywords.groovy:620)
	at com.kms.katalon.core.webui.keyword.WebUiBuiltInKeywords$click$2.call(Unknown Source)
	at Script1695022906853.run(Script1695022906853.groovy:28)
	... 16 more
)
[[ATTACHMENT|C:\\Users\\sachin.gajbhiye\\git\\Katalon-Practice\\Reports\\20230918_152745\\First Test Suite\\20230918_152745\\1695031391286.png]]]]></system-out>
         <system-err><![CDATA[2023-09-18 15:33:03 - [TEST_CASE][FAILED] - Test Cases/Part2/TestCase17: Test Cases/Part2/TestCase17 FAILED.
Reason:
com.kms.katalon.core.exception.StepFailedException: Unable to click on object 'Object Repository/Page_GitHub Lets build from here  GitHub/div_Actions'
	at com.kms.katalon.core.webui.keyword.internal.WebUIKeywordMain.stepFailed(WebUIKeywordMain.groovy:64)
	at com.kms.katalon.core.webui.keyword.internal.WebUIKeywordMain.runKeyword(WebUIKeywordMain.groovy:26)
	at com.kms.katalon.core.webui.keyword.builtin.ClickKeyword.click(ClickKeyword.groovy:74)
	at com.kms.katalon.core.webui.keyword.builtin.ClickKeyword.execute(ClickKeyword.groovy:40)
	at com.kms.katalon.core.keyword.internal.KeywordExecutor.executeKeywordForPlatform(KeywordExecutor.groovy:74)
	at com.kms.katalon.core.webui.keyword.WebUiBuiltInKeywords.click(WebUiBuiltInKeywords.groovy:620)
	at com.kms.katalon.core.webui.keyword.WebUiBuiltInKeywords$click$2.call(Unknown Source)
	at TestCase17.run(TestCase17:28)
	at com.kms.katalon.core.main.ScriptEngine.run(ScriptEngine.java:194)
	at com.kms.katalon.core.main.ScriptEngine.runScriptAsRawText(ScriptEngine.java:119)
	at com.kms.katalon.core.main.TestCaseExecutor.runScript(TestCaseExecutor.java:448)
	at com.kms.katalon.core.main.TestCaseExecutor.doExecute(TestCaseExecutor.java:439)
	at com.kms.katalon.core.main.TestCaseExecutor.processExecutionPhase(TestCaseExecutor.java:418)
	at com.kms.katalon.core.main.TestCaseExecutor.accessMainPhase(TestCaseExecutor.java:410)
	at com.kms.katalon.core.main.TestCaseExecutor.execute(TestCaseExecutor.java:285)
	at com.kms.katalon.core.main.TestCaseExecutor.execute(TestCaseExecutor.java:369)
	at com.kms.katalon.core.main.TestCaseExecutor.execute(TestCaseExecutor.java:369)
	at com.kms.katalon.core.main.TestCaseExecutor.execute(TestCaseExecutor.java:369)
	at com.kms.katalon.core.common.CommonExecutor.accessTestCaseMainPhase(CommonExecutor.java:65)
	at com.kms.katalon.core.main.TestSuiteExecutor.accessTestSuiteMainPhase(TestSuiteExecutor.java:148)
	at com.kms.katalon.core.main.TestSuiteExecutor.execute(TestSuiteExecutor.java:106)
	at com.kms.katalon.core.main.TestCaseMain.startTestSuite(TestCaseMain.java:187)
	at com.kms.katalon.core.main.TestCaseMain$startTestSuite$0.call(Unknown Source)
	at TempTestSuite1695031065631.run(TempTestSuite1695031065631.groovy:36)
Caused by: org.openqa.selenium.ElementNotInteractableException: element not interactable
  (Session info: chrome=116.0.5845.188)
Build info: version: '3.141.59', revision: 'e82be7d358', time: '2018-11-14T08:25:53'
System info: host: 'ZIL591', ip: '172.19.128.1', os.name: 'Windows 10', os.arch: 'amd64', os.version: '10.0', java.version: '1.8.0_362'
Driver info: com.kms.katalon.selenium.driver.CChromeDriver
Capabilities {acceptInsecureCerts: false, browserName: chrome, browserVersion: 116.0.5845.188, chrome: {chromedriverVersion: 116.0.5845.96 (1a3918166880..., userDataDir: C:\Users\SACHIN~1.GAJ\AppDa...}, fedcm:accounts: true, goog:chromeOptions: {debuggerAddress: localhost:60474}, javascriptEnabled: true, networkConnectionEnabled: false, pageLoadStrategy: normal, platform: WINDOWS, platformName: WINDOWS, proxy: Proxy(), setWindowRect: true, strictFileInteractability: false, timeouts: {implicit: 0, pageLoad: 300000, script: 30000}, unhandledPromptBehavior: dismiss and notify, webauthn:extension:credBlob: true, webauthn:extension:largeBlob: true, webauthn:extension:minPinLength: true, webauthn:extension:prf: true, webauthn:virtualAuthenticators: true}
Session ID: 1dca5896a5bc631a009d817778f77c7c
	at org.openqa.selenium.remote.http.W3CHttpResponseCodec.createException(W3CHttpResponseCodec.java:187)
	at org.openqa.selenium.remote.http.W3CHttpResponseCodec.decode(W3CHttpResponseCodec.java:122)
	at org.openqa.selenium.remote.http.W3CHttpResponseCodec.decode(W3CHttpResponseCodec.java:49)
	at org.openqa.selenium.remote.HttpCommandExecutor.execute(HttpCommandExecutor.java:158)
	at org.openqa.selenium.remote.service.DriverCommandExecutor.execute(DriverCommandExecutor.java:83)
	at org.openqa.selenium.remote.RemoteWebDriver.execute(RemoteWebDriver.java:552)
	at com.kms.katalon.selenium.driver.CChromeDriver.execute(CChromeDriver.java:19)
	at org.openqa.selenium.remote.RemoteWebElement.execute(RemoteWebElement.java:285)
	at org.openqa.selenium.remote.RemoteWebElement.click(RemoteWebElement.java:84)
	at org.openqa.selenium.support.events.EventFiringWebDriver$EventFiringWebElement.lambda$new$0(EventFiringWebDriver.java:404)
	at com.sun.proxy.$Proxy11.click(Unknown Source)
	at org.openqa.selenium.support.events.EventFiringWebDriver$EventFiringWebElement.click(EventFiringWebDriver.java:417)
	at org.openqa.selenium.WebElement$click.call(Unknown Source)
	at com.kms.katalon.core.webui.keyword.builtin.ClickKeyword.clickUntilSuccessWithTimeout(ClickKeyword.groovy:81)
	at com.kms.katalon.core.webui.keyword.builtin.ClickKeyword.clickUntilSuccessWithTimeout(ClickKeyword.groovy)
	at com.kms.katalon.core.webui.keyword.builtin.ClickKeyword$_click_closure1.doCall(ClickKeyword.groovy:67)
	at com.kms.katalon.core.webui.keyword.builtin.ClickKeyword$_click_closure1.call(ClickKeyword.groovy)
	at com.kms.katalon.core.webui.keyword.internal.WebUIKeywordMain.runKeyword(WebUIKeywordMain.groovy:20)
	... 22 more]]></system-err>
      </testcase>
      <testcase name="Test Cases/Part2/TestCase18" time="8.363" classname="Test Cases/Part2/TestCase18" status="PASSED">
         <system-out><![CDATA[2023-09-18 15:33:20 - [TEST_CASE][PASSED] - Test Cases/Part2/TestCase18: Test Cases/Part2/TestCase18

2023-09-18 15:33:20 - [TEST_STEP][PASSED] - openBrowser(""): Browser is opened with url: ''

2023-09-18 15:33:20 - [MESSAGE][WARNING] - A browser is already opened. Closing browser and opening a new one

2023-09-18 15:33:20 - [MESSAGE][INFO] - Starting 'Chrome' driver

2023-09-18 15:33:20 - [MESSAGE][INFO] - Action delay is set to 0 milliseconds

2023-09-18 15:33:22 - [MESSAGE][PASSED] - Browser is opened with url: ''

2023-09-18 15:33:22 - [TEST_STEP][PASSED] - navigateToUrl("https://github.com/"): Navigate to 'https://github.com/' successfully

2023-09-18 15:33:24 - [MESSAGE][PASSED] - Navigate to 'https://github.com/' successfully

2023-09-18 15:33:24 - [TEST_STEP][PASSED] - click(findTestObject("Object Repository/Page_GitHub Lets build from here  GitHub/a_Pricing")): Object: 'Object Repository/Page_GitHub Lets build from here  GitHub/a_Pricing' is clicked on

2023-09-18 15:33:25 - [MESSAGE][PASSED] - Object: 'Object Repository/Page_GitHub Lets build from here  GitHub/a_Pricing' is clicked on

2023-09-18 15:33:25 - [TEST_STEP][PASSED] - verifyElementText(findTestObject("Object Repository/Page_Pricing  Plans for every developer  GitHub/h1_Get the complete developerplatform"), "Get the complete developer platform."): Actual text and expected text of test object 'Object Repository/Page_Pricing  Plans for every developer  GitHub/h1_Get the complete developerplatform' are matched.

2023-09-18 15:33:27 - [MESSAGE][PASSED] - Actual text and expected text of test object 'Object Repository/Page_Pricing  Plans for every developer  GitHub/h1_Get the complete developerplatform' are matched.

2023-09-18 15:33:27 - [TEST_STEP][PASSED] - closeBrowser(): Browser is closed

2023-09-18 15:33:28 - [MESSAGE][PASSED] - Browser is closed]]></system-out>
         <system-err><![CDATA[]]></system-err>
      </testcase>
      <testcase name="Test Cases/Part2/TestCase19" time="6.98" classname="Test Cases/Part2/TestCase19" status="FAILED">
         <failure type="FAILED" message="Test Cases/Part2/TestCase19 FAILED.
Reason:
com.kms.katalon.core.exception.StepFailedException: Unable to click on object 'Object Repository/Page_GitHub Lets build from here  GitHub/a_CICD  Automation'
	at com.kms.katalon.core.webui.keyword.internal.WebUIKeywordMain.stepFailed(WebUIKeywordMain.groovy:64)
	at com.kms.katalon.core.webui.keyword.internal.WebUIKeywordMain.runKeyword(WebUIKeywordMain.groovy:26)
	at com.kms.katalon.core.webui.keyword.builtin.ClickKeyword.click(ClickKeyword.groovy:74)
	at com.kms.katalon.core.webui.keyword.builtin.ClickKeyword.execute(ClickKeyword.groovy:40)
	at com.kms.katalon.core.keyword.internal.KeywordExecutor.executeKeywordForPlatform(KeywordExecutor.groovy:74)
	at com.kms.katalon.core.webui.keyword.WebUiBuiltInKeywords.click(WebUiBuiltInKeywords.groovy:620)
	at com.kms.katalon.core.webui.keyword.WebUiBuiltInKeywords$click$2.call(Unknown Source)
	at TestCase19.run(TestCase19:26)
	at com.kms.katalon.core.main.ScriptEngine.run(ScriptEngine.java:194)
	at com.kms.katalon.core.main.ScriptEngine.runScriptAsRawText(ScriptEngine.java:119)
	at com.kms.katalon.core.main.TestCaseExecutor.runScript(TestCaseExecutor.java:448)
	at com.kms.katalon.core.main.TestCaseExecutor.doExecute(TestCaseExecutor.java:439)
	at com.kms.katalon.core.main.TestCaseExecutor.processExecutionPhase(TestCaseExecutor.java:418)
	at com.kms.katalon.core.main.TestCaseExecutor.accessMainPhase(TestCaseExecutor.java:410)
	at com.kms.katalon.core.main.TestCaseExecutor.execute(TestCaseExecutor.java:285)
	at com.kms.katalon.core.main.TestCaseExecutor.execute(TestCaseExecutor.java:369)
	at com.kms.katalon.core.main.TestCaseExecutor.execute(TestCaseExecutor.java:369)
	at com.kms.katalon.core.main.TestCaseExecutor.execute(TestCaseExecutor.java:369)
	at com.kms.katalon.core.common.CommonExecutor.accessTestCaseMainPhase(CommonExecutor.java:65)
	at com.kms.katalon.core.main.TestSuiteExecutor.accessTestSuiteMainPhase(TestSuiteExecutor.java:148)
	at com.kms.katalon.core.main.TestSuiteExecutor.execute(TestSuiteExecutor.java:106)
	at com.kms.katalon.core.main.TestCaseMain.startTestSuite(TestCaseMain.java:187)
	at com.kms.katalon.core.main.TestCaseMain$startTestSuite$0.call(Unknown Source)
	at TempTestSuite1695031065631.run(TempTestSuite1695031065631.groovy:36)
Caused by: org.openqa.selenium.ElementNotInteractableException: element not interactable
  (Session info: chrome=116.0.5845.188)
Build info: version: '3.141.59', revision: 'e82be7d358', time: '2018-11-14T08:25:53'
System info: host: 'ZIL591', ip: '172.19.128.1', os.name: 'Windows 10', os.arch: 'amd64', os.version: '10.0', java.version: '1.8.0_362'
Driver info: com.kms.katalon.selenium.driver.CChromeDriver
Capabilities {acceptInsecureCerts: false, browserName: chrome, browserVersion: 116.0.5845.188, chrome: {chromedriverVersion: 116.0.5845.96 (1a3918166880..., userDataDir: C:\Users\SACHIN~1.GAJ\AppDa...}, fedcm:accounts: true, goog:chromeOptions: {debuggerAddress: localhost:60729}, javascriptEnabled: true, networkConnectionEnabled: false, pageLoadStrategy: normal, platform: WINDOWS, platformName: WINDOWS, proxy: Proxy(), setWindowRect: true, strictFileInteractability: false, timeouts: {implicit: 0, pageLoad: 300000, script: 30000}, unhandledPromptBehavior: dismiss and notify, webauthn:extension:credBlob: true, webauthn:extension:largeBlob: true, webauthn:extension:minPinLength: true, webauthn:extension:prf: true, webauthn:virtualAuthenticators: true}
Session ID: 0d3955f0b979441bff531193ba32e88c
	at org.openqa.selenium.remote.http.W3CHttpResponseCodec.createException(W3CHttpResponseCodec.java:187)
	at org.openqa.selenium.remote.http.W3CHttpResponseCodec.decode(W3CHttpResponseCodec.java:122)
	at org.openqa.selenium.remote.http.W3CHttpResponseCodec.decode(W3CHttpResponseCodec.java:49)
	at org.openqa.selenium.remote.HttpCommandExecutor.execute(HttpCommandExecutor.java:158)
	at org.openqa.selenium.remote.service.DriverCommandExecutor.execute(DriverCommandExecutor.java:83)
	at org.openqa.selenium.remote.RemoteWebDriver.execute(RemoteWebDriver.java:552)
	at com.kms.katalon.selenium.driver.CChromeDriver.execute(CChromeDriver.java:19)
	at org.openqa.selenium.remote.RemoteWebElement.execute(RemoteWebElement.java:285)
	at org.openqa.selenium.remote.RemoteWebElement.click(RemoteWebElement.java:84)
	at org.openqa.selenium.support.events.EventFiringWebDriver$EventFiringWebElement.lambda$new$0(EventFiringWebDriver.java:404)
	at com.sun.proxy.$Proxy11.click(Unknown Source)
	at org.openqa.selenium.support.events.EventFiringWebDriver$EventFiringWebElement.click(EventFiringWebDriver.java:417)
	at org.openqa.selenium.WebElement$click.call(Unknown Source)
	at com.kms.katalon.core.webui.keyword.builtin.ClickKeyword.clickUntilSuccessWithTimeout(ClickKeyword.groovy:81)
	at com.kms.katalon.core.webui.keyword.builtin.ClickKeyword.clickUntilSuccessWithTimeout(ClickKeyword.groovy)
	at com.kms.katalon.core.webui.keyword.builtin.ClickKeyword$_click_closure1.doCall(ClickKeyword.groovy:67)
	at com.kms.katalon.core.webui.keyword.builtin.ClickKeyword$_click_closure1.call(ClickKeyword.groovy)
	at com.kms.katalon.core.webui.keyword.internal.WebUIKeywordMain.runKeyword(WebUIKeywordMain.groovy:20)
	... 22 more
"/>
         <system-out><![CDATA[2023-09-18 15:33:49 - [TEST_CASE][FAILED] - Test Cases/Part2/TestCase19: Test Cases/Part2/TestCase19 FAILED.
Reason:
com.kms.katalon.core.exception.StepFailedException: Unable to click on object 'Object Repository/Page_GitHub Lets build from here  GitHub/a_CICD  Automation'
	at com.kms.katalon.core.webui.keyword.internal.WebUIKeywordMain.stepFailed(WebUIKeywordMain.groovy:64)
	at com.kms.katalon.core.webui.keyword.internal.WebUIKeywordMain.runKeyword(WebUIKeywordMain.groovy:26)
	at com.kms.katalon.core.webui.keyword.builtin.ClickKeyword.click(ClickKeyword.groovy:74)
	at com.kms.katalon.core.webui.keyword.builtin.ClickKeyword.execute(ClickKeyword.groovy:40)
	at com.kms.katalon.core.keyword.internal.KeywordExecutor.executeKeywordForPlatform(KeywordExecutor.groovy:74)
	at com.kms.katalon.core.webui.keyword.WebUiBuiltInKeywords.click(WebUiBuiltInKeywords.groovy:620)
	at com.kms.katalon.core.webui.keyword.WebUiBuiltInKeywords$click$2.call(Unknown Source)
	at TestCase19.run(TestCase19:26)
	at com.kms.katalon.core.main.ScriptEngine.run(ScriptEngine.java:194)
	at com.kms.katalon.core.main.ScriptEngine.runScriptAsRawText(ScriptEngine.java:119)
	at com.kms.katalon.core.main.TestCaseExecutor.runScript(TestCaseExecutor.java:448)
	at com.kms.katalon.core.main.TestCaseExecutor.doExecute(TestCaseExecutor.java:439)
	at com.kms.katalon.core.main.TestCaseExecutor.processExecutionPhase(TestCaseExecutor.java:418)
	at com.kms.katalon.core.main.TestCaseExecutor.accessMainPhase(TestCaseExecutor.java:410)
	at com.kms.katalon.core.main.TestCaseExecutor.execute(TestCaseExecutor.java:285)
	at com.kms.katalon.core.main.TestCaseExecutor.execute(TestCaseExecutor.java:369)
	at com.kms.katalon.core.main.TestCaseExecutor.execute(TestCaseExecutor.java:369)
	at com.kms.katalon.core.main.TestCaseExecutor.execute(TestCaseExecutor.java:369)
	at com.kms.katalon.core.common.CommonExecutor.accessTestCaseMainPhase(CommonExecutor.java:65)
	at com.kms.katalon.core.main.TestSuiteExecutor.accessTestSuiteMainPhase(TestSuiteExecutor.java:148)
	at com.kms.katalon.core.main.TestSuiteExecutor.execute(TestSuiteExecutor.java:106)
	at com.kms.katalon.core.main.TestCaseMain.startTestSuite(TestCaseMain.java:187)
	at com.kms.katalon.core.main.TestCaseMain$startTestSuite$0.call(Unknown Source)
	at TempTestSuite1695031065631.run(TempTestSuite1695031065631.groovy:36)
Caused by: org.openqa.selenium.ElementNotInteractableException: element not interactable
  (Session info: chrome=116.0.5845.188)
Build info: version: '3.141.59', revision: 'e82be7d358', time: '2018-11-14T08:25:53'
System info: host: 'ZIL591', ip: '172.19.128.1', os.name: 'Windows 10', os.arch: 'amd64', os.version: '10.0', java.version: '1.8.0_362'
Driver info: com.kms.katalon.selenium.driver.CChromeDriver
Capabilities {acceptInsecureCerts: false, browserName: chrome, browserVersion: 116.0.5845.188, chrome: {chromedriverVersion: 116.0.5845.96 (1a3918166880..., userDataDir: C:\Users\SACHIN~1.GAJ\AppDa...}, fedcm:accounts: true, goog:chromeOptions: {debuggerAddress: localhost:60729}, javascriptEnabled: true, networkConnectionEnabled: false, pageLoadStrategy: normal, platform: WINDOWS, platformName: WINDOWS, proxy: Proxy(), setWindowRect: true, strictFileInteractability: false, timeouts: {implicit: 0, pageLoad: 300000, script: 30000}, unhandledPromptBehavior: dismiss and notify, webauthn:extension:credBlob: true, webauthn:extension:largeBlob: true, webauthn:extension:minPinLength: true, webauthn:extension:prf: true, webauthn:virtualAuthenticators: true}
Session ID: 0d3955f0b979441bff531193ba32e88c
	at org.openqa.selenium.remote.http.W3CHttpResponseCodec.createException(W3CHttpResponseCodec.java:187)
	at org.openqa.selenium.remote.http.W3CHttpResponseCodec.decode(W3CHttpResponseCodec.java:122)
	at org.openqa.selenium.remote.http.W3CHttpResponseCodec.decode(W3CHttpResponseCodec.java:49)
	at org.openqa.selenium.remote.HttpCommandExecutor.execute(HttpCommandExecutor.java:158)
	at org.openqa.selenium.remote.service.DriverCommandExecutor.execute(DriverCommandExecutor.java:83)
	at org.openqa.selenium.remote.RemoteWebDriver.execute(RemoteWebDriver.java:552)
	at com.kms.katalon.selenium.driver.CChromeDriver.execute(CChromeDriver.java:19)
	at org.openqa.selenium.remote.RemoteWebElement.execute(RemoteWebElement.java:285)
	at org.openqa.selenium.remote.RemoteWebElement.click(RemoteWebElement.java:84)
	at org.openqa.selenium.support.events.EventFiringWebDriver$EventFiringWebElement.lambda$new$0(EventFiringWebDriver.java:404)
	at com.sun.proxy.$Proxy11.click(Unknown Source)
	at org.openqa.selenium.support.events.EventFiringWebDriver$EventFiringWebElement.click(EventFiringWebDriver.java:417)
	at org.openqa.selenium.WebElement$click.call(Unknown Source)
	at com.kms.katalon.core.webui.keyword.builtin.ClickKeyword.clickUntilSuccessWithTimeout(ClickKeyword.groovy:81)
	at com.kms.katalon.core.webui.keyword.builtin.ClickKeyword.clickUntilSuccessWithTimeout(ClickKeyword.groovy)
	at com.kms.katalon.core.webui.keyword.builtin.ClickKeyword$_click_closure1.doCall(ClickKeyword.groovy:67)
	at com.kms.katalon.core.webui.keyword.builtin.ClickKeyword$_click_closure1.call(ClickKeyword.groovy)
	at com.kms.katalon.core.webui.keyword.internal.WebUIKeywordMain.runKeyword(WebUIKeywordMain.groovy:20)
	... 22 more


2023-09-18 15:33:49 - [TEST_STEP][PASSED] - openBrowser(""): Browser is opened with url: ''

2023-09-18 15:33:49 - [MESSAGE][WARNING] - A browser is already opened. Closing browser and opening a new one

2023-09-18 15:33:50 - [MESSAGE][INFO] - Starting 'Chrome' driver

2023-09-18 15:33:50 - [MESSAGE][INFO] - Action delay is set to 0 milliseconds

2023-09-18 15:33:52 - [MESSAGE][PASSED] - Browser is opened with url: ''

2023-09-18 15:33:52 - [TEST_STEP][PASSED] - navigateToUrl("https://github.com/"): Navigate to 'https://github.com/' successfully

2023-09-18 15:33:55 - [MESSAGE][PASSED] - Navigate to 'https://github.com/' successfully

2023-09-18 15:33:55 - [TEST_STEP][PASSED] - click(findTestObject("Object Repository/Page_GitHub Lets build from here  GitHub/svg_Product_octicon octicon-chevron-down He_c64722")): Object: 'Object Repository/Page_GitHub Lets build from here  GitHub/svg_Product_octicon octicon-chevron-down He_c64722' is clicked on

2023-09-18 15:33:56 - [MESSAGE][PASSED] - Object: 'Object Repository/Page_GitHub Lets build from here  GitHub/svg_Product_octicon octicon-chevron-down He_c64722' is clicked on

2023-09-18 15:33:56 - [TEST_STEP][FAILED] - click(findTestObject("Object Repository/Page_GitHub Lets build from here  GitHub/a_CICD  Automation")): Unable to click on object 'Object Repository/Page_GitHub Lets build from here  GitHub/a_CICD  Automation' (Root cause: com.kms.katalon.core.exception.StepFailedException: Unable to click on object 'Object Repository/Page_GitHub Lets build from here  GitHub/a_CICD  Automation'
	at com.kms.katalon.core.webui.keyword.internal.WebUIKeywordMain.stepFailed(WebUIKeywordMain.groovy:64)
	at com.kms.katalon.core.webui.keyword.internal.WebUIKeywordMain.runKeyword(WebUIKeywordMain.groovy:26)
	at com.kms.katalon.core.webui.keyword.builtin.ClickKeyword.click(ClickKeyword.groovy:74)
	at com.kms.katalon.core.webui.keyword.builtin.ClickKeyword.execute(ClickKeyword.groovy:40)
	at com.kms.katalon.core.keyword.internal.KeywordExecutor.executeKeywordForPlatform(KeywordExecutor.groovy:74)
	at com.kms.katalon.core.webui.keyword.WebUiBuiltInKeywords.click(WebUiBuiltInKeywords.groovy:620)
	at com.kms.katalon.core.webui.keyword.WebUiBuiltInKeywords$click$2.call(Unknown Source)
	at TestCase19.run(TestCase19:26)
	at com.kms.katalon.core.main.ScriptEngine.run(ScriptEngine.java:194)
	at com.kms.katalon.core.main.ScriptEngine.runScriptAsRawText(ScriptEngine.java:119)
	at com.kms.katalon.core.main.TestCaseExecutor.runScript(TestCaseExecutor.java:448)
	at com.kms.katalon.core.main.TestCaseExecutor.doExecute(TestCaseExecutor.java:439)
	at com.kms.katalon.core.main.TestCaseExecutor.processExecutionPhase(TestCaseExecutor.java:418)
	at com.kms.katalon.core.main.TestCaseExecutor.accessMainPhase(TestCaseExecutor.java:410)
	at com.kms.katalon.core.main.TestCaseExecutor.execute(TestCaseExecutor.java:285)
	at com.kms.katalon.core.main.TestCaseExecutor.execute(TestCaseExecutor.java:369)
	at com.kms.katalon.core.main.TestCaseExecutor.execute(TestCaseExecutor.java:369)
	at com.kms.katalon.core.main.TestCaseExecutor.execute(TestCaseExecutor.java:369)
	at com.kms.katalon.core.common.CommonExecutor.accessTestCaseMainPhase(CommonExecutor.java:65)
	at com.kms.katalon.core.main.TestSuiteExecutor.accessTestSuiteMainPhase(TestSuiteExecutor.java:148)
	at com.kms.katalon.core.main.TestSuiteExecutor.execute(TestSuiteExecutor.java:106)
	at com.kms.katalon.core.main.TestCaseMain.startTestSuite(TestCaseMain.java:187)
	at com.kms.katalon.core.main.TestCaseMain$startTestSuite$0.call(Unknown Source)
	at TempTestSuite1695031065631.run(TempTestSuite1695031065631.groovy:36)
Caused by: org.openqa.selenium.ElementNotInteractableException: element not interactable
  (Session info: chrome=116.0.5845.188)
Build info: version: '3.141.59', revision: 'e82be7d358', time: '2018-11-14T08:25:53'
System info: host: 'ZIL591', ip: '172.19.128.1', os.name: 'Windows 10', os.arch: 'amd64', os.version: '10.0', java.version: '1.8.0_362'
Driver info: com.kms.katalon.selenium.driver.CChromeDriver
Capabilities {acceptInsecureCerts: false, browserName: chrome, browserVersion: 116.0.5845.188, chrome: {chromedriverVersion: 116.0.5845.96 (1a3918166880..., userDataDir: C:\Users\SACHIN~1.GAJ\AppDa...}, fedcm:accounts: true, goog:chromeOptions: {debuggerAddress: localhost:60729}, javascriptEnabled: true, networkConnectionEnabled: false, pageLoadStrategy: normal, platform: WINDOWS, platformName: WINDOWS, proxy: Proxy(), setWindowRect: true, strictFileInteractability: false, timeouts: {implicit: 0, pageLoad: 300000, script: 30000}, unhandledPromptBehavior: dismiss and notify, webauthn:extension:credBlob: true, webauthn:extension:largeBlob: true, webauthn:extension:minPinLength: true, webauthn:extension:prf: true, webauthn:virtualAuthenticators: true}
Session ID: 0d3955f0b979441bff531193ba32e88c
	at org.openqa.selenium.remote.http.W3CHttpResponseCodec.createException(W3CHttpResponseCodec.java:187)
	at org.openqa.selenium.remote.http.W3CHttpResponseCodec.decode(W3CHttpResponseCodec.java:122)
	at org.openqa.selenium.remote.http.W3CHttpResponseCodec.decode(W3CHttpResponseCodec.java:49)
	at org.openqa.selenium.remote.HttpCommandExecutor.execute(HttpCommandExecutor.java:158)
	at org.openqa.selenium.remote.service.DriverCommandExecutor.execute(DriverCommandExecutor.java:83)
	at org.openqa.selenium.remote.RemoteWebDriver.execute(RemoteWebDriver.java:552)
	at com.kms.katalon.selenium.driver.CChromeDriver.execute(CChromeDriver.java:19)
	at org.openqa.selenium.remote.RemoteWebElement.execute(RemoteWebElement.java:285)
	at org.openqa.selenium.remote.RemoteWebElement.click(RemoteWebElement.java:84)
	at org.openqa.selenium.support.events.EventFiringWebDriver$EventFiringWebElement.lambda$new$0(EventFiringWebDriver.java:404)
	at com.sun.proxy.$Proxy11.click(Unknown Source)
	at org.openqa.selenium.support.events.EventFiringWebDriver$EventFiringWebElement.click(EventFiringWebDriver.java:417)
	at org.openqa.selenium.WebElement$click.call(Unknown Source)
	at com.kms.katalon.core.webui.keyword.builtin.ClickKeyword.clickUntilSuccessWithTimeout(ClickKeyword.groovy:81)
	at com.kms.katalon.core.webui.keyword.builtin.ClickKeyword.clickUntilSuccessWithTimeout(ClickKeyword.groovy)
	at com.kms.katalon.core.webui.keyword.builtin.ClickKeyword$_click_closure1.doCall(ClickKeyword.groovy:67)
	at com.kms.katalon.core.webui.keyword.builtin.ClickKeyword$_click_closure1.call(ClickKeyword.groovy)
	at com.kms.katalon.core.webui.keyword.internal.WebUIKeywordMain.runKeyword(WebUIKeywordMain.groovy:20)
	at com.kms.katalon.core.webui.keyword.builtin.ClickKeyword.click(ClickKeyword.groovy:74)
	at com.kms.katalon.core.webui.keyword.builtin.ClickKeyword.execute(ClickKeyword.groovy:40)
	at com.kms.katalon.core.keyword.internal.KeywordExecutor.executeKeywordForPlatform(KeywordExecutor.groovy:74)
	at com.kms.katalon.core.webui.keyword.WebUiBuiltInKeywords.click(WebUiBuiltInKeywords.groovy:620)
	at com.kms.katalon.core.webui.keyword.WebUiBuiltInKeywords$click$2.call(Unknown Source)
	at Script1695023282168.run(Script1695023282168.groovy:26)
	... 16 more
)

2023-09-18 15:33:56 - [MESSAGE][FAILED] - Unable to click on object 'Object Repository/Page_GitHub Lets build from here  GitHub/a_CICD  Automation' (Root cause: com.kms.katalon.core.exception.StepFailedException: Unable to click on object 'Object Repository/Page_GitHub Lets build from here  GitHub/a_CICD  Automation'
	at com.kms.katalon.core.webui.keyword.internal.WebUIKeywordMain.stepFailed(WebUIKeywordMain.groovy:64)
	at com.kms.katalon.core.webui.keyword.internal.WebUIKeywordMain.runKeyword(WebUIKeywordMain.groovy:26)
	at com.kms.katalon.core.webui.keyword.builtin.ClickKeyword.click(ClickKeyword.groovy:74)
	at com.kms.katalon.core.webui.keyword.builtin.ClickKeyword.execute(ClickKeyword.groovy:40)
	at com.kms.katalon.core.keyword.internal.KeywordExecutor.executeKeywordForPlatform(KeywordExecutor.groovy:74)
	at com.kms.katalon.core.webui.keyword.WebUiBuiltInKeywords.click(WebUiBuiltInKeywords.groovy:620)
	at com.kms.katalon.core.webui.keyword.WebUiBuiltInKeywords$click$2.call(Unknown Source)
	at TestCase19.run(TestCase19:26)
	at com.kms.katalon.core.main.ScriptEngine.run(ScriptEngine.java:194)
	at com.kms.katalon.core.main.ScriptEngine.runScriptAsRawText(ScriptEngine.java:119)
	at com.kms.katalon.core.main.TestCaseExecutor.runScript(TestCaseExecutor.java:448)
	at com.kms.katalon.core.main.TestCaseExecutor.doExecute(TestCaseExecutor.java:439)
	at com.kms.katalon.core.main.TestCaseExecutor.processExecutionPhase(TestCaseExecutor.java:418)
	at com.kms.katalon.core.main.TestCaseExecutor.accessMainPhase(TestCaseExecutor.java:410)
	at com.kms.katalon.core.main.TestCaseExecutor.execute(TestCaseExecutor.java:285)
	at com.kms.katalon.core.main.TestCaseExecutor.execute(TestCaseExecutor.java:369)
	at com.kms.katalon.core.main.TestCaseExecutor.execute(TestCaseExecutor.java:369)
	at com.kms.katalon.core.main.TestCaseExecutor.execute(TestCaseExecutor.java:369)
	at com.kms.katalon.core.common.CommonExecutor.accessTestCaseMainPhase(CommonExecutor.java:65)
	at com.kms.katalon.core.main.TestSuiteExecutor.accessTestSuiteMainPhase(TestSuiteExecutor.java:148)
	at com.kms.katalon.core.main.TestSuiteExecutor.execute(TestSuiteExecutor.java:106)
	at com.kms.katalon.core.main.TestCaseMain.startTestSuite(TestCaseMain.java:187)
	at com.kms.katalon.core.main.TestCaseMain$startTestSuite$0.call(Unknown Source)
	at TempTestSuite1695031065631.run(TempTestSuite1695031065631.groovy:36)
Caused by: org.openqa.selenium.ElementNotInteractableException: element not interactable
  (Session info: chrome=116.0.5845.188)
Build info: version: '3.141.59', revision: 'e82be7d358', time: '2018-11-14T08:25:53'
System info: host: 'ZIL591', ip: '172.19.128.1', os.name: 'Windows 10', os.arch: 'amd64', os.version: '10.0', java.version: '1.8.0_362'
Driver info: com.kms.katalon.selenium.driver.CChromeDriver
Capabilities {acceptInsecureCerts: false, browserName: chrome, browserVersion: 116.0.5845.188, chrome: {chromedriverVersion: 116.0.5845.96 (1a3918166880..., userDataDir: C:\Users\SACHIN~1.GAJ\AppDa...}, fedcm:accounts: true, goog:chromeOptions: {debuggerAddress: localhost:60729}, javascriptEnabled: true, networkConnectionEnabled: false, pageLoadStrategy: normal, platform: WINDOWS, platformName: WINDOWS, proxy: Proxy(), setWindowRect: true, strictFileInteractability: false, timeouts: {implicit: 0, pageLoad: 300000, script: 30000}, unhandledPromptBehavior: dismiss and notify, webauthn:extension:credBlob: true, webauthn:extension:largeBlob: true, webauthn:extension:minPinLength: true, webauthn:extension:prf: true, webauthn:virtualAuthenticators: true}
Session ID: 0d3955f0b979441bff531193ba32e88c
	at org.openqa.selenium.remote.http.W3CHttpResponseCodec.createException(W3CHttpResponseCodec.java:187)
	at org.openqa.selenium.remote.http.W3CHttpResponseCodec.decode(W3CHttpResponseCodec.java:122)
	at org.openqa.selenium.remote.http.W3CHttpResponseCodec.decode(W3CHttpResponseCodec.java:49)
	at org.openqa.selenium.remote.HttpCommandExecutor.execute(HttpCommandExecutor.java:158)
	at org.openqa.selenium.remote.service.DriverCommandExecutor.execute(DriverCommandExecutor.java:83)
	at org.openqa.selenium.remote.RemoteWebDriver.execute(RemoteWebDriver.java:552)
	at com.kms.katalon.selenium.driver.CChromeDriver.execute(CChromeDriver.java:19)
	at org.openqa.selenium.remote.RemoteWebElement.execute(RemoteWebElement.java:285)
	at org.openqa.selenium.remote.RemoteWebElement.click(RemoteWebElement.java:84)
	at org.openqa.selenium.support.events.EventFiringWebDriver$EventFiringWebElement.lambda$new$0(EventFiringWebDriver.java:404)
	at com.sun.proxy.$Proxy11.click(Unknown Source)
	at org.openqa.selenium.support.events.EventFiringWebDriver$EventFiringWebElement.click(EventFiringWebDriver.java:417)
	at org.openqa.selenium.WebElement$click.call(Unknown Source)
	at com.kms.katalon.core.webui.keyword.builtin.ClickKeyword.clickUntilSuccessWithTimeout(ClickKeyword.groovy:81)
	at com.kms.katalon.core.webui.keyword.builtin.ClickKeyword.clickUntilSuccessWithTimeout(ClickKeyword.groovy)
	at com.kms.katalon.core.webui.keyword.builtin.ClickKeyword$_click_closure1.doCall(ClickKeyword.groovy:67)
	at com.kms.katalon.core.webui.keyword.builtin.ClickKeyword$_click_closure1.call(ClickKeyword.groovy)
	at com.kms.katalon.core.webui.keyword.internal.WebUIKeywordMain.runKeyword(WebUIKeywordMain.groovy:20)
	at com.kms.katalon.core.webui.keyword.builtin.ClickKeyword.click(ClickKeyword.groovy:74)
	at com.kms.katalon.core.webui.keyword.builtin.ClickKeyword.execute(ClickKeyword.groovy:40)
	at com.kms.katalon.core.keyword.internal.KeywordExecutor.executeKeywordForPlatform(KeywordExecutor.groovy:74)
	at com.kms.katalon.core.webui.keyword.WebUiBuiltInKeywords.click(WebUiBuiltInKeywords.groovy:620)
	at com.kms.katalon.core.webui.keyword.WebUiBuiltInKeywords$click$2.call(Unknown Source)
	at Script1695023282168.run(Script1695023282168.groovy:26)
	... 16 more
)
[[ATTACHMENT|C:\\Users\\sachin.gajbhiye\\git\\Katalon-Practice\\Reports\\20230918_152745\\First Test Suite\\20230918_152745\\1695031436528.png]]]]></system-out>
         <system-err><![CDATA[2023-09-18 15:33:49 - [TEST_CASE][FAILED] - Test Cases/Part2/TestCase19: Test Cases/Part2/TestCase19 FAILED.
Reason:
com.kms.katalon.core.exception.StepFailedException: Unable to click on object 'Object Repository/Page_GitHub Lets build from here  GitHub/a_CICD  Automation'
	at com.kms.katalon.core.webui.keyword.internal.WebUIKeywordMain.stepFailed(WebUIKeywordMain.groovy:64)
	at com.kms.katalon.core.webui.keyword.internal.WebUIKeywordMain.runKeyword(WebUIKeywordMain.groovy:26)
	at com.kms.katalon.core.webui.keyword.builtin.ClickKeyword.click(ClickKeyword.groovy:74)
	at com.kms.katalon.core.webui.keyword.builtin.ClickKeyword.execute(ClickKeyword.groovy:40)
	at com.kms.katalon.core.keyword.internal.KeywordExecutor.executeKeywordForPlatform(KeywordExecutor.groovy:74)
	at com.kms.katalon.core.webui.keyword.WebUiBuiltInKeywords.click(WebUiBuiltInKeywords.groovy:620)
	at com.kms.katalon.core.webui.keyword.WebUiBuiltInKeywords$click$2.call(Unknown Source)
	at TestCase19.run(TestCase19:26)
	at com.kms.katalon.core.main.ScriptEngine.run(ScriptEngine.java:194)
	at com.kms.katalon.core.main.ScriptEngine.runScriptAsRawText(ScriptEngine.java:119)
	at com.kms.katalon.core.main.TestCaseExecutor.runScript(TestCaseExecutor.java:448)
	at com.kms.katalon.core.main.TestCaseExecutor.doExecute(TestCaseExecutor.java:439)
	at com.kms.katalon.core.main.TestCaseExecutor.processExecutionPhase(TestCaseExecutor.java:418)
	at com.kms.katalon.core.main.TestCaseExecutor.accessMainPhase(TestCaseExecutor.java:410)
	at com.kms.katalon.core.main.TestCaseExecutor.execute(TestCaseExecutor.java:285)
	at com.kms.katalon.core.main.TestCaseExecutor.execute(TestCaseExecutor.java:369)
	at com.kms.katalon.core.main.TestCaseExecutor.execute(TestCaseExecutor.java:369)
	at com.kms.katalon.core.main.TestCaseExecutor.execute(TestCaseExecutor.java:369)
	at com.kms.katalon.core.common.CommonExecutor.accessTestCaseMainPhase(CommonExecutor.java:65)
	at com.kms.katalon.core.main.TestSuiteExecutor.accessTestSuiteMainPhase(TestSuiteExecutor.java:148)
	at com.kms.katalon.core.main.TestSuiteExecutor.execute(TestSuiteExecutor.java:106)
	at com.kms.katalon.core.main.TestCaseMain.startTestSuite(TestCaseMain.java:187)
	at com.kms.katalon.core.main.TestCaseMain$startTestSuite$0.call(Unknown Source)
	at TempTestSuite1695031065631.run(TempTestSuite1695031065631.groovy:36)
Caused by: org.openqa.selenium.ElementNotInteractableException: element not interactable
  (Session info: chrome=116.0.5845.188)
Build info: version: '3.141.59', revision: 'e82be7d358', time: '2018-11-14T08:25:53'
System info: host: 'ZIL591', ip: '172.19.128.1', os.name: 'Windows 10', os.arch: 'amd64', os.version: '10.0', java.version: '1.8.0_362'
Driver info: com.kms.katalon.selenium.driver.CChromeDriver
Capabilities {acceptInsecureCerts: false, browserName: chrome, browserVersion: 116.0.5845.188, chrome: {chromedriverVersion: 116.0.5845.96 (1a3918166880..., userDataDir: C:\Users\SACHIN~1.GAJ\AppDa...}, fedcm:accounts: true, goog:chromeOptions: {debuggerAddress: localhost:60729}, javascriptEnabled: true, networkConnectionEnabled: false, pageLoadStrategy: normal, platform: WINDOWS, platformName: WINDOWS, proxy: Proxy(), setWindowRect: true, strictFileInteractability: false, timeouts: {implicit: 0, pageLoad: 300000, script: 30000}, unhandledPromptBehavior: dismiss and notify, webauthn:extension:credBlob: true, webauthn:extension:largeBlob: true, webauthn:extension:minPinLength: true, webauthn:extension:prf: true, webauthn:virtualAuthenticators: true}
Session ID: 0d3955f0b979441bff531193ba32e88c
	at org.openqa.selenium.remote.http.W3CHttpResponseCodec.createException(W3CHttpResponseCodec.java:187)
	at org.openqa.selenium.remote.http.W3CHttpResponseCodec.decode(W3CHttpResponseCodec.java:122)
	at org.openqa.selenium.remote.http.W3CHttpResponseCodec.decode(W3CHttpResponseCodec.java:49)
	at org.openqa.selenium.remote.HttpCommandExecutor.execute(HttpCommandExecutor.java:158)
	at org.openqa.selenium.remote.service.DriverCommandExecutor.execute(DriverCommandExecutor.java:83)
	at org.openqa.selenium.remote.RemoteWebDriver.execute(RemoteWebDriver.java:552)
	at com.kms.katalon.selenium.driver.CChromeDriver.execute(CChromeDriver.java:19)
	at org.openqa.selenium.remote.RemoteWebElement.execute(RemoteWebElement.java:285)
	at org.openqa.selenium.remote.RemoteWebElement.click(RemoteWebElement.java:84)
	at org.openqa.selenium.support.events.EventFiringWebDriver$EventFiringWebElement.lambda$new$0(EventFiringWebDriver.java:404)
	at com.sun.proxy.$Proxy11.click(Unknown Source)
	at org.openqa.selenium.support.events.EventFiringWebDriver$EventFiringWebElement.click(EventFiringWebDriver.java:417)
	at org.openqa.selenium.WebElement$click.call(Unknown Source)
	at com.kms.katalon.core.webui.keyword.builtin.ClickKeyword.clickUntilSuccessWithTimeout(ClickKeyword.groovy:81)
	at com.kms.katalon.core.webui.keyword.builtin.ClickKeyword.clickUntilSuccessWithTimeout(ClickKeyword.groovy)
	at com.kms.katalon.core.webui.keyword.builtin.ClickKeyword$_click_closure1.doCall(ClickKeyword.groovy:67)
	at com.kms.katalon.core.webui.keyword.builtin.ClickKeyword$_click_closure1.call(ClickKeyword.groovy)
	at com.kms.katalon.core.webui.keyword.internal.WebUIKeywordMain.runKeyword(WebUIKeywordMain.groovy:20)
	... 22 more]]></system-err>
      </testcase>
      <testcase name="Test Cases/Part2/TestCase20" time="10.054" classname="Test Cases/Part2/TestCase20" status="PASSED">
         <system-out><![CDATA[2023-09-18 15:33:56 - [TEST_CASE][PASSED] - Test Cases/Part2/TestCase20: Test Cases/Part2/TestCase20

2023-09-18 15:33:57 - [TEST_STEP][PASSED] - openBrowser(""): Browser is opened with url: ''

2023-09-18 15:33:57 - [MESSAGE][WARNING] - A browser is already opened. Closing browser and opening a new one

2023-09-18 15:33:58 - [MESSAGE][INFO] - Starting 'Chrome' driver

2023-09-18 15:33:58 - [MESSAGE][INFO] - Action delay is set to 0 milliseconds

2023-09-18 15:33:59 - [MESSAGE][PASSED] - Browser is opened with url: ''

2023-09-18 15:33:59 - [TEST_STEP][PASSED] - navigateToUrl("https://github.com/"): Navigate to 'https://github.com/' successfully

2023-09-18 15:34:01 - [MESSAGE][PASSED] - Navigate to 'https://github.com/' successfully

2023-09-18 15:34:01 - [TEST_STEP][PASSED] - click(findTestObject("Object Repository/Page_GitHub Lets build from here  GitHub/svg_Product_octicon octicon-chevron-down He_c64722")): Object: 'Object Repository/Page_GitHub Lets build from here  GitHub/svg_Product_octicon octicon-chevron-down He_c64722' is clicked on

2023-09-18 15:34:03 - [MESSAGE][PASSED] - Object: 'Object Repository/Page_GitHub Lets build from here  GitHub/svg_Product_octicon octicon-chevron-down He_c64722' is clicked on

2023-09-18 15:34:03 - [TEST_STEP][PASSED] - click(findTestObject("Object Repository/Page_GitHub Lets build from here  GitHub/div_GitHub Sponsors        Fund open source_2bceb8")): Object: 'Object Repository/Page_GitHub Lets build from here  GitHub/div_GitHub Sponsors        Fund open source_2bceb8' is clicked on

2023-09-18 15:34:03 - [MESSAGE][PASSED] - Object: 'Object Repository/Page_GitHub Lets build from here  GitHub/div_GitHub Sponsors        Fund open source_2bceb8' is clicked on

2023-09-18 15:34:03 - [TEST_STEP][PASSED] - scrollToElement(findTestObject("Object Repository/Page_GitHub Sponsors  GitHub/h2_You depend on open source every day"), 0): Scroll to object 'Object Repository/Page_GitHub Sponsors  GitHub/h2_You depend on open source every day' successfully

2023-09-18 15:34:03 - [MESSAGE][WARNING] - Timeout '0' is invalid. Using default page load timeout: '30'

2023-09-18 15:34:05 - [MESSAGE][PASSED] - Scroll to object 'Object Repository/Page_GitHub Sponsors  GitHub/h2_You depend on open source every day' successfully

2023-09-18 15:34:05 - [TEST_STEP][PASSED] - verifyElementText(findTestObject("Object Repository/Page_GitHub Sponsors  GitHub/h2_You depend on open source every day"), "You depend on open source every day"): Actual text and expected text of test object 'Object Repository/Page_GitHub Sponsors  GitHub/h2_You depend on open source every day' are matched.

2023-09-18 15:34:06 - [MESSAGE][PASSED] - Actual text and expected text of test object 'Object Repository/Page_GitHub Sponsors  GitHub/h2_You depend on open source every day' are matched.

2023-09-18 15:34:06 - [TEST_STEP][PASSED] - closeBrowser(): Browser is closed

2023-09-18 15:34:06 - [MESSAGE][PASSED] - Browser is closed]]></system-out>
         <system-err><![CDATA[]]></system-err>
      </testcase>
      <testcase name="Test Cases/Part3/TestCase21" time="15.678" classname="Test Cases/Part3/TestCase21" status="PASSED">
         <system-out><![CDATA[2023-09-18 15:34:07 - [TEST_CASE][PASSED] - Test Cases/Part3/TestCase21: Test Cases/Part3/TestCase21

2023-09-18 15:34:07 - [TEST_STEP][PASSED] - openBrowser(""): Browser is opened with url: ''

2023-09-18 15:34:07 - [MESSAGE][INFO] - Starting 'Chrome' driver

2023-09-18 15:34:07 - [MESSAGE][INFO] - Action delay is set to 0 milliseconds

2023-09-18 15:34:08 - [MESSAGE][PASSED] - Browser is opened with url: ''

2023-09-18 15:34:08 - [TEST_STEP][PASSED] - maximizeWindow(): Current window maximized

2023-09-18 15:34:09 - [MESSAGE][PASSED] - Current window maximized

2023-09-18 15:34:09 - [TEST_STEP][PASSED] - navigateToUrl("https://spotify.design/"): Navigate to 'https://spotify.design/' successfully

2023-09-18 15:34:21 - [MESSAGE][PASSED] - Navigate to 'https://spotify.design/' successfully

2023-09-18 15:34:21 - [TEST_STEP][PASSED] - closeBrowser(): Browser is closed

2023-09-18 15:34:22 - [MESSAGE][PASSED] - Browser is closed]]></system-out>
         <system-err><![CDATA[]]></system-err>
      </testcase>
      <testcase name="Test Cases/Part3/TestCase22" time="17.135" classname="Test Cases/Part3/TestCase22" status="PASSED">
         <system-out><![CDATA[2023-09-18 15:34:22 - [TEST_CASE][PASSED] - Test Cases/Part3/TestCase22: Test Cases/Part3/TestCase22

2023-09-18 15:34:23 - [TEST_STEP][PASSED] - openBrowser(""): Browser is opened with url: ''

2023-09-18 15:34:23 - [MESSAGE][INFO] - Starting 'Chrome' driver

2023-09-18 15:34:23 - [MESSAGE][INFO] - Action delay is set to 0 milliseconds

2023-09-18 15:34:24 - [MESSAGE][PASSED] - Browser is opened with url: ''

2023-09-18 15:34:24 - [TEST_STEP][PASSED] - navigateToUrl("https://spotify.design/"): Navigate to 'https://spotify.design/' successfully

2023-09-18 15:34:33 - [MESSAGE][PASSED] - Navigate to 'https://spotify.design/' successfully

2023-09-18 15:34:33 - [TEST_STEP][PASSED] - click(findTestObject("Object Repository/Page_Home  Spotify Design/span_Stories")): Object: 'Object Repository/Page_Home  Spotify Design/span_Stories' is clicked on

2023-09-18 15:34:36 - [MESSAGE][PASSED] - Object: 'Object Repository/Page_Home  Spotify Design/span_Stories' is clicked on

2023-09-18 15:34:36 - [TEST_STEP][PASSED] - verifyElementPresent(findTestObject("Object Repository/Page_Stories  Spotify Design/span_Pick a category"), 0): Object 'Object Repository/Page_Stories  Spotify Design/span_Pick a category' is present

2023-09-18 15:34:36 - [MESSAGE][WARNING] - Timeout '0' is invalid. Using default page load timeout: '30'

2023-09-18 15:34:38 - [MESSAGE][PASSED] - Object 'Object Repository/Page_Stories  Spotify Design/span_Pick a category' is present

2023-09-18 15:34:38 - [TEST_STEP][PASSED] - closeBrowser(): Browser is closed

2023-09-18 15:34:39 - [MESSAGE][PASSED] - Browser is closed]]></system-out>
         <system-err><![CDATA[]]></system-err>
      </testcase>
      <testcase name="Test Cases/Part3/TestCase23" time="24.446" classname="Test Cases/Part3/TestCase23" status="PASSED">
         <system-out><![CDATA[2023-09-18 15:34:58 - [TEST_CASE][PASSED] - Test Cases/Part3/TestCase23: Test Cases/Part3/TestCase23

2023-09-18 15:34:58 - [TEST_STEP][PASSED] - openBrowser(""): Browser is opened with url: ''

2023-09-18 15:34:58 - [MESSAGE][WARNING] - A browser is already opened. Closing browser and opening a new one

2023-09-18 15:34:59 - [MESSAGE][INFO] - Starting 'Chrome' driver

2023-09-18 15:34:59 - [MESSAGE][INFO] - Action delay is set to 0 milliseconds

2023-09-18 15:35:00 - [MESSAGE][PASSED] - Browser is opened with url: ''

2023-09-18 15:35:00 - [TEST_STEP][PASSED] - maximizeWindow(): Current window maximized

2023-09-18 15:35:01 - [MESSAGE][PASSED] - Current window maximized

2023-09-18 15:35:01 - [TEST_STEP][PASSED] - navigateToUrl("https://spotify.design/"): Navigate to 'https://spotify.design/' successfully

2023-09-18 15:35:14 - [MESSAGE][PASSED] - Navigate to 'https://spotify.design/' successfully

2023-09-18 15:35:14 - [TEST_STEP][PASSED] - click(findTestObject("Object Repository/Page_Home  Spotify Design/span_Listen")): Object: 'Object Repository/Page_Home  Spotify Design/span_Listen' is clicked on

2023-09-18 15:35:17 - [MESSAGE][PASSED] - Object: 'Object Repository/Page_Home  Spotify Design/span_Listen' is clicked on

2023-09-18 15:35:17 - [TEST_STEP][PASSED] - scrollToElement(findTestObject("Object Repository/Page_Stories  Spotify Design/p_Playlists, podcasts, and other audio good_0e44eb"), 0): Scroll to object 'Object Repository/Page_Stories  Spotify Design/p_Playlists, podcasts, and other audio good_0e44eb' successfully

2023-09-18 15:35:17 - [MESSAGE][WARNING] - Timeout '0' is invalid. Using default page load timeout: '30'

2023-09-18 15:35:19 - [MESSAGE][PASSED] - Scroll to object 'Object Repository/Page_Stories  Spotify Design/p_Playlists, podcasts, and other audio good_0e44eb' successfully

2023-09-18 15:35:19 - [TEST_STEP][PASSED] - verifyElementText(findTestObject("Object Repository/Page_Stories  Spotify Design/p_Playlists, podcasts, and other audio good_0e44eb"), "Playlists, podcasts, and other audio goodness from our team."): Actual text and expected text of test object 'Object Repository/Page_Stories  Spotify Design/p_Playlists, podcasts, and other audio good_0e44eb' are matched.

2023-09-18 15:35:19 - [MESSAGE][PASSED] - Actual text and expected text of test object 'Object Repository/Page_Stories  Spotify Design/p_Playlists, podcasts, and other audio good_0e44eb' are matched.

2023-09-18 15:35:19 - [TEST_STEP][PASSED] - click(findTestObject("Object Repository/Page_Stories  Spotify Design/span_Folk")): Object: 'Object Repository/Page_Stories  Spotify Design/span_Folk' is clicked on

2023-09-18 15:35:20 - [MESSAGE][PASSED] - Object: 'Object Repository/Page_Stories  Spotify Design/span_Folk' is clicked on

2023-09-18 15:35:20 - [TEST_STEP][PASSED] - scrollToElement(findTestObject("Object Repository/Page_Stories  Spotify Design/a_Zoned 43"), 0): Scroll to object 'Object Repository/Page_Stories  Spotify Design/a_Zoned 43' successfully

2023-09-18 15:35:20 - [MESSAGE][WARNING] - Timeout '0' is invalid. Using default page load timeout: '30'

2023-09-18 15:35:21 - [MESSAGE][PASSED] - Scroll to object 'Object Repository/Page_Stories  Spotify Design/a_Zoned 43' successfully

2023-09-18 15:35:21 - [TEST_STEP][PASSED] - verifyElementPresent(findTestObject("Object Repository/Page_Stories  Spotify Design/a_Zoned 43"), 0): Object 'Object Repository/Page_Stories  Spotify Design/a_Zoned 43' is present

2023-09-18 15:35:21 - [MESSAGE][WARNING] - Timeout '0' is invalid. Using default page load timeout: '30'

2023-09-18 15:35:21 - [MESSAGE][PASSED] - Object 'Object Repository/Page_Stories  Spotify Design/a_Zoned 43' is present

2023-09-18 15:35:21 - [TEST_STEP][PASSED] - click(findTestObject("Object Repository/Page_Stories  Spotify Design/a_Zoned 43")): Object: 'Object Repository/Page_Stories  Spotify Design/a_Zoned 43' is clicked on

2023-09-18 15:35:22 - [MESSAGE][PASSED] - Object: 'Object Repository/Page_Stories  Spotify Design/a_Zoned 43' is clicked on

2023-09-18 15:35:22 - [TEST_STEP][PASSED] - closeBrowser(): Browser is closed

2023-09-18 15:35:22 - [MESSAGE][PASSED] - Browser is closed]]></system-out>
         <system-err><![CDATA[]]></system-err>
      </testcase>
      <testcase name="Test Cases/Part3/TestCase24" time="8.559" classname="Test Cases/Part3/TestCase24" status="PASSED">
         <system-out><![CDATA[2023-09-18 15:35:22 - [TEST_CASE][PASSED] - Test Cases/Part3/TestCase24: Test Cases/Part3/TestCase24

2023-09-18 15:35:23 - [TEST_STEP][PASSED] - openBrowser(""): Browser is opened with url: ''

2023-09-18 15:35:23 - [MESSAGE][INFO] - Starting 'Chrome' driver

2023-09-18 15:35:23 - [MESSAGE][INFO] - Action delay is set to 0 milliseconds

2023-09-18 15:35:24 - [MESSAGE][PASSED] - Browser is opened with url: ''

2023-09-18 15:35:24 - [TEST_STEP][PASSED] - maximizeWindow(): Current window maximized

2023-09-18 15:35:24 - [MESSAGE][PASSED] - Current window maximized

2023-09-18 15:35:24 - [TEST_STEP][PASSED] - navigateToUrl("https://github.com/"): Navigate to 'https://github.com/' successfully

2023-09-18 15:35:28 - [MESSAGE][PASSED] - Navigate to 'https://github.com/' successfully

2023-09-18 15:35:28 - [TEST_STEP][PASSED] - click(findTestObject("Object Repository/Page_GitHub Lets build from here  GitHub/a_Sign in")): Object: 'Object Repository/Page_GitHub Lets build from here  GitHub/a_Sign in' is clicked on

2023-09-18 15:35:28 - [MESSAGE][PASSED] - Object: 'Object Repository/Page_GitHub Lets build from here  GitHub/a_Sign in' is clicked on

2023-09-18 15:35:28 - [TEST_STEP][PASSED] - verifyElementText(findTestObject("Object Repository/Page_Sign in to GitHub  GitHub/h1_Sign in to GitHub"), "Sign in to GitHub"): Actual text and expected text of test object 'Object Repository/Page_Sign in to GitHub  GitHub/h1_Sign in to GitHub' are matched.

2023-09-18 15:35:30 - [MESSAGE][PASSED] - Actual text and expected text of test object 'Object Repository/Page_Sign in to GitHub  GitHub/h1_Sign in to GitHub' are matched.

2023-09-18 15:35:30 - [TEST_STEP][PASSED] - closeBrowser(): Browser is closed

2023-09-18 15:35:31 - [MESSAGE][PASSED] - Browser is closed]]></system-out>
         <system-err><![CDATA[]]></system-err>
      </testcase>
      <testcase name="Test Cases/Part3/TestCase25" time="8.459" classname="Test Cases/Part3/TestCase25" status="PASSED">
         <system-out><![CDATA[2023-09-18 15:35:31 - [TEST_CASE][PASSED] - Test Cases/Part3/TestCase25: Test Cases/Part3/TestCase25

2023-09-18 15:35:31 - [TEST_STEP][PASSED] - openBrowser(""): Browser is opened with url: ''

2023-09-18 15:35:31 - [MESSAGE][INFO] - Starting 'Chrome' driver

2023-09-18 15:35:31 - [MESSAGE][INFO] - Action delay is set to 0 milliseconds

2023-09-18 15:35:33 - [MESSAGE][PASSED] - Browser is opened with url: ''

2023-09-18 15:35:33 - [TEST_STEP][PASSED] - maximizeWindow(): Current window maximized

2023-09-18 15:35:33 - [MESSAGE][PASSED] - Current window maximized

2023-09-18 15:35:33 - [TEST_STEP][PASSED] - navigateToUrl("https://github.com/"): Navigate to 'https://github.com/' successfully

2023-09-18 15:35:35 - [MESSAGE][PASSED] - Navigate to 'https://github.com/' successfully

2023-09-18 15:35:35 - [TEST_STEP][PASSED] - click(findTestObject("Object Repository/Page_GitHub Lets build from here  GitHub/a_Sign in")): Object: 'Object Repository/Page_GitHub Lets build from here  GitHub/a_Sign in' is clicked on

2023-09-18 15:35:37 - [MESSAGE][PASSED] - Object: 'Object Repository/Page_GitHub Lets build from here  GitHub/a_Sign in' is clicked on

2023-09-18 15:35:37 - [TEST_STEP][PASSED] - verifyElementText(findTestObject("Object Repository/Page_Sign in to GitHub  GitHub/h1_Sign in to GitHub"), "Sign in to GitHub"): Actual text and expected text of test object 'Object Repository/Page_Sign in to GitHub  GitHub/h1_Sign in to GitHub' are matched.

2023-09-18 15:35:39 - [MESSAGE][PASSED] - Actual text and expected text of test object 'Object Repository/Page_Sign in to GitHub  GitHub/h1_Sign in to GitHub' are matched.

2023-09-18 15:35:39 - [TEST_STEP][PASSED] - closeBrowser(): Browser is closed

2023-09-18 15:35:40 - [MESSAGE][PASSED] - Browser is closed]]></system-out>
         <system-err><![CDATA[]]></system-err>
      </testcase>
      <testcase name="Test Cases/Part3/TestCase26" time="8.6" classname="Test Cases/Part3/TestCase26" status="PASSED">
         <system-out><![CDATA[2023-09-18 15:35:40 - [TEST_CASE][PASSED] - Test Cases/Part3/TestCase26: Test Cases/Part3/TestCase26

2023-09-18 15:35:40 - [TEST_STEP][PASSED] - openBrowser(""): Browser is opened with url: ''

2023-09-18 15:35:40 - [MESSAGE][INFO] - Starting 'Chrome' driver

2023-09-18 15:35:40 - [MESSAGE][INFO] - Action delay is set to 0 milliseconds

2023-09-18 15:35:41 - [MESSAGE][PASSED] - Browser is opened with url: ''

2023-09-18 15:35:41 - [TEST_STEP][PASSED] - maximizeWindow(): Current window maximized

2023-09-18 15:35:41 - [MESSAGE][PASSED] - Current window maximized

2023-09-18 15:35:41 - [TEST_STEP][PASSED] - navigateToUrl("https://github.com/"): Navigate to 'https://github.com/' successfully

2023-09-18 15:35:44 - [MESSAGE][PASSED] - Navigate to 'https://github.com/' successfully

2023-09-18 15:35:44 - [TEST_STEP][PASSED] - click(findTestObject("Object Repository/Page_GitHub Lets build from here  GitHub/a_Sign in")): Object: 'Object Repository/Page_GitHub Lets build from here  GitHub/a_Sign in' is clicked on

2023-09-18 15:35:46 - [MESSAGE][PASSED] - Object: 'Object Repository/Page_GitHub Lets build from here  GitHub/a_Sign in' is clicked on

2023-09-18 15:35:46 - [TEST_STEP][PASSED] - verifyElementText(findTestObject("Object Repository/Page_Sign in to GitHub  GitHub/h1_Sign in to GitHub"), "Sign in to GitHub"): Actual text and expected text of test object 'Object Repository/Page_Sign in to GitHub  GitHub/h1_Sign in to GitHub' are matched.

2023-09-18 15:35:47 - [MESSAGE][PASSED] - Actual text and expected text of test object 'Object Repository/Page_Sign in to GitHub  GitHub/h1_Sign in to GitHub' are matched.

2023-09-18 15:35:47 - [TEST_STEP][PASSED] - closeBrowser(): Browser is closed

2023-09-18 15:35:48 - [MESSAGE][PASSED] - Browser is closed]]></system-out>
         <system-err><![CDATA[]]></system-err>
      </testcase>
      <testcase name="Test Cases/Part3/TestCase27" time="8.328" classname="Test Cases/Part3/TestCase27" status="PASSED">
         <system-out><![CDATA[2023-09-18 15:35:48 - [TEST_CASE][PASSED] - Test Cases/Part3/TestCase27: Test Cases/Part3/TestCase27

2023-09-18 15:35:49 - [TEST_STEP][PASSED] - openBrowser(""): Browser is opened with url: ''

2023-09-18 15:35:49 - [MESSAGE][INFO] - Starting 'Chrome' driver

2023-09-18 15:35:49 - [MESSAGE][INFO] - Action delay is set to 0 milliseconds

2023-09-18 15:35:50 - [MESSAGE][PASSED] - Browser is opened with url: ''

2023-09-18 15:35:50 - [TEST_STEP][PASSED] - maximizeWindow(): Current window maximized

2023-09-18 15:35:50 - [MESSAGE][PASSED] - Current window maximized

2023-09-18 15:35:50 - [TEST_STEP][PASSED] - navigateToUrl("https://github.com/"): Navigate to 'https://github.com/' successfully

2023-09-18 15:35:52 - [MESSAGE][PASSED] - Navigate to 'https://github.com/' successfully

2023-09-18 15:35:52 - [TEST_STEP][PASSED] - click(findTestObject("Object Repository/Page_GitHub Lets build from here  GitHub/a_Sign in")): Object: 'Object Repository/Page_GitHub Lets build from here  GitHub/a_Sign in' is clicked on

2023-09-18 15:35:54 - [MESSAGE][PASSED] - Object: 'Object Repository/Page_GitHub Lets build from here  GitHub/a_Sign in' is clicked on

2023-09-18 15:35:54 - [TEST_STEP][PASSED] - verifyElementText(findTestObject("Object Repository/Page_Sign in to GitHub  GitHub/h1_Sign in to GitHub"), "Sign in to GitHub"): Actual text and expected text of test object 'Object Repository/Page_Sign in to GitHub  GitHub/h1_Sign in to GitHub' are matched.

2023-09-18 15:35:56 - [MESSAGE][PASSED] - Actual text and expected text of test object 'Object Repository/Page_Sign in to GitHub  GitHub/h1_Sign in to GitHub' are matched.

2023-09-18 15:35:56 - [TEST_STEP][PASSED] - closeBrowser(): Browser is closed

2023-09-18 15:35:56 - [MESSAGE][PASSED] - Browser is closed]]></system-out>
         <system-err><![CDATA[]]></system-err>
      </testcase>
      <testcase name="Test Cases/Part3/TestCase28" time="8.166" classname="Test Cases/Part3/TestCase28" status="PASSED">
         <system-out><![CDATA[2023-09-18 15:35:56 - [TEST_CASE][PASSED] - Test Cases/Part3/TestCase28: Test Cases/Part3/TestCase28

2023-09-18 15:35:57 - [TEST_STEP][PASSED] - openBrowser(""): Browser is opened with url: ''

2023-09-18 15:35:57 - [MESSAGE][INFO] - Starting 'Chrome' driver

2023-09-18 15:35:57 - [MESSAGE][INFO] - Action delay is set to 0 milliseconds

2023-09-18 15:35:58 - [MESSAGE][PASSED] - Browser is opened with url: ''

2023-09-18 15:35:58 - [TEST_STEP][PASSED] - maximizeWindow(): Current window maximized

2023-09-18 15:35:58 - [MESSAGE][PASSED] - Current window maximized

2023-09-18 15:35:58 - [TEST_STEP][PASSED] - navigateToUrl("https://github.com/"): Navigate to 'https://github.com/' successfully

2023-09-18 15:36:01 - [MESSAGE][PASSED] - Navigate to 'https://github.com/' successfully

2023-09-18 15:36:01 - [TEST_STEP][PASSED] - click(findTestObject("Object Repository/Page_GitHub Lets build from here  GitHub/a_Sign in")): Object: 'Object Repository/Page_GitHub Lets build from here  GitHub/a_Sign in' is clicked on

2023-09-18 15:36:02 - [MESSAGE][PASSED] - Object: 'Object Repository/Page_GitHub Lets build from here  GitHub/a_Sign in' is clicked on

2023-09-18 15:36:02 - [TEST_STEP][PASSED] - verifyElementText(findTestObject("Object Repository/Page_Sign in to GitHub  GitHub/h1_Sign in to GitHub"), "Sign in to GitHub"): Actual text and expected text of test object 'Object Repository/Page_Sign in to GitHub  GitHub/h1_Sign in to GitHub' are matched.

2023-09-18 15:36:04 - [MESSAGE][PASSED] - Actual text and expected text of test object 'Object Repository/Page_Sign in to GitHub  GitHub/h1_Sign in to GitHub' are matched.

2023-09-18 15:36:04 - [TEST_STEP][PASSED] - closeBrowser(): Browser is closed

2023-09-18 15:36:05 - [MESSAGE][PASSED] - Browser is closed]]></system-out>
         <system-err><![CDATA[]]></system-err>
      </testcase>
      <testcase name="Test Cases/Part3/TestCase29" time="8.468" classname="Test Cases/Part3/TestCase29" status="PASSED">
         <system-out><![CDATA[2023-09-18 15:36:05 - [TEST_CASE][PASSED] - Test Cases/Part3/TestCase29: Test Cases/Part3/TestCase29

2023-09-18 15:36:05 - [TEST_STEP][PASSED] - openBrowser(""): Browser is opened with url: ''

2023-09-18 15:36:05 - [MESSAGE][INFO] - Starting 'Chrome' driver

2023-09-18 15:36:05 - [MESSAGE][INFO] - Action delay is set to 0 milliseconds

2023-09-18 15:36:06 - [MESSAGE][PASSED] - Browser is opened with url: ''

2023-09-18 15:36:06 - [TEST_STEP][PASSED] - maximizeWindow(): Current window maximized

2023-09-18 15:36:07 - [MESSAGE][PASSED] - Current window maximized

2023-09-18 15:36:07 - [TEST_STEP][PASSED] - navigateToUrl("https://github.com/"): Navigate to 'https://github.com/' successfully

2023-09-18 15:36:09 - [MESSAGE][PASSED] - Navigate to 'https://github.com/' successfully

2023-09-18 15:36:09 - [TEST_STEP][PASSED] - click(findTestObject("Object Repository/Page_GitHub Lets build from here  GitHub/a_Sign in")): Object: 'Object Repository/Page_GitHub Lets build from here  GitHub/a_Sign in' is clicked on

2023-09-18 15:36:10 - [MESSAGE][PASSED] - Object: 'Object Repository/Page_GitHub Lets build from here  GitHub/a_Sign in' is clicked on

2023-09-18 15:36:10 - [TEST_STEP][PASSED] - verifyElementText(findTestObject("Object Repository/Page_Sign in to GitHub  GitHub/h1_Sign in to GitHub"), "Sign in to GitHub"): Actual text and expected text of test object 'Object Repository/Page_Sign in to GitHub  GitHub/h1_Sign in to GitHub' are matched.

2023-09-18 15:36:12 - [MESSAGE][PASSED] - Actual text and expected text of test object 'Object Repository/Page_Sign in to GitHub  GitHub/h1_Sign in to GitHub' are matched.

2023-09-18 15:36:12 - [TEST_STEP][PASSED] - closeBrowser(): Browser is closed

2023-09-18 15:36:13 - [MESSAGE][PASSED] - Browser is closed]]></system-out>
         <system-err><![CDATA[]]></system-err>
      </testcase>
      <testcase name="Test Cases/Part3/TestCase30" time="7.417" classname="Test Cases/Part3/TestCase30" status="PASSED">
         <system-out><![CDATA[2023-09-18 15:36:13 - [TEST_CASE][PASSED] - Test Cases/Part3/TestCase30: Test Cases/Part3/TestCase30

2023-09-18 15:36:14 - [TEST_STEP][PASSED] - openBrowser(""): Browser is opened with url: ''

2023-09-18 15:36:14 - [MESSAGE][INFO] - Starting 'Chrome' driver

2023-09-18 15:36:14 - [MESSAGE][INFO] - Action delay is set to 0 milliseconds

2023-09-18 15:36:15 - [MESSAGE][PASSED] - Browser is opened with url: ''

2023-09-18 15:36:15 - [TEST_STEP][PASSED] - maximizeWindow(): Current window maximized

2023-09-18 15:36:15 - [MESSAGE][PASSED] - Current window maximized

2023-09-18 15:36:15 - [TEST_STEP][PASSED] - navigateToUrl("https://github.com/"): Navigate to 'https://github.com/' successfully

2023-09-18 15:36:17 - [MESSAGE][PASSED] - Navigate to 'https://github.com/' successfully

2023-09-18 15:36:17 - [TEST_STEP][PASSED] - click(findTestObject("Object Repository/Page_GitHub Lets build from here  GitHub/a_Sign in")): Object: 'Object Repository/Page_GitHub Lets build from here  GitHub/a_Sign in' is clicked on

2023-09-18 15:36:18 - [MESSAGE][PASSED] - Object: 'Object Repository/Page_GitHub Lets build from here  GitHub/a_Sign in' is clicked on

2023-09-18 15:36:18 - [TEST_STEP][PASSED] - verifyElementText(findTestObject("Object Repository/Page_Sign in to GitHub  GitHub/h1_Sign in to GitHub"), "Sign in to GitHub"): Actual text and expected text of test object 'Object Repository/Page_Sign in to GitHub  GitHub/h1_Sign in to GitHub' are matched.

2023-09-18 15:36:20 - [MESSAGE][PASSED] - Actual text and expected text of test object 'Object Repository/Page_Sign in to GitHub  GitHub/h1_Sign in to GitHub' are matched.

2023-09-18 15:36:20 - [TEST_STEP][PASSED] - closeBrowser(): Browser is closed

2023-09-18 15:36:21 - [MESSAGE][PASSED] - Browser is closed]]></system-out>
         <system-err><![CDATA[]]></system-err>
      </testcase>
      <system-out><![CDATA[2023-09-18 15:27:48 - [TEST_SUITE][FAILED] - First Test Suite: Test Cases/Part2/TestCase17 FAILED.
Reason:
com.kms.katalon.core.exception.StepFailedException: Unable to click on object 'Object Repository/Page_GitHub Lets build from here  GitHub/div_Actions'
	at com.kms.katalon.core.webui.keyword.internal.WebUIKeywordMain.stepFailed(WebUIKeywordMain.groovy:64)
	at com.kms.katalon.core.webui.keyword.internal.WebUIKeywordMain.runKeyword(WebUIKeywordMain.groovy:26)
	at com.kms.katalon.core.webui.keyword.builtin.ClickKeyword.click(ClickKeyword.groovy:74)
	at com.kms.katalon.core.webui.keyword.builtin.ClickKeyword.execute(ClickKeyword.groovy:40)
	at com.kms.katalon.core.keyword.internal.KeywordExecutor.executeKeywordForPlatform(KeywordExecutor.groovy:74)
	at com.kms.katalon.core.webui.keyword.WebUiBuiltInKeywords.click(WebUiBuiltInKeywords.groovy:620)
	at com.kms.katalon.core.webui.keyword.WebUiBuiltInKeywords$click$2.call(Unknown Source)
	at TestCase17.run(TestCase17:28)
	at com.kms.katalon.core.main.ScriptEngine.run(ScriptEngine.java:194)
	at com.kms.katalon.core.main.ScriptEngine.runScriptAsRawText(ScriptEngine.java:119)
	at com.kms.katalon.core.main.TestCaseExecutor.runScript(TestCaseExecutor.java:448)
	at com.kms.katalon.core.main.TestCaseExecutor.doExecute(TestCaseExecutor.java:439)
	at com.kms.katalon.core.main.TestCaseExecutor.processExecutionPhase(TestCaseExecutor.java:418)
	at com.kms.katalon.core.main.TestCaseExecutor.accessMainPhase(TestCaseExecutor.java:410)
	at com.kms.katalon.core.main.TestCaseExecutor.execute(TestCaseExecutor.java:285)
	at com.kms.katalon.core.common.CommonExecutor.accessTestCaseMainPhase(CommonExecutor.java:65)
	at com.kms.katalon.core.main.TestSuiteExecutor.accessTestSuiteMainPhase(TestSuiteExecutor.java:148)
	at com.kms.katalon.core.main.TestSuiteExecutor.execute(TestSuiteExecutor.java:106)
	at com.kms.katalon.core.main.TestCaseMain.startTestSuite(TestCaseMain.java:187)
	at com.kms.katalon.core.main.TestCaseMain$startTestSuite$0.call(Unknown Source)
	at TempTestSuite1695031065631.run(TempTestSuite1695031065631.groovy:36)
Caused by: org.openqa.selenium.ElementNotInteractableException: element not interactable
  (Session info: chrome=116.0.5845.188)
Build info: version: '3.141.59', revision: 'e82be7d358', time: '2018-11-14T08:25:53'
System info: host: 'ZIL591', ip: '172.19.128.1', os.name: 'Windows 10', os.arch: 'amd64', os.version: '10.0', java.version: '1.8.0_362'
Driver info: com.kms.katalon.selenium.driver.CChromeDriver
Capabilities {acceptInsecureCerts: false, browserName: chrome, browserVersion: 116.0.5845.188, chrome: {chromedriverVersion: 116.0.5845.96 (1a3918166880..., userDataDir: C:\Users\SACHIN~1.GAJ\AppDa...}, fedcm:accounts: true, goog:chromeOptions: {debuggerAddress: localhost:60356}, javascriptEnabled: true, networkConnectionEnabled: false, pageLoadStrategy: normal, platform: WINDOWS, platformName: WINDOWS, proxy: Proxy(), setWindowRect: true, strictFileInteractability: false, timeouts: {implicit: 0, pageLoad: 300000, script: 30000}, unhandledPromptBehavior: dismiss and notify, webauthn:extension:credBlob: true, webauthn:extension:largeBlob: true, webauthn:extension:minPinLength: true, webauthn:extension:prf: true, webauthn:virtualAuthenticators: true}
Session ID: 7ff53519dac0a7e507c9647db8bacddb
	at org.openqa.selenium.remote.http.W3CHttpResponseCodec.createException(W3CHttpResponseCodec.java:187)
	at org.openqa.selenium.remote.http.W3CHttpResponseCodec.decode(W3CHttpResponseCodec.java:122)
	at org.openqa.selenium.remote.http.W3CHttpResponseCodec.decode(W3CHttpResponseCodec.java:49)
	at org.openqa.selenium.remote.HttpCommandExecutor.execute(HttpCommandExecutor.java:158)
	at org.openqa.selenium.remote.service.DriverCommandExecutor.execute(DriverCommandExecutor.java:83)
	at org.openqa.selenium.remote.RemoteWebDriver.execute(RemoteWebDriver.java:552)
	at com.kms.katalon.selenium.driver.CChromeDriver.execute(CChromeDriver.java:19)
	at org.openqa.selenium.remote.RemoteWebElement.execute(RemoteWebElement.java:285)
	at org.openqa.selenium.remote.RemoteWebElement.click(RemoteWebElement.java:84)
	at org.openqa.selenium.support.events.EventFiringWebDriver$EventFiringWebElement.lambda$new$0(EventFiringWebDriver.java:404)
	at com.sun.proxy.$Proxy11.click(Unknown Source)
	at org.openqa.selenium.support.events.EventFiringWebDriver$EventFiringWebElement.click(EventFiringWebDriver.java:417)
	at org.openqa.selenium.WebElement$click.call(Unknown Source)
	at com.kms.katalon.core.webui.keyword.builtin.ClickKeyword.clickUntilSuccessWithTimeout(ClickKeyword.groovy:81)
	at com.kms.katalon.core.webui.keyword.builtin.ClickKeyword.clickUntilSuccessWithTimeout(ClickKeyword.groovy)
	at com.kms.katalon.core.webui.keyword.builtin.ClickKeyword$_click_closure1.doCall(ClickKeyword.groovy:67)
	at com.kms.katalon.core.webui.keyword.builtin.ClickKeyword$_click_closure1.call(ClickKeyword.groovy)
	at com.kms.katalon.core.webui.keyword.internal.WebUIKeywordMain.runKeyword(WebUIKeywordMain.groovy:20)
	... 19 more]]></system-out>
      <system-err><![CDATA[2023-09-18 15:27:48 - [TEST_SUITE][FAILED] - First Test Suite: Test Cases/Part2/TestCase17 FAILED.
Reason:
com.kms.katalon.core.exception.StepFailedException: Unable to click on object 'Object Repository/Page_GitHub Lets build from here  GitHub/div_Actions'
	at com.kms.katalon.core.webui.keyword.internal.WebUIKeywordMain.stepFailed(WebUIKeywordMain.groovy:64)
	at com.kms.katalon.core.webui.keyword.internal.WebUIKeywordMain.runKeyword(WebUIKeywordMain.groovy:26)
	at com.kms.katalon.core.webui.keyword.builtin.ClickKeyword.click(ClickKeyword.groovy:74)
	at com.kms.katalon.core.webui.keyword.builtin.ClickKeyword.execute(ClickKeyword.groovy:40)
	at com.kms.katalon.core.keyword.internal.KeywordExecutor.executeKeywordForPlatform(KeywordExecutor.groovy:74)
	at com.kms.katalon.core.webui.keyword.WebUiBuiltInKeywords.click(WebUiBuiltInKeywords.groovy:620)
	at com.kms.katalon.core.webui.keyword.WebUiBuiltInKeywords$click$2.call(Unknown Source)
	at TestCase17.run(TestCase17:28)
	at com.kms.katalon.core.main.ScriptEngine.run(ScriptEngine.java:194)
	at com.kms.katalon.core.main.ScriptEngine.runScriptAsRawText(ScriptEngine.java:119)
	at com.kms.katalon.core.main.TestCaseExecutor.runScript(TestCaseExecutor.java:448)
	at com.kms.katalon.core.main.TestCaseExecutor.doExecute(TestCaseExecutor.java:439)
	at com.kms.katalon.core.main.TestCaseExecutor.processExecutionPhase(TestCaseExecutor.java:418)
	at com.kms.katalon.core.main.TestCaseExecutor.accessMainPhase(TestCaseExecutor.java:410)
	at com.kms.katalon.core.main.TestCaseExecutor.execute(TestCaseExecutor.java:285)
	at com.kms.katalon.core.common.CommonExecutor.accessTestCaseMainPhase(CommonExecutor.java:65)
	at com.kms.katalon.core.main.TestSuiteExecutor.accessTestSuiteMainPhase(TestSuiteExecutor.java:148)
	at com.kms.katalon.core.main.TestSuiteExecutor.execute(TestSuiteExecutor.java:106)
	at com.kms.katalon.core.main.TestCaseMain.startTestSuite(TestCaseMain.java:187)
	at com.kms.katalon.core.main.TestCaseMain$startTestSuite$0.call(Unknown Source)
	at TempTestSuite1695031065631.run(TempTestSuite1695031065631.groovy:36)
Caused by: org.openqa.selenium.ElementNotInteractableException: element not interactable
  (Session info: chrome=116.0.5845.188)
Build info: version: '3.141.59', revision: 'e82be7d358', time: '2018-11-14T08:25:53'
System info: host: 'ZIL591', ip: '172.19.128.1', os.name: 'Windows 10', os.arch: 'amd64', os.version: '10.0', java.version: '1.8.0_362'
Driver info: com.kms.katalon.selenium.driver.CChromeDriver
Capabilities {acceptInsecureCerts: false, browserName: chrome, browserVersion: 116.0.5845.188, chrome: {chromedriverVersion: 116.0.5845.96 (1a3918166880..., userDataDir: C:\Users\SACHIN~1.GAJ\AppDa...}, fedcm:accounts: true, goog:chromeOptions: {debuggerAddress: localhost:60356}, javascriptEnabled: true, networkConnectionEnabled: false, pageLoadStrategy: normal, platform: WINDOWS, platformName: WINDOWS, proxy: Proxy(), setWindowRect: true, strictFileInteractability: false, timeouts: {implicit: 0, pageLoad: 300000, script: 30000}, unhandledPromptBehavior: dismiss and notify, webauthn:extension:credBlob: true, webauthn:extension:largeBlob: true, webauthn:extension:minPinLength: true, webauthn:extension:prf: true, webauthn:virtualAuthenticators: true}
Session ID: 7ff53519dac0a7e507c9647db8bacddb
	at org.openqa.selenium.remote.http.W3CHttpResponseCodec.createException(W3CHttpResponseCodec.java:187)
	at org.openqa.selenium.remote.http.W3CHttpResponseCodec.decode(W3CHttpResponseCodec.java:122)
	at org.openqa.selenium.remote.http.W3CHttpResponseCodec.decode(W3CHttpResponseCodec.java:49)
	at org.openqa.selenium.remote.HttpCommandExecutor.execute(HttpCommandExecutor.java:158)
	at org.openqa.selenium.remote.service.DriverCommandExecutor.execute(DriverCommandExecutor.java:83)
	at org.openqa.selenium.remote.RemoteWebDriver.execute(RemoteWebDriver.java:552)
	at com.kms.katalon.selenium.driver.CChromeDriver.execute(CChromeDriver.java:19)
	at org.openqa.selenium.remote.RemoteWebElement.execute(RemoteWebElement.java:285)
	at org.openqa.selenium.remote.RemoteWebElement.click(RemoteWebElement.java:84)
	at org.openqa.selenium.support.events.EventFiringWebDriver$EventFiringWebElement.lambda$new$0(EventFiringWebDriver.java:404)
	at com.sun.proxy.$Proxy11.click(Unknown Source)
	at org.openqa.selenium.support.events.EventFiringWebDriver$EventFiringWebElement.click(EventFiringWebDriver.java:417)
	at org.openqa.selenium.WebElement$click.call(Unknown Source)
	at com.kms.katalon.core.webui.keyword.builtin.ClickKeyword.clickUntilSuccessWithTimeout(ClickKeyword.groovy:81)
	at com.kms.katalon.core.webui.keyword.builtin.ClickKeyword.clickUntilSuccessWithTimeout(ClickKeyword.groovy)
	at com.kms.katalon.core.webui.keyword.builtin.ClickKeyword$_click_closure1.doCall(ClickKeyword.groovy:67)
	at com.kms.katalon.core.webui.keyword.builtin.ClickKeyword$_click_closure1.call(ClickKeyword.groovy)
	at com.kms.katalon.core.webui.keyword.internal.WebUIKeywordMain.runKeyword(WebUIKeywordMain.groovy:20)
	... 19 more]]></system-err>
   </testsuite>
</testsuites>
